<?xml version="1.0" encoding="UTF-8"?>
<robot generator="Robot 5.0.1 (Python 3.9.10 on win32)" generated="20220531 16:49:15.039" rpa="false" schemaversion="3">
<suite id="s1" name="04-Parse-Text-Movie-Final" source="C:\dev\z-work\tta-academy\class\robot-0530\day2\03-test-cases-loop\04-parse-text-movie-final.robot">
<test id="s1-t1" name="TC 1.1" line="13">
<kw name="Step 001 - Movie Input">
<kw name="Open Browser" library="SeleniumLibrary">
<arg>${URL}</arg>
<arg>firefox</arg>
<doc>Opens a new browser instance to the optional ``url``.</doc>
<msg timestamp="20220531 16:49:15.576" level="INFO">Opening browser 'firefox' to base url 'https://www.cgv.co.kr'.</msg>
<msg timestamp="20220531 16:49:15.583" level="INFO">Firefox driver log is always forced to to: C:\dev\z-work\tta-academy\class\robot-0530\day2\03-test-cases-loop\geckodriver-22.log</msg>
<status status="PASS" starttime="20220531 16:49:15.575" endtime="20220531 16:49:38.824"/>
</kw>
<kw name="Get File" library="OperatingSystem">
<var>${contents}</var>
<arg>${FILE}</arg>
<doc>Returns the contents of a specified file.</doc>
<msg timestamp="20220531 16:49:38.826" level="INFO" html="true">Getting file '&lt;a href="file://C:\dev\z-work\tta-academy\class\robot-0530\day2\03-test-cases-loop\movie.txt"&gt;C:\dev\z-work\tta-academy\class\robot-0530\day2\03-test-cases-loop\movie.txt&lt;/a&gt;'.</msg>
<msg timestamp="20220531 16:49:38.827" level="INFO">${contents} = 모가디슈
인질
멀티버스
</msg>
<status status="PASS" starttime="20220531 16:49:38.824" endtime="20220531 16:49:38.827"/>
</kw>
<kw name="Split To Lines" library="String">
<var>@{lines}</var>
<arg>${contents}</arg>
<doc>Splits the given string to lines.</doc>
<msg timestamp="20220531 16:49:38.829" level="INFO">3 lines returned</msg>
<msg timestamp="20220531 16:49:38.829" level="INFO">@{lines} = [ 모가디슈 | 인질 | 멀티버스 ]</msg>
<status status="PASS" starttime="20220531 16:49:38.828" endtime="20220531 16:49:38.829"/>
</kw>
<for flavor="IN">
<var>${line}</var>
<value>@{lines}</value>
<iter>
<var name="${line}">모가디슈</var>
<kw name="Log To Console" library="BuiltIn">
<arg>${line}</arg>
<doc>Logs the given message to the console.</doc>
<status status="PASS" starttime="20220531 16:49:38.831" endtime="20220531 16:49:38.847"/>
</kw>
<kw name="Click Element" library="SeleniumLibrary">
<arg>//*[@id="header_keyword"]</arg>
<doc>Click the element identified by ``locator``.</doc>
<msg timestamp="20220531 16:49:38.850" level="INFO">Clicking element '//*[@id="header_keyword"]'.</msg>
<status status="PASS" starttime="20220531 16:49:38.848" endtime="20220531 16:49:39.471"/>
</kw>
<kw name="Input Text" library="SeleniumLibrary">
<arg>//*[@id="header_keyword"]</arg>
<arg>${line}</arg>
<doc>Types the given ``text`` into the text field identified by ``locator``.</doc>
<msg timestamp="20220531 16:49:39.473" level="INFO">Typing text '모가디슈' into text field '//*[@id="header_keyword"]'.</msg>
<status status="PASS" starttime="20220531 16:49:39.472" endtime="20220531 16:49:39.653"/>
</kw>
<kw name="Press Keys" library="SeleniumLibrary">
<arg>//*[@id="header_keyword"]</arg>
<arg>ENTER</arg>
<doc>Simulates the user pressing key(s) to an element or on the active browser.</doc>
<msg timestamp="20220531 16:49:39.656" level="INFO">Sending key(s) ('ENTER',) to //*[@id="header_keyword"] element.</msg>
<msg timestamp="20220531 16:49:40.192" level="INFO">Pressing special key ENTER to element.</msg>
<msg timestamp="20220531 16:49:40.192" level="INFO">Releasing special key ENTER.</msg>
<status status="PASS" starttime="20220531 16:49:39.654" endtime="20220531 16:49:40.246"/>
</kw>
<kw name="Sleep" library="BuiltIn">
<arg>3s</arg>
<doc>Pauses the test executed for the given time.</doc>
<msg timestamp="20220531 16:49:43.261" level="INFO">Slept 3 seconds</msg>
<status status="PASS" starttime="20220531 16:49:40.247" endtime="20220531 16:49:43.261"/>
</kw>
<kw name="Click Element" library="SeleniumLibrary">
<arg>//*[@alt="${line}"]</arg>
<doc>Click the element identified by ``locator``.</doc>
<msg timestamp="20220531 16:49:43.263" level="INFO">Clicking element '//*[@alt="모가디슈"]'.</msg>
<status status="PASS" starttime="20220531 16:49:43.262" endtime="20220531 16:49:48.005"/>
</kw>
<kw name="Sleep" library="BuiltIn">
<arg>3s</arg>
<doc>Pauses the test executed for the given time.</doc>
<msg timestamp="20220531 16:49:51.011" level="INFO">Slept 3 seconds</msg>
<status status="PASS" starttime="20220531 16:49:48.006" endtime="20220531 16:49:51.011"/>
</kw>
<kw name="Get Text" library="SeleniumLibrary">
<var>${result}</var>
<arg>//*[@id="select_main"]/div[1]/div[2]/div[3]/dl/dd[6]</arg>
<doc>Returns the text value of the element identified by ``locator``.</doc>
<msg timestamp="20220531 16:49:51.056" level="INFO">${result} = 2021.07.28</msg>
<status status="PASS" starttime="20220531 16:49:51.012" endtime="20220531 16:49:51.056"/>
</kw>
<kw name="Log To Console" library="BuiltIn">
<arg>${result}</arg>
<doc>Logs the given message to the console.</doc>
<status status="PASS" starttime="20220531 16:49:51.056" endtime="20220531 16:49:51.059"/>
</kw>
<kw name="Write to file1">
<arg>${line}</arg>
<arg>${result}</arg>
<kw name="Append To File" library="OperatingSystem">
<arg>${PATH}</arg>
<arg>${variable}</arg>
<doc>Appends the given content to the specified file.</doc>
<msg timestamp="20220531 16:49:51.064" level="INFO" html="true">Appended to file '&lt;a href="file://C:\dev\z-work\tta-academy\class\robot-0530\day2\03-test-cases-loop\output.txt"&gt;C:\dev\z-work\tta-academy\class\robot-0530\day2\03-test-cases-loop\output.txt&lt;/a&gt;'.</msg>
<status status="PASS" starttime="20220531 16:49:51.062" endtime="20220531 16:49:51.065"/>
</kw>
<kw name="Append To File" library="OperatingSystem">
<arg>${PATH}</arg>
<arg>${SPACE * 5} ${variable1} ${\n}</arg>
<doc>Appends the given content to the specified file.</doc>
<msg timestamp="20220531 16:49:51.069" level="INFO" html="true">Appended to file '&lt;a href="file://C:\dev\z-work\tta-academy\class\robot-0530\day2\03-test-cases-loop\output.txt"&gt;C:\dev\z-work\tta-academy\class\robot-0530\day2\03-test-cases-loop\output.txt&lt;/a&gt;'.</msg>
<status status="PASS" starttime="20220531 16:49:51.065" endtime="20220531 16:49:51.070"/>
</kw>
<status status="PASS" starttime="20220531 16:49:51.060" endtime="20220531 16:49:51.070"/>
</kw>
<kw name="Sleep" library="BuiltIn">
<arg>1s</arg>
<doc>Pauses the test executed for the given time.</doc>
<msg timestamp="20220531 16:49:52.077" level="INFO">Slept 1 second</msg>
<status status="PASS" starttime="20220531 16:49:51.070" endtime="20220531 16:49:52.077"/>
</kw>
<kw name="Go To" library="SeleniumLibrary">
<arg>${URL}</arg>
<doc>Navigates the current browser window to the provided ``url``.</doc>
<msg timestamp="20220531 16:49:52.078" level="INFO">Opening url 'https://www.cgv.co.kr'</msg>
<status status="PASS" starttime="20220531 16:49:52.077" endtime="20220531 16:49:57.320"/>
</kw>
<status status="PASS" starttime="20220531 16:49:38.830" endtime="20220531 16:49:57.321"/>
</iter>
<iter>
<var name="${line}">인질</var>
<kw name="Log To Console" library="BuiltIn">
<arg>${line}</arg>
<doc>Logs the given message to the console.</doc>
<status status="PASS" starttime="20220531 16:49:57.321" endtime="20220531 16:49:57.323"/>
</kw>
<kw name="Click Element" library="SeleniumLibrary">
<arg>//*[@id="header_keyword"]</arg>
<doc>Click the element identified by ``locator``.</doc>
<msg timestamp="20220531 16:49:57.325" level="INFO">Clicking element '//*[@id="header_keyword"]'.</msg>
<status status="PASS" starttime="20220531 16:49:57.324" endtime="20220531 16:49:57.691"/>
</kw>
<kw name="Input Text" library="SeleniumLibrary">
<arg>//*[@id="header_keyword"]</arg>
<arg>${line}</arg>
<doc>Types the given ``text`` into the text field identified by ``locator``.</doc>
<msg timestamp="20220531 16:49:57.693" level="INFO">Typing text '인질' into text field '//*[@id="header_keyword"]'.</msg>
<status status="PASS" starttime="20220531 16:49:57.691" endtime="20220531 16:49:57.773"/>
</kw>
<kw name="Press Keys" library="SeleniumLibrary">
<arg>//*[@id="header_keyword"]</arg>
<arg>ENTER</arg>
<doc>Simulates the user pressing key(s) to an element or on the active browser.</doc>
<msg timestamp="20220531 16:49:57.775" level="INFO">Sending key(s) ('ENTER',) to //*[@id="header_keyword"] element.</msg>
<msg timestamp="20220531 16:49:58.155" level="INFO">Pressing special key ENTER to element.</msg>
<msg timestamp="20220531 16:49:58.156" level="INFO">Releasing special key ENTER.</msg>
<status status="PASS" starttime="20220531 16:49:57.773" endtime="20220531 16:49:58.212"/>
</kw>
<kw name="Sleep" library="BuiltIn">
<arg>3s</arg>
<doc>Pauses the test executed for the given time.</doc>
<msg timestamp="20220531 16:50:01.222" level="INFO">Slept 3 seconds</msg>
<status status="PASS" starttime="20220531 16:49:58.213" endtime="20220531 16:50:01.222"/>
</kw>
<kw name="Click Element" library="SeleniumLibrary">
<arg>//*[@alt="${line}"]</arg>
<doc>Click the element identified by ``locator``.</doc>
<msg timestamp="20220531 16:50:01.224" level="INFO">Clicking element '//*[@alt="인질"]'.</msg>
<status status="PASS" starttime="20220531 16:50:01.223" endtime="20220531 16:50:05.339"/>
</kw>
<kw name="Sleep" library="BuiltIn">
<arg>3s</arg>
<doc>Pauses the test executed for the given time.</doc>
<msg timestamp="20220531 16:50:08.354" level="INFO">Slept 3 seconds</msg>
<status status="PASS" starttime="20220531 16:50:05.339" endtime="20220531 16:50:08.354"/>
</kw>
<kw name="Get Text" library="SeleniumLibrary">
<var>${result}</var>
<arg>//*[@id="select_main"]/div[1]/div[2]/div[3]/dl/dd[6]</arg>
<doc>Returns the text value of the element identified by ``locator``.</doc>
<msg timestamp="20220531 16:50:08.376" level="INFO">${result} = 2021.08.18</msg>
<status status="PASS" starttime="20220531 16:50:08.355" endtime="20220531 16:50:08.376"/>
</kw>
<kw name="Log To Console" library="BuiltIn">
<arg>${result}</arg>
<doc>Logs the given message to the console.</doc>
<status status="PASS" starttime="20220531 16:50:08.376" endtime="20220531 16:50:08.377"/>
</kw>
<kw name="Write to file1">
<arg>${line}</arg>
<arg>${result}</arg>
<kw name="Append To File" library="OperatingSystem">
<arg>${PATH}</arg>
<arg>${variable}</arg>
<doc>Appends the given content to the specified file.</doc>
<msg timestamp="20220531 16:50:08.379" level="INFO" html="true">Appended to file '&lt;a href="file://C:\dev\z-work\tta-academy\class\robot-0530\day2\03-test-cases-loop\output.txt"&gt;C:\dev\z-work\tta-academy\class\robot-0530\day2\03-test-cases-loop\output.txt&lt;/a&gt;'.</msg>
<status status="PASS" starttime="20220531 16:50:08.378" endtime="20220531 16:50:08.379"/>
</kw>
<kw name="Append To File" library="OperatingSystem">
<arg>${PATH}</arg>
<arg>${SPACE * 5} ${variable1} ${\n}</arg>
<doc>Appends the given content to the specified file.</doc>
<msg timestamp="20220531 16:50:08.381" level="INFO" html="true">Appended to file '&lt;a href="file://C:\dev\z-work\tta-academy\class\robot-0530\day2\03-test-cases-loop\output.txt"&gt;C:\dev\z-work\tta-academy\class\robot-0530\day2\03-test-cases-loop\output.txt&lt;/a&gt;'.</msg>
<status status="PASS" starttime="20220531 16:50:08.379" endtime="20220531 16:50:08.381"/>
</kw>
<status status="PASS" starttime="20220531 16:50:08.377" endtime="20220531 16:50:08.381"/>
</kw>
<kw name="Sleep" library="BuiltIn">
<arg>1s</arg>
<doc>Pauses the test executed for the given time.</doc>
<msg timestamp="20220531 16:50:09.394" level="INFO">Slept 1 second</msg>
<status status="PASS" starttime="20220531 16:50:08.381" endtime="20220531 16:50:09.394"/>
</kw>
<kw name="Go To" library="SeleniumLibrary">
<arg>${URL}</arg>
<doc>Navigates the current browser window to the provided ``url``.</doc>
<msg timestamp="20220531 16:50:09.394" level="INFO">Opening url 'https://www.cgv.co.kr'</msg>
<status status="PASS" starttime="20220531 16:50:09.394" endtime="20220531 16:50:12.710"/>
</kw>
<status status="PASS" starttime="20220531 16:49:57.321" endtime="20220531 16:50:12.710"/>
</iter>
<iter>
<var name="${line}">멀티버스</var>
<kw name="Log To Console" library="BuiltIn">
<arg>${line}</arg>
<doc>Logs the given message to the console.</doc>
<status status="PASS" starttime="20220531 16:50:12.711" endtime="20220531 16:50:12.719"/>
</kw>
<kw name="Click Element" library="SeleniumLibrary">
<arg>//*[@id="header_keyword"]</arg>
<doc>Click the element identified by ``locator``.</doc>
<msg timestamp="20220531 16:50:12.721" level="INFO">Clicking element '//*[@id="header_keyword"]'.</msg>
<status status="PASS" starttime="20220531 16:50:12.719" endtime="20220531 16:50:13.155"/>
</kw>
<kw name="Input Text" library="SeleniumLibrary">
<arg>//*[@id="header_keyword"]</arg>
<arg>${line}</arg>
<doc>Types the given ``text`` into the text field identified by ``locator``.</doc>
<msg timestamp="20220531 16:50:13.156" level="INFO">Typing text '멀티버스' into text field '//*[@id="header_keyword"]'.</msg>
<status status="PASS" starttime="20220531 16:50:13.155" endtime="20220531 16:50:13.271"/>
</kw>
<kw name="Press Keys" library="SeleniumLibrary">
<arg>//*[@id="header_keyword"]</arg>
<arg>ENTER</arg>
<doc>Simulates the user pressing key(s) to an element or on the active browser.</doc>
<msg timestamp="20220531 16:50:13.273" level="INFO">Sending key(s) ('ENTER',) to //*[@id="header_keyword"] element.</msg>
<msg timestamp="20220531 16:50:13.604" level="INFO">Pressing special key ENTER to element.</msg>
<msg timestamp="20220531 16:50:13.604" level="INFO">Releasing special key ENTER.</msg>
<status status="PASS" starttime="20220531 16:50:13.272" endtime="20220531 16:50:13.656"/>
</kw>
<kw name="Sleep" library="BuiltIn">
<arg>3s</arg>
<doc>Pauses the test executed for the given time.</doc>
<msg timestamp="20220531 16:50:16.661" level="INFO">Slept 3 seconds</msg>
<status status="PASS" starttime="20220531 16:50:13.657" endtime="20220531 16:50:16.661"/>
</kw>
<kw name="Click Element" library="SeleniumLibrary">
<arg>//*[@alt="${line}"]</arg>
<doc>Click the element identified by ``locator``.</doc>
<msg timestamp="20220531 16:50:16.664" level="INFO">Clicking element '//*[@alt="멀티버스"]'.</msg>
<kw name="Capture Page Screenshot" library="SeleniumLibrary">
<doc>Takes a screenshot of the current page and embeds it into a log file.</doc>
<msg timestamp="20220531 16:50:17.327" level="INFO" html="true">&lt;/td&gt;&lt;/tr&gt;&lt;tr&gt;&lt;td colspan="3"&gt;&lt;a href="selenium-screenshot-17.png"&gt;&lt;img src="selenium-screenshot-17.png" width="800px"&gt;&lt;/a&gt;</msg>
<status status="PASS" starttime="20220531 16:50:16.886" endtime="20220531 16:50:17.327"/>
</kw>
<msg timestamp="20220531 16:50:17.330" level="FAIL">Element with locator '//*[@alt="멀티버스"]' not found.</msg>
<status status="FAIL" starttime="20220531 16:50:16.662" endtime="20220531 16:50:17.337"/>
</kw>
<kw name="Sleep" library="BuiltIn">
<arg>3s</arg>
<doc>Pauses the test executed for the given time.</doc>
<status status="NOT RUN" starttime="20220531 16:50:17.339" endtime="20220531 16:50:17.339"/>
</kw>
<kw name="Get Text" library="SeleniumLibrary">
<var>${result}</var>
<arg>//*[@id="select_main"]/div[1]/div[2]/div[3]/dl/dd[6]</arg>
<doc>Returns the text value of the element identified by ``locator``.</doc>
<status status="NOT RUN" starttime="20220531 16:50:17.339" endtime="20220531 16:50:17.340"/>
</kw>
<kw name="Log To Console" library="BuiltIn">
<arg>${result}</arg>
<doc>Logs the given message to the console.</doc>
<status status="NOT RUN" starttime="20220531 16:50:17.340" endtime="20220531 16:50:17.340"/>
</kw>
<kw name="Write to file1">
<arg>${line}</arg>
<arg>${result}</arg>
<status status="NOT RUN" starttime="20220531 16:50:17.341" endtime="20220531 16:50:17.341"/>
</kw>
<kw name="Sleep" library="BuiltIn">
<arg>1s</arg>
<doc>Pauses the test executed for the given time.</doc>
<status status="NOT RUN" starttime="20220531 16:50:17.341" endtime="20220531 16:50:17.341"/>
</kw>
<kw name="Go To" library="SeleniumLibrary">
<arg>${URL}</arg>
<doc>Navigates the current browser window to the provided ``url``.</doc>
<status status="NOT RUN" starttime="20220531 16:50:17.342" endtime="20220531 16:50:17.342"/>
</kw>
<status status="FAIL" starttime="20220531 16:50:12.711" endtime="20220531 16:50:17.342"/>
</iter>
<status status="FAIL" starttime="20220531 16:49:38.830" endtime="20220531 16:50:17.344"/>
</for>
<kw name="Close Browser" library="SeleniumLibrary">
<doc>Closes the current browser.</doc>
<status status="NOT RUN" starttime="20220531 16:50:17.345" endtime="20220531 16:50:17.345"/>
</kw>
<status status="FAIL" starttime="20220531 16:49:15.574" endtime="20220531 16:50:17.347"/>
</kw>
<status status="FAIL" starttime="20220531 16:49:15.572" endtime="20220531 16:50:17.350">Element with locator '//*[@alt="멀티버스"]' not found.</status>
</test>
<status status="FAIL" starttime="20220531 16:49:15.042" endtime="20220531 16:50:17.357"/>
</suite>
<statistics>
<total>
<stat pass="0" fail="1" skip="0">All Tests</stat>
</total>
<tag>
</tag>
<suite>
<stat pass="0" fail="1" skip="0" id="s1" name="04-Parse-Text-Movie-Final">04-Parse-Text-Movie-Final</stat>
</suite>
</statistics>
<errors>
</errors>
</robot>
