<?xml version="1.0" encoding="UTF-8"?>
<robot generator="Robot 6.0.2 (Python 3.8.10 on linux)" generated="20230224 14:47:06.221" rpa="false" schemaversion="3">
<suite id="s1" name="Valid Login-Test-Loop" source="/home/henry/robot/day1/40/webdemo/valid_login-test-loop.robot">
<kw name="Open Browser To Login Page" library="resource" type="SETUP">
<kw name="Open Browser" library="SeleniumLibrary">
<arg>${LOGIN URL}</arg>
<arg>${BROWSER}</arg>
<doc>Opens a new browser instance to the optional ``url``.</doc>
<msg timestamp="20230224 14:47:06.403" level="INFO">Opening browser 'Firefox' to base url 'http://localhost:7272/'.</msg>
<msg timestamp="20230224 14:47:06.404" level="INFO">Firefox driver log is always forced to to: /home/henry/robot/day1/40/webdemo/geckodriver-16.log</msg>
<status status="PASS" starttime="20230224 14:47:06.403" endtime="20230224 14:47:10.571"/>
</kw>
<kw name="Maximize Browser Window" library="SeleniumLibrary">
<doc>Maximizes current browser window.</doc>
<status status="PASS" starttime="20230224 14:47:10.572" endtime="20230224 14:47:10.865"/>
</kw>
<kw name="Set Selenium Speed" library="SeleniumLibrary">
<arg>${DELAY}</arg>
<doc>Sets the delay that is waited after each Selenium command.</doc>
<status status="PASS" starttime="20230224 14:47:10.866" endtime="20230224 14:47:10.869"/>
</kw>
<kw name="Login Page Should Be Open" library="resource">
<kw name="Title Should Be" library="SeleniumLibrary">
<arg>Login Page</arg>
<doc>Verifies that the current page title equals ``title``.</doc>
<msg timestamp="20230224 14:47:10.880" level="INFO">Page title is 'Login Page'.</msg>
<status status="PASS" starttime="20230224 14:47:10.873" endtime="20230224 14:47:10.880"/>
</kw>
<status status="PASS" starttime="20230224 14:47:10.869" endtime="20230224 14:47:10.881"/>
</kw>
<status status="PASS" starttime="20230224 14:47:06.402" endtime="20230224 14:47:10.881"/>
</kw>
<test id="s1-t1" name="TC 1.1 Valide" line="10">
<kw name="Go To" library="SeleniumLibrary" type="SETUP">
<arg>http://localhost:7272/</arg>
<doc>Navigates the current browser window to the provided ``url``.</doc>
<msg timestamp="20230224 14:47:10.886" level="INFO">Opening url 'http://localhost:7272/'</msg>
<status status="PASS" starttime="20230224 14:47:10.885" endtime="20230224 14:47:11.141"/>
</kw>
<for flavor="IN RANGE">
<var>${index}</var>
<value>3</value>
<iter>
<var name="${index}">0</var>
<kw name="Invalid Login Action">
<kw name="Input Login Data with Two Args And Then Click" library="resource">
<arg>${USER1}</arg>
<arg>${PASS1}</arg>
<kw name="Input Text" library="SeleniumLibrary">
<arg>username_field</arg>
<arg>${user}</arg>
<doc>Types the given ``text`` into the text field identified by ``locator``.</doc>
<msg timestamp="20230224 14:47:11.173" level="INFO">Typing text 'demo' into text field 'username_field'.</msg>
<status status="PASS" starttime="20230224 14:47:11.161" endtime="20230224 14:47:11.454"/>
</kw>
<kw name="Input Text" library="SeleniumLibrary">
<arg>password_field</arg>
<arg>${pass}</arg>
<doc>Types the given ``text`` into the text field identified by ``locator``.</doc>
<msg timestamp="20230224 14:47:11.455" level="INFO">Typing text 'mode' into text field 'password_field'.</msg>
<status status="PASS" starttime="20230224 14:47:11.454" endtime="20230224 14:47:11.699"/>
</kw>
<kw name="Click Button" library="SeleniumLibrary">
<arg>login_button</arg>
<doc>Clicks the button identified by ``locator``.</doc>
<msg timestamp="20230224 14:47:11.699" level="INFO">Clicking button 'login_button'.</msg>
<status status="PASS" starttime="20230224 14:47:11.699" endtime="20230224 14:47:11.914"/>
</kw>
<status status="PASS" starttime="20230224 14:47:11.159" endtime="20230224 14:47:11.915"/>
</kw>
<kw name="Location Should Be" library="SeleniumLibrary">
<arg>http://localhost:7272/welcome.html</arg>
<doc>Verifies that the current URL is exactly ``url``.</doc>
<msg timestamp="20230224 14:47:11.923" level="INFO">Current location is 'http://localhost:7272/welcome.html'.</msg>
<status status="PASS" starttime="20230224 14:47:11.915" endtime="20230224 14:47:11.923"/>
</kw>
<kw name="Title Should Be" library="SeleniumLibrary">
<arg>Welcome Page</arg>
<doc>Verifies that the current page title equals ``title``.</doc>
<msg timestamp="20230224 14:47:11.940" level="INFO">Page title is 'Welcome Page'.</msg>
<status status="PASS" starttime="20230224 14:47:11.923" endtime="20230224 14:47:11.940"/>
</kw>
<kw name="Go To" library="SeleniumLibrary">
<arg>http://localhost:7272/</arg>
<doc>Navigates the current browser window to the provided ``url``.</doc>
<msg timestamp="20230224 14:47:11.941" level="INFO">Opening url 'http://localhost:7272/'</msg>
<status status="PASS" starttime="20230224 14:47:11.940" endtime="20230224 14:47:12.308"/>
</kw>
<status status="PASS" starttime="20230224 14:47:11.142" endtime="20230224 14:47:12.312"/>
</kw>
<status status="PASS" starttime="20230224 14:47:11.141" endtime="20230224 14:47:12.313"/>
</iter>
<iter>
<var name="${index}">1</var>
<kw name="Invalid Login Action">
<kw name="Input Login Data with Two Args And Then Click" library="resource">
<arg>${USER1}</arg>
<arg>${PASS1}</arg>
<kw name="Input Text" library="SeleniumLibrary">
<arg>username_field</arg>
<arg>${user}</arg>
<doc>Types the given ``text`` into the text field identified by ``locator``.</doc>
<msg timestamp="20230224 14:47:12.338" level="INFO">Typing text 'demo' into text field 'username_field'.</msg>
<status status="PASS" starttime="20230224 14:47:12.331" endtime="20230224 14:47:12.400"/>
</kw>
<kw name="Input Text" library="SeleniumLibrary">
<arg>password_field</arg>
<arg>${pass}</arg>
<doc>Types the given ``text`` into the text field identified by ``locator``.</doc>
<msg timestamp="20230224 14:47:12.401" level="INFO">Typing text 'mode' into text field 'password_field'.</msg>
<status status="PASS" starttime="20230224 14:47:12.400" endtime="20230224 14:47:12.421"/>
</kw>
<kw name="Click Button" library="SeleniumLibrary">
<arg>login_button</arg>
<doc>Clicks the button identified by ``locator``.</doc>
<msg timestamp="20230224 14:47:12.422" level="INFO">Clicking button 'login_button'.</msg>
<status status="PASS" starttime="20230224 14:47:12.422" endtime="20230224 14:47:12.548"/>
</kw>
<status status="PASS" starttime="20230224 14:47:12.327" endtime="20230224 14:47:12.550"/>
</kw>
<kw name="Location Should Be" library="SeleniumLibrary">
<arg>http://localhost:7272/welcome.html</arg>
<doc>Verifies that the current URL is exactly ``url``.</doc>
<msg timestamp="20230224 14:47:12.573" level="INFO">Current location is 'http://localhost:7272/welcome.html'.</msg>
<status status="PASS" starttime="20230224 14:47:12.551" endtime="20230224 14:47:12.573"/>
</kw>
<kw name="Title Should Be" library="SeleniumLibrary">
<arg>Welcome Page</arg>
<doc>Verifies that the current page title equals ``title``.</doc>
<msg timestamp="20230224 14:47:12.576" level="INFO">Page title is 'Welcome Page'.</msg>
<status status="PASS" starttime="20230224 14:47:12.573" endtime="20230224 14:47:12.577"/>
</kw>
<kw name="Go To" library="SeleniumLibrary">
<arg>http://localhost:7272/</arg>
<doc>Navigates the current browser window to the provided ``url``.</doc>
<msg timestamp="20230224 14:47:12.578" level="INFO">Opening url 'http://localhost:7272/'</msg>
<status status="PASS" starttime="20230224 14:47:12.577" endtime="20230224 14:47:12.724"/>
</kw>
<status status="PASS" starttime="20230224 14:47:12.316" endtime="20230224 14:47:12.724"/>
</kw>
<status status="PASS" starttime="20230224 14:47:12.313" endtime="20230224 14:47:12.724"/>
</iter>
<iter>
<var name="${index}">2</var>
<kw name="Invalid Login Action">
<kw name="Input Login Data with Two Args And Then Click" library="resource">
<arg>${USER1}</arg>
<arg>${PASS1}</arg>
<kw name="Input Text" library="SeleniumLibrary">
<arg>username_field</arg>
<arg>${user}</arg>
<doc>Types the given ``text`` into the text field identified by ``locator``.</doc>
<msg timestamp="20230224 14:47:12.728" level="INFO">Typing text 'demo' into text field 'username_field'.</msg>
<status status="PASS" starttime="20230224 14:47:12.726" endtime="20230224 14:47:12.813"/>
</kw>
<kw name="Input Text" library="SeleniumLibrary">
<arg>password_field</arg>
<arg>${pass}</arg>
<doc>Types the given ``text`` into the text field identified by ``locator``.</doc>
<msg timestamp="20230224 14:47:12.815" level="INFO">Typing text 'mode' into text field 'password_field'.</msg>
<status status="PASS" starttime="20230224 14:47:12.813" endtime="20230224 14:47:12.897"/>
</kw>
<kw name="Click Button" library="SeleniumLibrary">
<arg>login_button</arg>
<doc>Clicks the button identified by ``locator``.</doc>
<msg timestamp="20230224 14:47:12.898" level="INFO">Clicking button 'login_button'.</msg>
<status status="PASS" starttime="20230224 14:47:12.898" endtime="20230224 14:47:13.083"/>
</kw>
<status status="PASS" starttime="20230224 14:47:12.725" endtime="20230224 14:47:13.084"/>
</kw>
<kw name="Location Should Be" library="SeleniumLibrary">
<arg>http://localhost:7272/welcome.html</arg>
<doc>Verifies that the current URL is exactly ``url``.</doc>
<msg timestamp="20230224 14:47:13.090" level="INFO">Current location is 'http://localhost:7272/welcome.html'.</msg>
<status status="PASS" starttime="20230224 14:47:13.084" endtime="20230224 14:47:13.090"/>
</kw>
<kw name="Title Should Be" library="SeleniumLibrary">
<arg>Welcome Page</arg>
<doc>Verifies that the current page title equals ``title``.</doc>
<msg timestamp="20230224 14:47:13.093" level="INFO">Page title is 'Welcome Page'.</msg>
<status status="PASS" starttime="20230224 14:47:13.091" endtime="20230224 14:47:13.093"/>
</kw>
<kw name="Go To" library="SeleniumLibrary">
<arg>http://localhost:7272/</arg>
<doc>Navigates the current browser window to the provided ``url``.</doc>
<msg timestamp="20230224 14:47:13.093" level="INFO">Opening url 'http://localhost:7272/'</msg>
<status status="PASS" starttime="20230224 14:47:13.093" endtime="20230224 14:47:13.327"/>
</kw>
<status status="PASS" starttime="20230224 14:47:12.725" endtime="20230224 14:47:13.327"/>
</kw>
<status status="PASS" starttime="20230224 14:47:12.724" endtime="20230224 14:47:13.327"/>
</iter>
<status status="PASS" starttime="20230224 14:47:11.141" endtime="20230224 14:47:13.327"/>
</for>
<status status="PASS" starttime="20230224 14:47:10.882" endtime="20230224 14:47:13.328"/>
</test>
<kw name="Go To" library="SeleniumLibrary" type="TEARDOWN">
<arg>http://localhost:7272/</arg>
<doc>Navigates the current browser window to the provided ``url``.</doc>
<msg timestamp="20230224 14:47:13.340" level="INFO">Opening url 'http://localhost:7272/'</msg>
<status status="PASS" starttime="20230224 14:47:13.340" endtime="20230224 14:47:13.496"/>
</kw>
<doc>A test suite with a single test for valid login.</doc>
<status status="PASS" starttime="20230224 14:47:06.223" endtime="20230224 14:47:13.498"/>
</suite>
<statistics>
<total>
<stat pass="1" fail="0" skip="0">All Tests</stat>
</total>
<tag>
</tag>
<suite>
<stat pass="1" fail="0" skip="0" id="s1" name="Valid Login-Test-Loop">Valid Login-Test-Loop</stat>
</suite>
</statistics>
<errors>
</errors>
</robot>
