<?xml version="1.0" encoding="UTF-8"?>
<robot generator="Robot 5.0.1 (Python 3.9.10 on win32)" generated="20220531 14:28:13.079" rpa="false" schemaversion="3">
<suite id="s1" name="05-Todo-Test" source="C:\dev\z-work\tta-academy\class\robot-0530\day2\05-todo-test">
<suite id="s1-s1" name="Project9-Tags" source="C:\dev\z-work\tta-academy\class\robot-0530\day2\05-todo-test\project9-tags.robot">
<kw name="Open Browser" library="SeleniumLibrary" type="SETUP">
<arg>${url}</arg>
<arg>chrome</arg>
<doc>Opens a new browser instance to the optional ``url``.</doc>
<msg timestamp="20220531 14:28:13.560" level="INFO">Opening browser 'chrome' to base url 'http://todomvc.com/examples/vue/'.</msg>
<status status="PASS" starttime="20220531 14:28:13.559" endtime="20220531 14:28:19.077"/>
</kw>
<test id="s1-s1-t1" name="TC1" line="11">
<kw name="Log To Console" library="BuiltIn" type="SETUP">
<arg>${\n}Test Case Started</arg>
<doc>Logs the given message to the console.</doc>
<status status="PASS" starttime="20220531 14:28:19.090" endtime="20220531 14:28:19.106"/>
</kw>
<kw name="Input Todos 3 Items">
<kw name="Input Text" library="SeleniumLibrary">
<arg>css=input.new-todo</arg>
<arg>${todos}[todo1]</arg>
<doc>Types the given ``text`` into the text field identified by ``locator``.</doc>
<msg timestamp="20220531 14:28:19.111" level="INFO">Typing text 'todo 1' into text field 'css=input.new-todo'.</msg>
<status status="PASS" starttime="20220531 14:28:19.109" endtime="20220531 14:28:20.018"/>
</kw>
<kw name="Press Keys" library="SeleniumLibrary">
<arg>css=input.new-todo</arg>
<arg>ENTER</arg>
<doc>Simulates the user pressing key(s) to an element or on the active browser.</doc>
<msg timestamp="20220531 14:28:20.020" level="INFO">Sending key(s) ('ENTER',) to css=input.new-todo element.</msg>
<msg timestamp="20220531 14:28:20.365" level="INFO">Pressing special key ENTER to element.</msg>
<msg timestamp="20220531 14:28:20.366" level="INFO">Releasing special key ENTER.</msg>
<status status="PASS" starttime="20220531 14:28:20.018" endtime="20220531 14:28:20.459"/>
</kw>
<kw name="Input Text" library="SeleniumLibrary">
<arg>css=input.new-todo</arg>
<arg>${todos}[todo2]</arg>
<doc>Types the given ``text`` into the text field identified by ``locator``.</doc>
<msg timestamp="20220531 14:28:20.460" level="INFO">Typing text 'todo 2' into text field 'css=input.new-todo'.</msg>
<status status="PASS" starttime="20220531 14:28:20.459" endtime="20220531 14:28:20.650"/>
</kw>
<kw name="Press Keys" library="SeleniumLibrary">
<arg>css=input.new-todo</arg>
<arg>ENTER</arg>
<doc>Simulates the user pressing key(s) to an element or on the active browser.</doc>
<msg timestamp="20220531 14:28:20.652" level="INFO">Sending key(s) ('ENTER',) to css=input.new-todo element.</msg>
<msg timestamp="20220531 14:28:20.964" level="INFO">Pressing special key ENTER to element.</msg>
<msg timestamp="20220531 14:28:20.964" level="INFO">Releasing special key ENTER.</msg>
<status status="PASS" starttime="20220531 14:28:20.651" endtime="20220531 14:28:20.985"/>
</kw>
<kw name="Input Text" library="SeleniumLibrary">
<arg>css=input.new-todo</arg>
<arg>${todos}[todo3]</arg>
<doc>Types the given ``text`` into the text field identified by ``locator``.</doc>
<msg timestamp="20220531 14:28:20.987" level="INFO">Typing text 'todo 3' into text field 'css=input.new-todo'.</msg>
<status status="PASS" starttime="20220531 14:28:20.986" endtime="20220531 14:28:21.135"/>
</kw>
<kw name="Press Keys" library="SeleniumLibrary">
<arg>css=input.new-todo</arg>
<arg>ENTER</arg>
<doc>Simulates the user pressing key(s) to an element or on the active browser.</doc>
<msg timestamp="20220531 14:28:21.138" level="INFO">Sending key(s) ('ENTER',) to css=input.new-todo element.</msg>
<msg timestamp="20220531 14:28:21.444" level="INFO">Pressing special key ENTER to element.</msg>
<msg timestamp="20220531 14:28:21.445" level="INFO">Releasing special key ENTER.</msg>
<status status="PASS" starttime="20220531 14:28:21.136" endtime="20220531 14:28:21.463"/>
</kw>
<status status="PASS" starttime="20220531 14:28:19.108" endtime="20220531 14:28:21.463"/>
</kw>
<kw name="Log To Console" library="BuiltIn" type="TEARDOWN">
<arg>Test Case Ended</arg>
<doc>Logs the given message to the console.</doc>
<status status="PASS" starttime="20220531 14:28:21.465" endtime="20220531 14:28:21.467"/>
</kw>
<tag>Tag1</tag>
<status status="PASS" starttime="20220531 14:28:19.079" endtime="20220531 14:28:21.468"/>
</test>
<kw name="Close and Log" type="TEARDOWN">
<kw name="Close Browser" library="SeleniumLibrary">
<doc>Closes the current browser.</doc>
<status status="PASS" starttime="20220531 14:28:21.473" endtime="20220531 14:28:24.246"/>
</kw>
<kw name="Log To Console" library="BuiltIn">
<arg>%{username} - %{os}</arg>
<doc>Logs the given message to the console.</doc>
<status status="PASS" starttime="20220531 14:28:24.247" endtime="20220531 14:28:24.248"/>
</kw>
<kw name="Log To Console" library="BuiltIn">
<arg>Complete Successfully - chrome</arg>
<doc>Logs the given message to the console.</doc>
<status status="PASS" starttime="20220531 14:28:24.248" endtime="20220531 14:28:24.248"/>
</kw>
<status status="PASS" starttime="20220531 14:28:21.472" endtime="20220531 14:28:24.248"/>
</kw>
<status status="PASS" starttime="20220531 14:28:13.134" endtime="20220531 14:28:24.248"/>
</suite>
<status status="PASS" starttime="20220531 14:28:13.082" endtime="20220531 14:28:24.252"/>
</suite>
<statistics>
<total>
<stat pass="1" fail="0" skip="0">All Tests</stat>
</total>
<tag>
<stat pass="1" fail="0" skip="0">Tag1</stat>
</tag>
<suite>
<stat pass="1" fail="0" skip="0" id="s1" name="05-Todo-Test">05-Todo-Test</stat>
<stat pass="1" fail="0" skip="0" id="s1-s1" name="Project9-Tags">05-Todo-Test.Project9-Tags</stat>
</suite>
</statistics>
<errors>
</errors>
</robot>
