<?xml version="1.0" encoding="UTF-8"?>
<robot generator="Robot 6.0.2 (Python 3.8.10 on linux)" generated="20230223 21:48:26.902" rpa="false" schemaversion="3">
<suite id="s1" name="40-Ssh" source="/home/henry/robot/40-ssh.robot">
<test id="s1-t1" name="SSH Test Example" line="11">
<kw name="Open Connection" library="SSHLibrary">
<arg>${HOSTNAME}</arg>
<doc>Opens a new SSH connection to the given ``host`` and ``port``.</doc>
<status status="PASS" starttime="20230223 21:48:27.028" endtime="20230223 21:48:27.029"/>
</kw>
<kw name="Login" library="SSHLibrary">
<arg>${USERNAME}</arg>
<arg>${PASSWORD}</arg>
<doc>Logs into the SSH server with the given ``username`` and ``password``.</doc>
<msg timestamp="20230223 21:48:27.029" level="INFO">Logging into '192.168.200.196:22' as 'henry'.</msg>
<msg timestamp="20230223 21:48:28.837" level="INFO">Read output: Welcome to Ubuntu 20.04.4 LTS (GNU/Linux 5.4.0-122-generic x86_64)

 * Documentation:  https://help.ubuntu.com
 * Management:     https://landscape.canonical.com
 * Support:        https://ubuntu.com/advantage

  System information as of Thu 23 Feb 2023 12:48:27 PM UTC

  System load:  0.0               Processes:               124
  Usage of /:   42.1% of 8.87GB   Users logged in:         1
  Memory usage: 5%                IPv4 address for enp0s3: 192.168.200.196
  Swap usage:   0%                IPv4 address for enp0s8: 192.168.56.101

 * Strictly confined Kubernetes makes edge and IoT secure. Learn how MicroK8s
   just raised the bar for easy, resilient and secure K8s cluster deployment.

   https://ubuntu.com/engage/secure-kubernetes-at-the-edge

149 updates can be applied immediately.
86 of these updates are standard security updates.
To see these additional updates run: apt list --upgradable


The list of available updates is more than a week old.
To check for new updates run: sudo apt update
New release '22.04.1 LTS' available.
Run 'do-release-upgrade' to upgrade to it.


Last login: Thu Feb 23 12:45:57 2023 from 192.168.200.157
henry@henrymoon:~$</msg>
<status status="PASS" starttime="20230223 21:48:27.029" endtime="20230223 21:48:28.838"/>
</kw>
<kw name="Execute Command" library="SSHLibrary">
<var>${output}</var>
<arg>${COMMAND}</arg>
<doc>Executes ``command`` on the remote machine and returns its outputs.</doc>
<msg timestamp="20230223 21:48:28.839" level="INFO">Executing command 'ls'.</msg>
<msg timestamp="20230223 21:48:28.857" level="INFO">Command exited with return code 0.</msg>
<msg timestamp="20230223 21:48:28.857" level="INFO">${output} = saucedemo</msg>
<status status="PASS" starttime="20230223 21:48:28.839" endtime="20230223 21:48:28.857"/>
</kw>
<kw name="Log To Console" library="BuiltIn">
<arg>${output}</arg>
<doc>Logs the given message to the console.</doc>
<status status="PASS" starttime="20230223 21:48:28.858" endtime="20230223 21:48:28.859"/>
</kw>
<kw name="Close Connection" library="SSHLibrary">
<doc>Closes the current connection.</doc>
<status status="PASS" starttime="20230223 21:48:28.859" endtime="20230223 21:48:28.861"/>
</kw>
<status status="PASS" starttime="20230223 21:48:27.027" endtime="20230223 21:48:28.861"/>
</test>
<status status="PASS" starttime="20230223 21:48:26.903" endtime="20230223 21:48:28.863"/>
</suite>
<statistics>
<total>
<stat pass="1" fail="0" skip="0">All Tests</stat>
</total>
<tag>
</tag>
<suite>
<stat pass="1" fail="0" skip="0" id="s1" name="40-Ssh">40-Ssh</stat>
</suite>
</statistics>
<errors>
</errors>
</robot>
