<?xml version="1.0" encoding="UTF-8"?>
<robot generator="Robot 5.0.1 (Python 3.7.2 on win32)" generated="20220530 10:12:55.602" rpa="false" schemaversion="3">
<suite id="s1" name="Invalid Login" source="C:\dev\z-work\tta-academy\class\robot-0530\day2\seleniumlibrary-webdemo-test\login_tests\invalid_login.robot">
<kw name="Open Browser To Login Page" library="resource" type="SETUP">
<kw name="Open Browser" library="SeleniumLibrary">
<arg>${LOGIN URL}</arg>
<arg>${BROWSER}</arg>
<doc>Opens a new browser instance to the optional ``url``.</doc>
<msg timestamp="20220530 10:12:56.064" level="INFO">Opening browser 'Firefox' to base url 'http://localhost:7272/'.</msg>
<msg timestamp="20220530 10:12:56.069" level="INFO">Firefox driver log is always forced to to: C:\dev\z-work\tta-academy\class\robot-0530\day2\seleniumlibrary-webdemo-test\login_tests\geckodriver-11.log</msg>
<status status="PASS" starttime="20220530 10:12:56.063" endtime="20220530 10:13:04.787"/>
</kw>
<kw name="Maximize Browser Window" library="SeleniumLibrary">
<doc>Maximizes current browser window.</doc>
<status status="PASS" starttime="20220530 10:13:04.788" endtime="20220530 10:13:05.063"/>
</kw>
<kw name="Set Selenium Speed" library="SeleniumLibrary">
<arg>${DELAY}</arg>
<doc>Sets the delay that is waited after each Selenium command.</doc>
<status status="PASS" starttime="20220530 10:13:05.063" endtime="20220530 10:13:05.063"/>
</kw>
<kw name="Login Page Should Be Open" library="resource">
<kw name="Title Should Be" library="SeleniumLibrary">
<arg>Login Page</arg>
<doc>Verifies that the current page title equals ``title``.</doc>
<msg timestamp="20220530 10:13:05.077" level="INFO">Page title is 'Login Page'.</msg>
<status status="PASS" starttime="20220530 10:13:05.065" endtime="20220530 10:13:05.078"/>
</kw>
<status status="PASS" starttime="20220530 10:13:05.064" endtime="20220530 10:13:05.078"/>
</kw>
<status status="PASS" starttime="20220530 10:12:56.062" endtime="20220530 10:13:05.079"/>
</kw>
<test id="s1-t1" name="Invalid Username" line="17">
<kw name="Go To Login Page" library="resource" type="SETUP">
<kw name="Go To" library="SeleniumLibrary">
<arg>${LOGIN URL}</arg>
<doc>Navigates the current browser window to the provided ``url``.</doc>
<msg timestamp="20220530 10:13:05.084" level="INFO">Opening url 'http://localhost:7272/'</msg>
<status status="PASS" starttime="20220530 10:13:05.082" endtime="20220530 10:13:05.140"/>
</kw>
<kw name="Login Page Should Be Open" library="resource">
<kw name="Title Should Be" library="SeleniumLibrary">
<arg>Login Page</arg>
<doc>Verifies that the current page title equals ``title``.</doc>
<msg timestamp="20220530 10:13:05.156" level="INFO">Page title is 'Login Page'.</msg>
<status status="PASS" starttime="20220530 10:13:05.141" endtime="20220530 10:13:05.156"/>
</kw>
<status status="PASS" starttime="20220530 10:13:05.140" endtime="20220530 10:13:05.156"/>
</kw>
<status status="PASS" starttime="20220530 10:13:05.082" endtime="20220530 10:13:05.156"/>
</kw>
<kw name="Login With Invalid Credentials Should Fail">
<arg>invalid</arg>
<arg>${VALID PASSWORD}</arg>
<kw name="Input Username" library="resource">
<arg>${username}</arg>
<kw name="Input Text" library="SeleniumLibrary">
<arg>username_field</arg>
<arg>${username}</arg>
<doc>Types the given ``text`` into the text field identified by ``locator``.</doc>
<msg timestamp="20220530 10:13:05.158" level="INFO">Typing text 'invalid' into text field 'username_field'.</msg>
<status status="PASS" starttime="20220530 10:13:05.158" endtime="20220530 10:13:05.246"/>
</kw>
<status status="PASS" starttime="20220530 10:13:05.157" endtime="20220530 10:13:05.246"/>
</kw>
<kw name="Input Password" library="resource">
<arg>${password}</arg>
<kw name="Input Text" library="SeleniumLibrary">
<arg>password_field</arg>
<arg>${password}</arg>
<doc>Types the given ``text`` into the text field identified by ``locator``.</doc>
<msg timestamp="20220530 10:13:05.249" level="INFO">Typing text 'mode' into text field 'password_field'.</msg>
<status status="PASS" starttime="20220530 10:13:05.247" endtime="20220530 10:13:05.308"/>
</kw>
<status status="PASS" starttime="20220530 10:13:05.247" endtime="20220530 10:13:05.308"/>
</kw>
<kw name="Submit Credentials" library="resource">
<kw name="Click Button" library="SeleniumLibrary">
<arg>login_button</arg>
<doc>Clicks the button identified by ``locator``.</doc>
<msg timestamp="20220530 10:13:05.309" level="INFO">Clicking button 'login_button'.</msg>
<status status="PASS" starttime="20220530 10:13:05.309" endtime="20220530 10:13:05.498"/>
</kw>
<status status="PASS" starttime="20220530 10:13:05.308" endtime="20220530 10:13:05.500"/>
</kw>
<kw name="Login Should Have Failed">
<kw name="Location Should Be" library="SeleniumLibrary">
<arg>${ERROR URL}</arg>
<doc>Verifies that the current URL is exactly ``url``.</doc>
<msg timestamp="20220530 10:13:05.514" level="INFO">Current location is 'http://localhost:7272/error.html'.</msg>
<status status="PASS" starttime="20220530 10:13:05.501" endtime="20220530 10:13:05.514"/>
</kw>
<kw name="Title Should Be" library="SeleniumLibrary">
<arg>Error Page</arg>
<doc>Verifies that the current page title equals ``title``.</doc>
<msg timestamp="20220530 10:13:05.521" level="INFO">Page title is 'Error Page'.</msg>
<status status="PASS" starttime="20220530 10:13:05.514" endtime="20220530 10:13:05.521"/>
</kw>
<status status="PASS" starttime="20220530 10:13:05.500" endtime="20220530 10:13:05.521"/>
</kw>
<status status="PASS" starttime="20220530 10:13:05.156" endtime="20220530 10:13:05.521"/>
</kw>
<status status="PASS" starttime="20220530 10:13:05.079" endtime="20220530 10:13:05.539"/>
</test>
<test id="s1-t2" name="Invalid Password" line="18">
<kw name="Go To Login Page" library="resource" type="SETUP">
<kw name="Go To" library="SeleniumLibrary">
<arg>${LOGIN URL}</arg>
<doc>Navigates the current browser window to the provided ``url``.</doc>
<msg timestamp="20220530 10:13:05.546" level="INFO">Opening url 'http://localhost:7272/'</msg>
<status status="PASS" starttime="20220530 10:13:05.545" endtime="20220530 10:13:05.617"/>
</kw>
<kw name="Login Page Should Be Open" library="resource">
<kw name="Title Should Be" library="SeleniumLibrary">
<arg>Login Page</arg>
<doc>Verifies that the current page title equals ``title``.</doc>
<msg timestamp="20220530 10:13:05.621" level="INFO">Page title is 'Login Page'.</msg>
<status status="PASS" starttime="20220530 10:13:05.618" endtime="20220530 10:13:05.622"/>
</kw>
<status status="PASS" starttime="20220530 10:13:05.617" endtime="20220530 10:13:05.622"/>
</kw>
<status status="PASS" starttime="20220530 10:13:05.544" endtime="20220530 10:13:05.622"/>
</kw>
<kw name="Login With Invalid Credentials Should Fail">
<arg>${VALID USER}</arg>
<arg>invalid</arg>
<kw name="Input Username" library="resource">
<arg>${username}</arg>
<kw name="Input Text" library="SeleniumLibrary">
<arg>username_field</arg>
<arg>${username}</arg>
<doc>Types the given ``text`` into the text field identified by ``locator``.</doc>
<msg timestamp="20220530 10:13:05.628" level="INFO">Typing text 'demo' into text field 'username_field'.</msg>
<status status="PASS" starttime="20220530 10:13:05.626" endtime="20220530 10:13:05.697"/>
</kw>
<status status="PASS" starttime="20220530 10:13:05.625" endtime="20220530 10:13:05.698"/>
</kw>
<kw name="Input Password" library="resource">
<arg>${password}</arg>
<kw name="Input Text" library="SeleniumLibrary">
<arg>password_field</arg>
<arg>${password}</arg>
<doc>Types the given ``text`` into the text field identified by ``locator``.</doc>
<msg timestamp="20220530 10:13:05.699" level="INFO">Typing text 'invalid' into text field 'password_field'.</msg>
<status status="PASS" starttime="20220530 10:13:05.699" endtime="20220530 10:13:05.749"/>
</kw>
<status status="PASS" starttime="20220530 10:13:05.698" endtime="20220530 10:13:05.749"/>
</kw>
<kw name="Submit Credentials" library="resource">
<kw name="Click Button" library="SeleniumLibrary">
<arg>login_button</arg>
<doc>Clicks the button identified by ``locator``.</doc>
<msg timestamp="20220530 10:13:05.753" level="INFO">Clicking button 'login_button'.</msg>
<status status="PASS" starttime="20220530 10:13:05.751" endtime="20220530 10:13:05.890"/>
</kw>
<status status="PASS" starttime="20220530 10:13:05.749" endtime="20220530 10:13:05.890"/>
</kw>
<kw name="Login Should Have Failed">
<kw name="Location Should Be" library="SeleniumLibrary">
<arg>${ERROR URL}</arg>
<doc>Verifies that the current URL is exactly ``url``.</doc>
<msg timestamp="20220530 10:13:05.903" level="INFO">Current location is 'http://localhost:7272/error.html'.</msg>
<status status="PASS" starttime="20220530 10:13:05.892" endtime="20220530 10:13:05.903"/>
</kw>
<kw name="Title Should Be" library="SeleniumLibrary">
<arg>Error Page</arg>
<doc>Verifies that the current page title equals ``title``.</doc>
<msg timestamp="20220530 10:13:05.910" level="INFO">Page title is 'Error Page'.</msg>
<status status="PASS" starttime="20220530 10:13:05.903" endtime="20220530 10:13:05.910"/>
</kw>
<status status="PASS" starttime="20220530 10:13:05.890" endtime="20220530 10:13:05.911"/>
</kw>
<status status="PASS" starttime="20220530 10:13:05.624" endtime="20220530 10:13:05.911"/>
</kw>
<status status="PASS" starttime="20220530 10:13:05.542" endtime="20220530 10:13:05.912"/>
</test>
<test id="s1-t3" name="Invalid Username And Password" line="19">
<kw name="Go To Login Page" library="resource" type="SETUP">
<kw name="Go To" library="SeleniumLibrary">
<arg>${LOGIN URL}</arg>
<doc>Navigates the current browser window to the provided ``url``.</doc>
<msg timestamp="20220530 10:13:05.917" level="INFO">Opening url 'http://localhost:7272/'</msg>
<status status="PASS" starttime="20220530 10:13:05.915" endtime="20220530 10:13:05.975"/>
</kw>
<kw name="Login Page Should Be Open" library="resource">
<kw name="Title Should Be" library="SeleniumLibrary">
<arg>Login Page</arg>
<doc>Verifies that the current page title equals ``title``.</doc>
<msg timestamp="20220530 10:13:05.993" level="INFO">Page title is 'Login Page'.</msg>
<status status="PASS" starttime="20220530 10:13:05.975" endtime="20220530 10:13:05.993"/>
</kw>
<status status="PASS" starttime="20220530 10:13:05.975" endtime="20220530 10:13:05.994"/>
</kw>
<status status="PASS" starttime="20220530 10:13:05.914" endtime="20220530 10:13:05.994"/>
</kw>
<kw name="Login With Invalid Credentials Should Fail">
<arg>invalid</arg>
<arg>whatever</arg>
<kw name="Input Username" library="resource">
<arg>${username}</arg>
<kw name="Input Text" library="SeleniumLibrary">
<arg>username_field</arg>
<arg>${username}</arg>
<doc>Types the given ``text`` into the text field identified by ``locator``.</doc>
<msg timestamp="20220530 10:13:05.998" level="INFO">Typing text 'invalid' into text field 'username_field'.</msg>
<status status="PASS" starttime="20220530 10:13:05.997" endtime="20220530 10:13:06.082"/>
</kw>
<status status="PASS" starttime="20220530 10:13:05.996" endtime="20220530 10:13:06.082"/>
</kw>
<kw name="Input Password" library="resource">
<arg>${password}</arg>
<kw name="Input Text" library="SeleniumLibrary">
<arg>password_field</arg>
<arg>${password}</arg>
<doc>Types the given ``text`` into the text field identified by ``locator``.</doc>
<msg timestamp="20220530 10:13:06.087" level="INFO">Typing text 'whatever' into text field 'password_field'.</msg>
<status status="PASS" starttime="20220530 10:13:06.086" endtime="20220530 10:13:06.225"/>
</kw>
<status status="PASS" starttime="20220530 10:13:06.083" endtime="20220530 10:13:06.226"/>
</kw>
<kw name="Submit Credentials" library="resource">
<kw name="Click Button" library="SeleniumLibrary">
<arg>login_button</arg>
<doc>Clicks the button identified by ``locator``.</doc>
<msg timestamp="20220530 10:13:06.227" level="INFO">Clicking button 'login_button'.</msg>
<status status="PASS" starttime="20220530 10:13:06.227" endtime="20220530 10:13:06.364"/>
</kw>
<status status="PASS" starttime="20220530 10:13:06.226" endtime="20220530 10:13:06.365"/>
</kw>
<kw name="Login Should Have Failed">
<kw name="Location Should Be" library="SeleniumLibrary">
<arg>${ERROR URL}</arg>
<doc>Verifies that the current URL is exactly ``url``.</doc>
<msg timestamp="20220530 10:13:06.370" level="INFO">Current location is 'http://localhost:7272/error.html'.</msg>
<status status="PASS" starttime="20220530 10:13:06.365" endtime="20220530 10:13:06.370"/>
</kw>
<kw name="Title Should Be" library="SeleniumLibrary">
<arg>Error Page</arg>
<doc>Verifies that the current page title equals ``title``.</doc>
<msg timestamp="20220530 10:13:06.387" level="INFO">Page title is 'Error Page'.</msg>
<status status="PASS" starttime="20220530 10:13:06.370" endtime="20220530 10:13:06.387"/>
</kw>
<status status="PASS" starttime="20220530 10:13:06.365" endtime="20220530 10:13:06.387"/>
</kw>
<status status="PASS" starttime="20220530 10:13:05.996" endtime="20220530 10:13:06.388"/>
</kw>
<status status="PASS" starttime="20220530 10:13:05.913" endtime="20220530 10:13:06.388"/>
</test>
<test id="s1-t4" name="Empty Username" line="20">
<kw name="Go To Login Page" library="resource" type="SETUP">
<kw name="Go To" library="SeleniumLibrary">
<arg>${LOGIN URL}</arg>
<doc>Navigates the current browser window to the provided ``url``.</doc>
<msg timestamp="20220530 10:13:06.392" level="INFO">Opening url 'http://localhost:7272/'</msg>
<status status="PASS" starttime="20220530 10:13:06.392" endtime="20220530 10:13:06.449"/>
</kw>
<kw name="Login Page Should Be Open" library="resource">
<kw name="Title Should Be" library="SeleniumLibrary">
<arg>Login Page</arg>
<doc>Verifies that the current page title equals ``title``.</doc>
<msg timestamp="20220530 10:13:06.456" level="INFO">Page title is 'Login Page'.</msg>
<status status="PASS" starttime="20220530 10:13:06.450" endtime="20220530 10:13:06.456"/>
</kw>
<status status="PASS" starttime="20220530 10:13:06.449" endtime="20220530 10:13:06.456"/>
</kw>
<status status="PASS" starttime="20220530 10:13:06.392" endtime="20220530 10:13:06.456"/>
</kw>
<kw name="Login With Invalid Credentials Should Fail">
<arg>${EMPTY}</arg>
<arg>${VALID PASSWORD}</arg>
<kw name="Input Username" library="resource">
<arg>${username}</arg>
<kw name="Input Text" library="SeleniumLibrary">
<arg>username_field</arg>
<arg>${username}</arg>
<doc>Types the given ``text`` into the text field identified by ``locator``.</doc>
<msg timestamp="20220530 10:13:06.462" level="INFO">Typing text '' into text field 'username_field'.</msg>
<status status="PASS" starttime="20220530 10:13:06.462" endtime="20220530 10:13:06.523"/>
</kw>
<status status="PASS" starttime="20220530 10:13:06.460" endtime="20220530 10:13:06.525"/>
</kw>
<kw name="Input Password" library="resource">
<arg>${password}</arg>
<kw name="Input Text" library="SeleniumLibrary">
<arg>password_field</arg>
<arg>${password}</arg>
<doc>Types the given ``text`` into the text field identified by ``locator``.</doc>
<msg timestamp="20220530 10:13:06.529" level="INFO">Typing text 'mode' into text field 'password_field'.</msg>
<status status="PASS" starttime="20220530 10:13:06.527" endtime="20220530 10:13:06.579"/>
</kw>
<status status="PASS" starttime="20220530 10:13:06.526" endtime="20220530 10:13:06.579"/>
</kw>
<kw name="Submit Credentials" library="resource">
<kw name="Click Button" library="SeleniumLibrary">
<arg>login_button</arg>
<doc>Clicks the button identified by ``locator``.</doc>
<msg timestamp="20220530 10:13:06.581" level="INFO">Clicking button 'login_button'.</msg>
<status status="PASS" starttime="20220530 10:13:06.580" endtime="20220530 10:13:06.675"/>
</kw>
<status status="PASS" starttime="20220530 10:13:06.579" endtime="20220530 10:13:06.675"/>
</kw>
<kw name="Login Should Have Failed">
<kw name="Location Should Be" library="SeleniumLibrary">
<arg>${ERROR URL}</arg>
<doc>Verifies that the current URL is exactly ``url``.</doc>
<msg timestamp="20220530 10:13:06.681" level="INFO">Current location is 'http://localhost:7272/error.html'.</msg>
<status status="PASS" starttime="20220530 10:13:06.676" endtime="20220530 10:13:06.681"/>
</kw>
<kw name="Title Should Be" library="SeleniumLibrary">
<arg>Error Page</arg>
<doc>Verifies that the current page title equals ``title``.</doc>
<msg timestamp="20220530 10:13:06.686" level="INFO">Page title is 'Error Page'.</msg>
<status status="PASS" starttime="20220530 10:13:06.681" endtime="20220530 10:13:06.686"/>
</kw>
<status status="PASS" starttime="20220530 10:13:06.676" endtime="20220530 10:13:06.687"/>
</kw>
<status status="PASS" starttime="20220530 10:13:06.457" endtime="20220530 10:13:06.687"/>
</kw>
<status status="PASS" starttime="20220530 10:13:06.391" endtime="20220530 10:13:06.689"/>
</test>
<test id="s1-t5" name="Empty Password" line="21">
<kw name="Go To Login Page" library="resource" type="SETUP">
<kw name="Go To" library="SeleniumLibrary">
<arg>${LOGIN URL}</arg>
<doc>Navigates the current browser window to the provided ``url``.</doc>
<msg timestamp="20220530 10:13:06.700" level="INFO">Opening url 'http://localhost:7272/'</msg>
<status status="PASS" starttime="20220530 10:13:06.699" endtime="20220530 10:13:06.764"/>
</kw>
<kw name="Login Page Should Be Open" library="resource">
<kw name="Title Should Be" library="SeleniumLibrary">
<arg>Login Page</arg>
<doc>Verifies that the current page title equals ``title``.</doc>
<msg timestamp="20220530 10:13:06.781" level="INFO">Page title is 'Login Page'.</msg>
<status status="PASS" starttime="20220530 10:13:06.765" endtime="20220530 10:13:06.781"/>
</kw>
<status status="PASS" starttime="20220530 10:13:06.764" endtime="20220530 10:13:06.782"/>
</kw>
<status status="PASS" starttime="20220530 10:13:06.699" endtime="20220530 10:13:06.783"/>
</kw>
<kw name="Login With Invalid Credentials Should Fail">
<arg>${VALID USER}</arg>
<arg>${EMPTY}</arg>
<kw name="Input Username" library="resource">
<arg>${username}</arg>
<kw name="Input Text" library="SeleniumLibrary">
<arg>username_field</arg>
<arg>${username}</arg>
<doc>Types the given ``text`` into the text field identified by ``locator``.</doc>
<msg timestamp="20220530 10:13:06.788" level="INFO">Typing text 'demo' into text field 'username_field'.</msg>
<status status="PASS" starttime="20220530 10:13:06.788" endtime="20220530 10:13:06.885"/>
</kw>
<status status="PASS" starttime="20220530 10:13:06.787" endtime="20220530 10:13:06.885"/>
</kw>
<kw name="Input Password" library="resource">
<arg>${password}</arg>
<kw name="Input Text" library="SeleniumLibrary">
<arg>password_field</arg>
<arg>${password}</arg>
<doc>Types the given ``text`` into the text field identified by ``locator``.</doc>
<msg timestamp="20220530 10:13:06.887" level="INFO">Typing text '' into text field 'password_field'.</msg>
<status status="PASS" starttime="20220530 10:13:06.886" endtime="20220530 10:13:06.992"/>
</kw>
<status status="PASS" starttime="20220530 10:13:06.885" endtime="20220530 10:13:06.992"/>
</kw>
<kw name="Submit Credentials" library="resource">
<kw name="Click Button" library="SeleniumLibrary">
<arg>login_button</arg>
<doc>Clicks the button identified by ``locator``.</doc>
<msg timestamp="20220530 10:13:06.994" level="INFO">Clicking button 'login_button'.</msg>
<status status="PASS" starttime="20220530 10:13:06.993" endtime="20220530 10:13:07.100"/>
</kw>
<status status="PASS" starttime="20220530 10:13:06.993" endtime="20220530 10:13:07.100"/>
</kw>
<kw name="Login Should Have Failed">
<kw name="Location Should Be" library="SeleniumLibrary">
<arg>${ERROR URL}</arg>
<doc>Verifies that the current URL is exactly ``url``.</doc>
<msg timestamp="20220530 10:13:07.106" level="INFO">Current location is 'http://localhost:7272/error.html'.</msg>
<status status="PASS" starttime="20220530 10:13:07.101" endtime="20220530 10:13:07.107"/>
</kw>
<kw name="Title Should Be" library="SeleniumLibrary">
<arg>Error Page</arg>
<doc>Verifies that the current page title equals ``title``.</doc>
<msg timestamp="20220530 10:13:07.120" level="INFO">Page title is 'Error Page'.</msg>
<status status="PASS" starttime="20220530 10:13:07.108" endtime="20220530 10:13:07.120"/>
</kw>
<status status="PASS" starttime="20220530 10:13:07.100" endtime="20220530 10:13:07.120"/>
</kw>
<status status="PASS" starttime="20220530 10:13:06.784" endtime="20220530 10:13:07.121"/>
</kw>
<status status="PASS" starttime="20220530 10:13:06.696" endtime="20220530 10:13:07.122"/>
</test>
<test id="s1-t6" name="Empty Username And Password" line="22">
<kw name="Go To Login Page" library="resource" type="SETUP">
<kw name="Go To" library="SeleniumLibrary">
<arg>${LOGIN URL}</arg>
<doc>Navigates the current browser window to the provided ``url``.</doc>
<msg timestamp="20220530 10:13:07.133" level="INFO">Opening url 'http://localhost:7272/'</msg>
<status status="PASS" starttime="20220530 10:13:07.132" endtime="20220530 10:13:07.187"/>
</kw>
<kw name="Login Page Should Be Open" library="resource">
<kw name="Title Should Be" library="SeleniumLibrary">
<arg>Login Page</arg>
<doc>Verifies that the current page title equals ``title``.</doc>
<msg timestamp="20220530 10:13:07.207" level="INFO">Page title is 'Login Page'.</msg>
<status status="PASS" starttime="20220530 10:13:07.188" endtime="20220530 10:13:07.207"/>
</kw>
<status status="PASS" starttime="20220530 10:13:07.187" endtime="20220530 10:13:07.208"/>
</kw>
<status status="PASS" starttime="20220530 10:13:07.128" endtime="20220530 10:13:07.208"/>
</kw>
<kw name="Login With Invalid Credentials Should Fail">
<arg>${EMPTY}</arg>
<arg>${EMPTY}</arg>
<kw name="Input Username" library="resource">
<arg>${username}</arg>
<kw name="Input Text" library="SeleniumLibrary">
<arg>username_field</arg>
<arg>${username}</arg>
<doc>Types the given ``text`` into the text field identified by ``locator``.</doc>
<msg timestamp="20220530 10:13:07.218" level="INFO">Typing text '' into text field 'username_field'.</msg>
<status status="PASS" starttime="20220530 10:13:07.217" endtime="20220530 10:13:07.263"/>
</kw>
<status status="PASS" starttime="20220530 10:13:07.216" endtime="20220530 10:13:07.263"/>
</kw>
<kw name="Input Password" library="resource">
<arg>${password}</arg>
<kw name="Input Text" library="SeleniumLibrary">
<arg>password_field</arg>
<arg>${password}</arg>
<doc>Types the given ``text`` into the text field identified by ``locator``.</doc>
<msg timestamp="20220530 10:13:07.265" level="INFO">Typing text '' into text field 'password_field'.</msg>
<status status="PASS" starttime="20220530 10:13:07.264" endtime="20220530 10:13:07.319"/>
</kw>
<status status="PASS" starttime="20220530 10:13:07.263" endtime="20220530 10:13:07.319"/>
</kw>
<kw name="Submit Credentials" library="resource">
<kw name="Click Button" library="SeleniumLibrary">
<arg>login_button</arg>
<doc>Clicks the button identified by ``locator``.</doc>
<msg timestamp="20220530 10:13:07.321" level="INFO">Clicking button 'login_button'.</msg>
<status status="PASS" starttime="20220530 10:13:07.320" endtime="20220530 10:13:07.415"/>
</kw>
<status status="PASS" starttime="20220530 10:13:07.319" endtime="20220530 10:13:07.416"/>
</kw>
<kw name="Login Should Have Failed">
<kw name="Location Should Be" library="SeleniumLibrary">
<arg>${ERROR URL}</arg>
<doc>Verifies that the current URL is exactly ``url``.</doc>
<msg timestamp="20220530 10:13:07.441" level="INFO">Current location is 'http://localhost:7272/error.html'.</msg>
<status status="PASS" starttime="20220530 10:13:07.417" endtime="20220530 10:13:07.442"/>
</kw>
<kw name="Title Should Be" library="SeleniumLibrary">
<arg>Error Page</arg>
<doc>Verifies that the current page title equals ``title``.</doc>
<msg timestamp="20220530 10:13:07.449" level="INFO">Page title is 'Error Page'.</msg>
<status status="PASS" starttime="20220530 10:13:07.444" endtime="20220530 10:13:07.450"/>
</kw>
<status status="PASS" starttime="20220530 10:13:07.416" endtime="20220530 10:13:07.450"/>
</kw>
<status status="PASS" starttime="20220530 10:13:07.210" endtime="20220530 10:13:07.450"/>
</kw>
<status status="PASS" starttime="20220530 10:13:07.125" endtime="20220530 10:13:07.453"/>
</test>
<kw name="Close Browser" library="SeleniumLibrary" type="TEARDOWN">
<doc>Closes the current browser.</doc>
<status status="PASS" starttime="20220530 10:13:07.454" endtime="20220530 10:13:08.938"/>
</kw>
<doc>A test suite containing tests related to invalid login.

These tests are data-driven by their nature. They use a single
keyword, specified with Test Template setting, that is called
with different arguments to cover different scenarios.

This suite also demonstrates using setups and teardowns in
different levels.</doc>
<status status="PASS" starttime="20220530 10:12:55.605" endtime="20220530 10:13:08.938"/>
</suite>
<statistics>
<total>
<stat pass="6" fail="0" skip="0">All Tests</stat>
</total>
<tag>
</tag>
<suite>
<stat pass="6" fail="0" skip="0" id="s1" name="Invalid Login">Invalid Login</stat>
</suite>
</statistics>
<errors>
</errors>
</robot>
