<?xml version="1.0" encoding="UTF-8"?>
<robot generator="Robot 5.0.1 (Python 3.9.10 on win32)" generated="20220531 15:41:35.879" rpa="false" schemaversion="3">
<suite id="s1" name="03-Windows" source="C:\dev\z-work\tta-academy\class\robot-0530\day2\seleniumlibrary-test\testcases\03-windows.robot">
<kw name="Open Browser To Start Page Without Testing Default Options" library="resource" type="SETUP">
<doc>Open Browser To Start Page Without Testing Default Options</doc>
<kw name="Open Browser" library="SeleniumLibrary">
<arg>${FRONT PAGE}</arg>
<arg>${BROWSER}</arg>
<arg>remote_url=${REMOTE_URL}</arg>
<arg>desired_capabilities=${DESIRED_CAPABILITIES}</arg>
<doc>Opens a new browser instance to the optional ``url``.</doc>
<msg timestamp="20220531 15:41:36.523" level="INFO">Opening browser 'firefox' to base url 'http://ttaedu02.cafe24.com:7000/html/'.</msg>
<msg timestamp="20220531 15:41:36.528" level="INFO">Firefox driver log is always forced to to: C:\dev\z-work\tta-academy\class\robot-0530\day2\seleniumlibrary-test\testcases\geckodriver-21.log</msg>
<status status="PASS" starttime="20220531 15:41:36.521" endtime="20220531 15:41:48.935"/>
</kw>
<kw name="Set Selenium Speed" library="SeleniumLibrary">
<var>${orig speed}</var>
<arg>${SPEED}</arg>
<doc>Sets the delay that is waited after each Selenium command.</doc>
<msg timestamp="20220531 15:41:48.937" level="INFO">${orig speed} = 0 seconds</msg>
<status status="PASS" starttime="20220531 15:41:48.935" endtime="20220531 15:41:48.937"/>
</kw>
<kw name="Set Selenium Timeout" library="SeleniumLibrary">
<var>${orig timeout}</var>
<arg>10 seconds</arg>
<doc>Sets the timeout that is used by various keywords.</doc>
<msg timestamp="20220531 15:41:48.952" level="INFO">${orig timeout} = 5 seconds</msg>
<status status="PASS" starttime="20220531 15:41:48.937" endtime="20220531 15:41:48.952"/>
</kw>
<status status="PASS" starttime="20220531 15:41:36.520" endtime="20220531 15:41:48.953"/>
</kw>
<test id="s1-t1" name="Popup Windows Created With Javascript" line="11">
<kw name="Go To Page &quot;javascript/popupwindow.html&quot;" library="resource" type="SETUP" sourcename="Go To Page &quot;${relative url}&quot;">
<doc>Goes to page</doc>
<kw name="Go To" library="SeleniumLibrary">
<arg>${ROOT}/${relative url}</arg>
<doc>Navigates the current browser window to the provided ``url``.</doc>
<msg timestamp="20220531 15:41:48.962" level="INFO">Opening url 'http://ttaedu02.cafe24.com:7000/html/javascript/popupwindow.html'</msg>
<status status="PASS" starttime="20220531 15:41:48.961" endtime="20220531 15:41:49.156"/>
</kw>
<status status="PASS" starttime="20220531 15:41:48.960" endtime="20220531 15:41:49.156"/>
</kw>
<kw name="Cannot Be Executed In IE" library="resource">
<doc>Cannot Be Executed In IE</doc>
<kw name="Set Variable If" library="BuiltIn">
<var>${runsInIE}</var>
<arg>"${BROWSER}".replace(' ', '').lower() in ['ie', '*iexplore', 'internetexplorer']</arg>
<arg>${TRUE}</arg>
<doc>Sets variable based on the given condition.</doc>
<msg timestamp="20220531 15:41:49.178" level="INFO">${runsInIE} = None</msg>
<status status="PASS" starttime="20220531 15:41:49.176" endtime="20220531 15:41:49.179"/>
</kw>
<kw name="Run Keyword If" library="BuiltIn">
<arg>${runsInIE}</arg>
<arg>Set Tags</arg>
<arg>ie-incompatible</arg>
<doc>Runs the given keyword with the given arguments, if ``condition`` is true.</doc>
<status status="PASS" starttime="20220531 15:41:49.179" endtime="20220531 15:41:49.181"/>
</kw>
<kw name="Run Keyword If" library="BuiltIn">
<arg>${runsInIE}</arg>
<arg>Fail And Set Non-Critical</arg>
<arg>This test does not work in Internet Explorer</arg>
<doc>Runs the given keyword with the given arguments, if ``condition`` is true.</doc>
<status status="PASS" starttime="20220531 15:41:49.182" endtime="20220531 15:41:49.184"/>
</kw>
<status status="PASS" starttime="20220531 15:41:49.172" endtime="20220531 15:41:49.185"/>
</kw>
<kw name="Open Popup Window, Select It And Verify">
<arg>myName</arg>
<kw name="Click Link" library="SeleniumLibrary">
<arg>my popup</arg>
<doc>Clicks a link identified by ``locator``.</doc>
<msg timestamp="20220531 15:41:49.228" level="INFO">Clicking link 'my popup'.</msg>
<status status="PASS" starttime="20220531 15:41:49.226" endtime="20220531 15:41:50.135"/>
</kw>
<kw name="Switch Window" library="SeleniumLibrary">
<arg>${window_id}</arg>
<arg>timeout=5</arg>
<doc>Switches to browser window matching ``locator``.</doc>
<status status="PASS" starttime="20220531 15:41:50.135" endtime="20220531 15:41:50.617"/>
</kw>
<kw name="Title Should Be" library="SeleniumLibrary">
<arg>Original</arg>
<doc>Verifies that the current page title equals ``title``.</doc>
<msg timestamp="20220531 15:41:50.631" level="INFO">Page title is 'Original'.</msg>
<status status="PASS" starttime="20220531 15:41:50.618" endtime="20220531 15:41:50.631"/>
</kw>
<status status="PASS" starttime="20220531 15:41:49.224" endtime="20220531 15:41:50.632"/>
</kw>
<kw name="Do Action In Popup Window And Verify">
<kw name="Click Link" library="SeleniumLibrary">
<arg>change title</arg>
<doc>Clicks a link identified by ``locator``.</doc>
<msg timestamp="20220531 15:41:50.702" level="INFO">Clicking link 'change title'.</msg>
<status status="PASS" starttime="20220531 15:41:50.701" endtime="20220531 15:41:51.016"/>
</kw>
<kw name="Title Should Be" library="SeleniumLibrary">
<arg>Changed</arg>
<doc>Verifies that the current page title equals ``title``.</doc>
<msg timestamp="20220531 15:41:51.022" level="INFO">Page title is 'Changed'.</msg>
<status status="PASS" starttime="20220531 15:41:51.017" endtime="20220531 15:41:51.023"/>
</kw>
<status status="PASS" starttime="20220531 15:41:50.699" endtime="20220531 15:41:51.024"/>
</kw>
<kw name="Select Main Window And Verify">
<kw name="Close Window" library="SeleniumLibrary">
<doc>Closes currently opened and selected browser window/tab.</doc>
<status status="PASS" starttime="20220531 15:41:51.029" endtime="20220531 15:41:51.213"/>
</kw>
<kw name="Switch Window" library="SeleniumLibrary">
<arg>main</arg>
<arg>timeout=5</arg>
<doc>Switches to browser window matching ``locator``.</doc>
<status status="PASS" starttime="20220531 15:41:51.214" endtime="20220531 15:41:51.254"/>
</kw>
<kw name="Title Should Be" library="SeleniumLibrary">
<arg>Click link to show a popup window</arg>
<doc>Verifies that the current page title equals ``title``.</doc>
<msg timestamp="20220531 15:41:51.260" level="INFO">Page title is 'Click link to show a popup window'.</msg>
<status status="PASS" starttime="20220531 15:41:51.254" endtime="20220531 15:41:51.261"/>
</kw>
<status status="PASS" starttime="20220531 15:41:51.027" endtime="20220531 15:41:51.261"/>
</kw>
<tag>Known Issue Internet Explorer</tag>
<status status="PASS" starttime="20220531 15:41:48.954" endtime="20220531 15:41:51.280"/>
</test>
<test id="s1-t2" name="Get Window Titles" line="18">
<kw name="Go To Page &quot;javascript/popupwindow.html&quot;" library="resource" type="SETUP" sourcename="Go To Page &quot;${relative url}&quot;">
<doc>Goes to page</doc>
<kw name="Go To" library="SeleniumLibrary">
<arg>${ROOT}/${relative url}</arg>
<doc>Navigates the current browser window to the provided ``url``.</doc>
<msg timestamp="20220531 15:41:51.294" level="INFO">Opening url 'http://ttaedu02.cafe24.com:7000/html/javascript/popupwindow.html'</msg>
<status status="PASS" starttime="20220531 15:41:51.292" endtime="20220531 15:41:51.473"/>
</kw>
<status status="PASS" starttime="20220531 15:41:51.291" endtime="20220531 15:41:51.474"/>
</kw>
<kw name="Create List" library="BuiltIn">
<var>${exp_titles}</var>
<arg>Click link to show a popup window</arg>
<arg>Original</arg>
<doc>Returns a list containing given items.</doc>
<msg timestamp="20220531 15:41:51.478" level="INFO">${exp_titles} = ['Click link to show a popup window', 'Original']</msg>
<status status="PASS" starttime="20220531 15:41:51.477" endtime="20220531 15:41:51.478"/>
</kw>
<kw name="Click Link" library="SeleniumLibrary">
<arg>my popup</arg>
<doc>Clicks a link identified by ``locator``.</doc>
<msg timestamp="20220531 15:41:51.480" level="INFO">Clicking link 'my popup'.</msg>
<status status="PASS" starttime="20220531 15:41:51.479" endtime="20220531 15:41:52.309"/>
</kw>
<kw name="Wait Until New Window Is Open">
<kw name="Wait Until Keyword Succeeds" library="BuiltIn">
<arg>5</arg>
<arg>1</arg>
<arg>New Windows Should Be Open</arg>
<doc>Runs the specified keyword and retries if it fails.</doc>
<kw name="New Windows Should Be Open">
<kw name="Get Window Titles" library="SeleniumLibrary">
<var>${titles}</var>
<doc>Returns and logs titles of all windows of the selected browser.</doc>
<msg timestamp="20220531 15:41:52.704" level="INFO">Altogether 2 items.
1: Click link to show a popup window
2: Original</msg>
<msg timestamp="20220531 15:41:52.705" level="INFO">${titles} = ['Click link to show a popup window', 'Original']</msg>
<status status="PASS" starttime="20220531 15:41:52.314" endtime="20220531 15:41:52.705"/>
</kw>
<kw name="Should Be True" library="BuiltIn">
<arg>len(${titles}) &gt; 1</arg>
<doc>Fails if the given condition is not true.</doc>
<status status="PASS" starttime="20220531 15:41:52.705" endtime="20220531 15:41:52.707"/>
</kw>
<status status="PASS" starttime="20220531 15:41:52.313" endtime="20220531 15:41:52.707"/>
</kw>
<status status="PASS" starttime="20220531 15:41:52.312" endtime="20220531 15:41:52.707"/>
</kw>
<status status="PASS" starttime="20220531 15:41:52.310" endtime="20220531 15:41:52.708"/>
</kw>
<kw name="Get Window Titles" library="SeleniumLibrary">
<var>${titles}</var>
<doc>Returns and logs titles of all windows of the selected browser.</doc>
<msg timestamp="20220531 15:41:52.951" level="INFO">Altogether 2 items.
1: Click link to show a popup window
2: Original</msg>
<msg timestamp="20220531 15:41:52.951" level="INFO">${titles} = ['Click link to show a popup window', 'Original']</msg>
<status status="PASS" starttime="20220531 15:41:52.709" endtime="20220531 15:41:52.951"/>
</kw>
<kw name="Should Be Equal" library="BuiltIn">
<arg>${titles}</arg>
<arg>${exp_titles}</arg>
<doc>Fails if the given objects are unequal.</doc>
<status status="PASS" starttime="20220531 15:41:52.959" endtime="20220531 15:41:52.960"/>
</kw>
<status status="PASS" starttime="20220531 15:41:51.288" endtime="20220531 15:41:52.962"/>
</test>
<test id="s1-t3" name="Get Window Titles With Non ASCII Title" line="25">
<kw name="Go To Page &quot;javascript/popupwindow.html&quot;" library="resource" type="SETUP" sourcename="Go To Page &quot;${relative url}&quot;">
<doc>Goes to page</doc>
<kw name="Go To" library="SeleniumLibrary">
<arg>${ROOT}/${relative url}</arg>
<doc>Navigates the current browser window to the provided ``url``.</doc>
<msg timestamp="20220531 15:41:52.974" level="INFO">Opening url 'http://ttaedu02.cafe24.com:7000/html/javascript/popupwindow.html'</msg>
<status status="PASS" starttime="20220531 15:41:52.972" endtime="20220531 15:41:53.121"/>
</kw>
<status status="PASS" starttime="20220531 15:41:52.971" endtime="20220531 15:41:53.122"/>
</kw>
<kw name="Create List" library="BuiltIn">
<var>${exp_titles}</var>
<arg>Click link to show a popup window</arg>
<arg>äää</arg>
<doc>Returns a list containing given items.</doc>
<msg timestamp="20220531 15:41:53.126" level="INFO">${exp_titles} = ['Click link to show a popup window', 'äää']</msg>
<status status="PASS" starttime="20220531 15:41:53.125" endtime="20220531 15:41:53.126"/>
</kw>
<kw name="Click Link" library="SeleniumLibrary">
<arg>my popup</arg>
<doc>Clicks a link identified by ``locator``.</doc>
<msg timestamp="20220531 15:41:53.130" level="INFO">Clicking link 'my popup'.</msg>
<status status="PASS" starttime="20220531 15:41:53.129" endtime="20220531 15:41:53.455"/>
</kw>
<kw name="Wait Until New Window Is Open">
<kw name="Wait Until Keyword Succeeds" library="BuiltIn">
<arg>5</arg>
<arg>1</arg>
<arg>New Windows Should Be Open</arg>
<doc>Runs the specified keyword and retries if it fails.</doc>
<kw name="New Windows Should Be Open">
<kw name="Get Window Titles" library="SeleniumLibrary">
<var>${titles}</var>
<doc>Returns and logs titles of all windows of the selected browser.</doc>
<msg timestamp="20220531 15:41:53.748" level="INFO">Altogether 2 items.
1: Click link to show a popup window
2: Original</msg>
<msg timestamp="20220531 15:41:53.749" level="INFO">${titles} = ['Click link to show a popup window', 'Original']</msg>
<status status="PASS" starttime="20220531 15:41:53.477" endtime="20220531 15:41:53.749"/>
</kw>
<kw name="Should Be True" library="BuiltIn">
<arg>len(${titles}) &gt; 1</arg>
<doc>Fails if the given condition is not true.</doc>
<status status="PASS" starttime="20220531 15:41:53.750" endtime="20220531 15:41:53.752"/>
</kw>
<status status="PASS" starttime="20220531 15:41:53.474" endtime="20220531 15:41:53.753"/>
</kw>
<status status="PASS" starttime="20220531 15:41:53.472" endtime="20220531 15:41:53.753"/>
</kw>
<status status="PASS" starttime="20220531 15:41:53.467" endtime="20220531 15:41:53.753"/>
</kw>
<kw name="Switch Window" library="SeleniumLibrary">
<var>${parent}</var>
<arg>Original</arg>
<doc>Switches to browser window matching ``locator``.</doc>
<msg timestamp="20220531 15:41:54.062" level="INFO">${parent} = 45e8638a-f2b9-414e-8a99-8b4d48d8dfdb</msg>
<status status="PASS" starttime="20220531 15:41:53.798" endtime="20220531 15:41:54.062"/>
</kw>
<kw name="Click Element" library="SeleniumLibrary">
<arg>unicode</arg>
<doc>Click the element identified by ``locator``.</doc>
<msg timestamp="20220531 15:41:54.066" level="INFO">Clicking element 'unicode'.</msg>
<status status="PASS" starttime="20220531 15:41:54.065" endtime="20220531 15:41:54.381"/>
</kw>
<kw name="Get Window Titles" library="SeleniumLibrary">
<var>${titles}</var>
<doc>Returns and logs titles of all windows of the selected browser.</doc>
<msg timestamp="20220531 15:41:54.701" level="INFO">Altogether 2 items.
1: Click link to show a popup window
2: äää</msg>
<msg timestamp="20220531 15:41:54.702" level="INFO">${titles} = ['Click link to show a popup window', 'äää']</msg>
<status status="PASS" starttime="20220531 15:41:54.392" endtime="20220531 15:41:54.703"/>
</kw>
<kw name="Should Be Equal" library="BuiltIn">
<arg>${titles}</arg>
<arg>${exp_titles}</arg>
<doc>Fails if the given objects are unequal.</doc>
<status status="PASS" starttime="20220531 15:41:54.706" endtime="20220531 15:41:54.708"/>
</kw>
<kw name="Switch Window" library="SeleniumLibrary" type="TEARDOWN">
<arg>${parent}</arg>
<doc>Switches to browser window matching ``locator``.</doc>
<status status="PASS" starttime="20220531 15:41:54.727" endtime="20220531 15:41:54.899"/>
</kw>
<status status="PASS" starttime="20220531 15:41:52.967" endtime="20220531 15:41:54.913"/>
</test>
<test id="s1-t4" name="Get Title" line="35">
<kw name="Go To Page &quot;javascript/popupwindow.html&quot;" library="resource" type="SETUP" sourcename="Go To Page &quot;${relative url}&quot;">
<doc>Goes to page</doc>
<kw name="Go To" library="SeleniumLibrary">
<arg>${ROOT}/${relative url}</arg>
<doc>Navigates the current browser window to the provided ``url``.</doc>
<msg timestamp="20220531 15:41:54.929" level="INFO">Opening url 'http://ttaedu02.cafe24.com:7000/html/javascript/popupwindow.html'</msg>
<status status="PASS" starttime="20220531 15:41:54.927" endtime="20220531 15:41:55.159"/>
</kw>
<status status="PASS" starttime="20220531 15:41:54.926" endtime="20220531 15:41:55.160"/>
</kw>
<kw name="Get Title" library="SeleniumLibrary">
<var>${title}</var>
<doc>Returns the title of the current page.</doc>
<msg timestamp="20220531 15:41:55.176" level="INFO">${title} = Click link to show a popup window</msg>
<status status="PASS" starttime="20220531 15:41:55.163" endtime="20220531 15:41:55.176"/>
</kw>
<kw name="Should Be Equal As Strings" library="BuiltIn">
<arg>${title}</arg>
<arg>Click link to show a popup window</arg>
<doc>Fails if objects are unequal after converting them to strings.</doc>
<status status="PASS" starttime="20220531 15:41:55.184" endtime="20220531 15:41:55.185"/>
</kw>
<status status="PASS" starttime="20220531 15:41:54.923" endtime="20220531 15:41:55.189"/>
</test>
<test id="s1-t5" name="Get Location" line="39">
<kw name="Go To Page &quot;javascript/popupwindow.html&quot;" library="resource" type="SETUP" sourcename="Go To Page &quot;${relative url}&quot;">
<doc>Goes to page</doc>
<kw name="Go To" library="SeleniumLibrary">
<arg>${ROOT}/${relative url}</arg>
<doc>Navigates the current browser window to the provided ``url``.</doc>
<msg timestamp="20220531 15:41:55.206" level="INFO">Opening url 'http://ttaedu02.cafe24.com:7000/html/javascript/popupwindow.html'</msg>
<status status="PASS" starttime="20220531 15:41:55.204" endtime="20220531 15:41:55.346"/>
</kw>
<status status="PASS" starttime="20220531 15:41:55.202" endtime="20220531 15:41:55.346"/>
</kw>
<kw name="Get Location" library="SeleniumLibrary">
<var>${current_url}</var>
<doc>Returns the current browser window URL.</doc>
<msg timestamp="20220531 15:41:55.406" level="INFO">${current_url} = http://ttaedu02.cafe24.com:7000/html/javascript/popupwindow.html</msg>
<status status="PASS" starttime="20220531 15:41:55.350" endtime="20220531 15:41:55.406"/>
</kw>
<kw name="Should Be Equal" library="BuiltIn">
<arg>${current_url}</arg>
<arg>${ROOT}/javascript/popupwindow.html</arg>
<doc>Fails if the given objects are unequal.</doc>
<status status="PASS" starttime="20220531 15:41:55.447" endtime="20220531 15:41:55.451"/>
</kw>
<status status="PASS" starttime="20220531 15:41:55.200" endtime="20220531 15:41:55.469"/>
</test>
<test id="s1-t6" name="Get Locations" line="43">
<kw name="Go To Page &quot;javascript/popupwindow.html&quot;" library="resource" type="SETUP" sourcename="Go To Page &quot;${relative url}&quot;">
<doc>Goes to page</doc>
<kw name="Go To" library="SeleniumLibrary">
<arg>${ROOT}/${relative url}</arg>
<doc>Navigates the current browser window to the provided ``url``.</doc>
<msg timestamp="20220531 15:41:55.617" level="INFO">Opening url 'http://ttaedu02.cafe24.com:7000/html/javascript/popupwindow.html'</msg>
<status status="PASS" starttime="20220531 15:41:55.616" endtime="20220531 15:41:55.743"/>
</kw>
<status status="PASS" starttime="20220531 15:41:55.608" endtime="20220531 15:41:55.743"/>
</kw>
<kw name="Create List" library="BuiltIn">
<var>${expected_urls}</var>
<arg>${ROOT}/javascript/dynamic_content.html</arg>
<arg>${ROOT}/javascript/popupwindow.html</arg>
<doc>Returns a list containing given items.</doc>
<msg timestamp="20220531 15:41:55.747" level="INFO">${expected_urls} = ['http://ttaedu02.cafe24.com:7000/html/javascript/dynamic_content.html', 'http://ttaedu02.cafe24.com:7000/html/javascript/popupwindow.html']</msg>
<status status="PASS" starttime="20220531 15:41:55.746" endtime="20220531 15:41:55.747"/>
</kw>
<kw name="Get Locations" library="SeleniumLibrary">
<var>${urls}</var>
<doc>Returns and logs URLs of all windows of the selected browser.</doc>
<msg timestamp="20220531 15:41:56.078" level="INFO">Altogether 2 items.
1: http://ttaedu02.cafe24.com:7000/html/javascript/popupwindow.html
2: http://ttaedu02.cafe24.com:7000/html/javascript/dynamic_content.html</msg>
<msg timestamp="20220531 15:41:56.078" level="INFO">${urls} = ['http://ttaedu02.cafe24.com:7000/html/javascript/popupwindow.html', 'http://ttaedu02.cafe24.com:7000/html/javascript/dynamic_content.html']</msg>
<status status="PASS" starttime="20220531 15:41:55.751" endtime="20220531 15:41:56.079"/>
</kw>
<kw name="Sort List" library="Collections">
<arg>${expected_urls}</arg>
<doc>Sorts the given list in place.</doc>
<status status="PASS" starttime="20220531 15:41:56.139" endtime="20220531 15:41:56.140"/>
</kw>
<kw name="Sort List" library="Collections">
<arg>${urls}</arg>
<doc>Sorts the given list in place.</doc>
<status status="PASS" starttime="20220531 15:41:56.183" endtime="20220531 15:41:56.184"/>
</kw>
<kw name="Lists Should Be Equal" library="Collections">
<arg>${urls}</arg>
<arg>${expected_urls}</arg>
<doc>Fails if given lists are unequal.</doc>
<status status="PASS" starttime="20220531 15:41:56.189" endtime="20220531 15:41:56.191"/>
</kw>
<status status="PASS" starttime="20220531 15:41:55.604" endtime="20220531 15:41:56.251"/>
</test>
<test id="s1-t7" name="Get Window Names" line="50">
<kw name="Go To Page &quot;javascript/popupwindow.html&quot;" library="resource" type="SETUP" sourcename="Go To Page &quot;${relative url}&quot;">
<doc>Goes to page</doc>
<kw name="Go To" library="SeleniumLibrary">
<arg>${ROOT}/${relative url}</arg>
<doc>Navigates the current browser window to the provided ``url``.</doc>
<msg timestamp="20220531 15:41:56.284" level="INFO">Opening url 'http://ttaedu02.cafe24.com:7000/html/javascript/popupwindow.html'</msg>
<status status="PASS" starttime="20220531 15:41:56.282" endtime="20220531 15:41:56.473"/>
</kw>
<status status="PASS" starttime="20220531 15:41:56.281" endtime="20220531 15:41:56.474"/>
</kw>
<kw name="Create List" library="BuiltIn">
<var>${exp_names}</var>
<arg>undefined</arg>
<arg>myName</arg>
<doc>Returns a list containing given items.</doc>
<msg timestamp="20220531 15:41:56.499" level="INFO">${exp_names} = ['undefined', 'myName']</msg>
<status status="PASS" starttime="20220531 15:41:56.498" endtime="20220531 15:41:56.500"/>
</kw>
<kw name="Click Link" library="SeleniumLibrary">
<arg>my popup</arg>
<doc>Clicks a link identified by ``locator``.</doc>
<msg timestamp="20220531 15:41:56.506" level="INFO">Clicking link 'my popup'.</msg>
<status status="PASS" starttime="20220531 15:41:56.505" endtime="20220531 15:41:56.790"/>
</kw>
<kw name="Wait Until New Window Is Open">
<kw name="Wait Until Keyword Succeeds" library="BuiltIn">
<arg>5</arg>
<arg>1</arg>
<arg>New Windows Should Be Open</arg>
<doc>Runs the specified keyword and retries if it fails.</doc>
<kw name="New Windows Should Be Open">
<kw name="Get Window Titles" library="SeleniumLibrary">
<var>${titles}</var>
<doc>Returns and logs titles of all windows of the selected browser.</doc>
<msg timestamp="20220531 15:41:57.062" level="INFO">Altogether 2 items.
1: Click link to show a popup window
2: Original</msg>
<msg timestamp="20220531 15:41:57.063" level="INFO">${titles} = ['Click link to show a popup window', 'Original']</msg>
<status status="PASS" starttime="20220531 15:41:56.801" endtime="20220531 15:41:57.063"/>
</kw>
<kw name="Should Be True" library="BuiltIn">
<arg>len(${titles}) &gt; 1</arg>
<doc>Fails if the given condition is not true.</doc>
<status status="PASS" starttime="20220531 15:41:57.063" endtime="20220531 15:41:57.065"/>
</kw>
<status status="PASS" starttime="20220531 15:41:56.799" endtime="20220531 15:41:57.066"/>
</kw>
<status status="PASS" starttime="20220531 15:41:56.798" endtime="20220531 15:41:57.066"/>
</kw>
<status status="PASS" starttime="20220531 15:41:56.797" endtime="20220531 15:41:57.067"/>
</kw>
<kw name="Get Window Names" library="SeleniumLibrary">
<var>${names}</var>
<doc>Returns and logs names of all windows of the selected browser.</doc>
<msg timestamp="20220531 15:41:57.324" level="INFO">Altogether 2 items.
1: undefined
2: myName</msg>
<msg timestamp="20220531 15:41:57.324" level="INFO">${names} = ['undefined', 'myName']</msg>
<status status="PASS" starttime="20220531 15:41:57.081" endtime="20220531 15:41:57.324"/>
</kw>
<kw name="Should Be Equal" library="BuiltIn">
<arg>${names}</arg>
<arg>${exp_names}</arg>
<doc>Fails if the given objects are unequal.</doc>
<status status="PASS" starttime="20220531 15:41:57.328" endtime="20220531 15:41:57.329"/>
</kw>
<status status="PASS" starttime="20220531 15:41:56.278" endtime="20220531 15:41:57.330"/>
</test>
<test id="s1-t8" name="Get Window Identifiers" line="57">
<kw name="Go To Page &quot;javascript/popupwindow.html&quot;" library="resource" type="SETUP" sourcename="Go To Page &quot;${relative url}&quot;">
<doc>Goes to page</doc>
<kw name="Go To" library="SeleniumLibrary">
<arg>${ROOT}/${relative url}</arg>
<doc>Navigates the current browser window to the provided ``url``.</doc>
<msg timestamp="20220531 15:41:57.343" level="INFO">Opening url 'http://ttaedu02.cafe24.com:7000/html/javascript/popupwindow.html'</msg>
<status status="PASS" starttime="20220531 15:41:57.341" endtime="20220531 15:41:57.553"/>
</kw>
<status status="PASS" starttime="20220531 15:41:57.338" endtime="20220531 15:41:57.553"/>
</kw>
<kw name="Create List" library="BuiltIn">
<var>${exp_ids}</var>
<arg>undefined</arg>
<arg>undefined</arg>
<doc>Returns a list containing given items.</doc>
<msg timestamp="20220531 15:41:57.557" level="INFO">${exp_ids} = ['undefined', 'undefined']</msg>
<status status="PASS" starttime="20220531 15:41:57.556" endtime="20220531 15:41:57.557"/>
</kw>
<kw name="Click Link" library="SeleniumLibrary">
<arg>my popup</arg>
<doc>Clicks a link identified by ``locator``.</doc>
<msg timestamp="20220531 15:41:57.561" level="INFO">Clicking link 'my popup'.</msg>
<status status="PASS" starttime="20220531 15:41:57.560" endtime="20220531 15:41:57.844"/>
</kw>
<kw name="Wait Until New Window Is Open">
<kw name="Wait Until Keyword Succeeds" library="BuiltIn">
<arg>5</arg>
<arg>1</arg>
<arg>New Windows Should Be Open</arg>
<doc>Runs the specified keyword and retries if it fails.</doc>
<kw name="New Windows Should Be Open">
<kw name="Get Window Titles" library="SeleniumLibrary">
<var>${titles}</var>
<doc>Returns and logs titles of all windows of the selected browser.</doc>
<msg timestamp="20220531 15:41:58.244" level="INFO">Altogether 2 items.
1: Click link to show a popup window
2: Original</msg>
<msg timestamp="20220531 15:41:58.245" level="INFO">${titles} = ['Click link to show a popup window', 'Original']</msg>
<status status="PASS" starttime="20220531 15:41:57.867" endtime="20220531 15:41:58.245"/>
</kw>
<kw name="Should Be True" library="BuiltIn">
<arg>len(${titles}) &gt; 1</arg>
<doc>Fails if the given condition is not true.</doc>
<status status="PASS" starttime="20220531 15:41:58.246" endtime="20220531 15:41:58.247"/>
</kw>
<status status="PASS" starttime="20220531 15:41:57.866" endtime="20220531 15:41:58.248"/>
</kw>
<status status="PASS" starttime="20220531 15:41:57.865" endtime="20220531 15:41:58.248"/>
</kw>
<status status="PASS" starttime="20220531 15:41:57.863" endtime="20220531 15:41:58.249"/>
</kw>
<kw name="Get Window Identifiers" library="SeleniumLibrary">
<var>${ids}</var>
<doc>Returns and logs id attributes of all windows of the selected browser.</doc>
<msg timestamp="20220531 15:41:58.611" level="INFO">Altogether 2 items.
1: undefined
2: undefined</msg>
<msg timestamp="20220531 15:41:58.612" level="INFO">${ids} = ['undefined', 'undefined']</msg>
<status status="PASS" starttime="20220531 15:41:58.259" endtime="20220531 15:41:58.612"/>
</kw>
<kw name="Should Be Equal" library="BuiltIn">
<arg>${ids}</arg>
<arg>${exp_ids}</arg>
<doc>Fails if the given objects are unequal.</doc>
<status status="PASS" starttime="20220531 15:41:58.634" endtime="20220531 15:41:58.636"/>
</kw>
<status status="PASS" starttime="20220531 15:41:57.334" endtime="20220531 15:41:58.638"/>
</test>
<test id="s1-t9" name="Get and Set Window Size" line="64">
<kw name="Go To Page &quot;javascript/popupwindow.html&quot;" library="resource" type="SETUP" sourcename="Go To Page &quot;${relative url}&quot;">
<doc>Goes to page</doc>
<kw name="Go To" library="SeleniumLibrary">
<arg>${ROOT}/${relative url}</arg>
<doc>Navigates the current browser window to the provided ``url``.</doc>
<msg timestamp="20220531 15:41:58.647" level="INFO">Opening url 'http://ttaedu02.cafe24.com:7000/html/javascript/popupwindow.html'</msg>
<status status="PASS" starttime="20220531 15:41:58.646" endtime="20220531 15:41:58.918"/>
</kw>
<status status="PASS" starttime="20220531 15:41:58.644" endtime="20220531 15:41:58.919"/>
</kw>
<kw name="Set Window Size" library="SeleniumLibrary">
<arg>${600}</arg>
<arg>${800}</arg>
<doc>Sets current windows size to given ``width`` and ``height``.</doc>
<status status="PASS" starttime="20220531 15:41:58.926" endtime="20220531 15:41:59.056"/>
</kw>
<kw name="Get Window Size" library="SeleniumLibrary">
<var>${width}</var>
<var>${height}</var>
<doc>Returns current window width and height as integers.</doc>
<msg timestamp="20220531 15:41:59.099" level="INFO">${width} = 600</msg>
<msg timestamp="20220531 15:41:59.100" level="INFO">${height} = 800</msg>
<status status="PASS" starttime="20220531 15:41:59.092" endtime="20220531 15:41:59.100"/>
</kw>
<kw name="Should Be Equal" library="BuiltIn">
<arg>${width}</arg>
<arg>${600}</arg>
<doc>Fails if the given objects are unequal.</doc>
<status status="PASS" starttime="20220531 15:41:59.146" endtime="20220531 15:41:59.151"/>
</kw>
<kw name="Should Be Equal" library="BuiltIn">
<arg>${height}</arg>
<arg>${800}</arg>
<doc>Fails if the given objects are unequal.</doc>
<status status="PASS" starttime="20220531 15:41:59.163" endtime="20220531 15:41:59.167"/>
</kw>
<tag>Known Issue Internet Explorer</tag>
<tag>Known Issue Safari</tag>
<status status="PASS" starttime="20220531 15:41:58.642" endtime="20220531 15:41:59.189"/>
</test>
<test id="s1-t10" name="Set Window Size using strings" line="71">
<kw name="Go To Page &quot;javascript/popupwindow.html&quot;" library="resource" type="SETUP" sourcename="Go To Page &quot;${relative url}&quot;">
<doc>Goes to page</doc>
<kw name="Go To" library="SeleniumLibrary">
<arg>${ROOT}/${relative url}</arg>
<doc>Navigates the current browser window to the provided ``url``.</doc>
<msg timestamp="20220531 15:41:59.254" level="INFO">Opening url 'http://ttaedu02.cafe24.com:7000/html/javascript/popupwindow.html'</msg>
<status status="PASS" starttime="20220531 15:41:59.253" endtime="20220531 15:41:59.362"/>
</kw>
<status status="PASS" starttime="20220531 15:41:59.248" endtime="20220531 15:41:59.362"/>
</kw>
<kw name="Set Window Size" library="SeleniumLibrary">
<arg>600</arg>
<arg>800</arg>
<doc>Sets current windows size to given ``width`` and ``height``.</doc>
<status status="PASS" starttime="20220531 15:41:59.371" endtime="20220531 15:41:59.413"/>
</kw>
<kw name="Get Window Size" library="SeleniumLibrary">
<var>${width}</var>
<var>${height}</var>
<doc>Returns current window width and height as integers.</doc>
<msg timestamp="20220531 15:41:59.434" level="INFO">${width} = 600</msg>
<msg timestamp="20220531 15:41:59.434" level="INFO">${height} = 800</msg>
<status status="PASS" starttime="20220531 15:41:59.426" endtime="20220531 15:41:59.434"/>
</kw>
<kw name="Should Be Equal" library="BuiltIn">
<arg>${width}</arg>
<arg>${600}</arg>
<doc>Fails if the given objects are unequal.</doc>
<status status="PASS" starttime="20220531 15:41:59.440" endtime="20220531 15:41:59.444"/>
</kw>
<kw name="Should Be Equal" library="BuiltIn">
<arg>${height}</arg>
<arg>${800}</arg>
<doc>Fails if the given objects are unequal.</doc>
<status status="PASS" starttime="20220531 15:41:59.446" endtime="20220531 15:41:59.451"/>
</kw>
<tag>Known Issue Internet Explorer</tag>
<tag>Known Issue Safari</tag>
<status status="PASS" starttime="20220531 15:41:59.208" endtime="20220531 15:41:59.457"/>
</test>
<test id="s1-t11" name="Get and Set Inner Window Size" line="78">
<kw name="Go To Page &quot;javascript/popupwindow.html&quot;" library="resource" type="SETUP" sourcename="Go To Page &quot;${relative url}&quot;">
<doc>Goes to page</doc>
<kw name="Go To" library="SeleniumLibrary">
<arg>${ROOT}/${relative url}</arg>
<doc>Navigates the current browser window to the provided ``url``.</doc>
<msg timestamp="20220531 15:41:59.471" level="INFO">Opening url 'http://ttaedu02.cafe24.com:7000/html/javascript/popupwindow.html'</msg>
<status status="PASS" starttime="20220531 15:41:59.470" endtime="20220531 15:41:59.622"/>
</kw>
<status status="PASS" starttime="20220531 15:41:59.468" endtime="20220531 15:41:59.624"/>
</kw>
<kw name="Set Window Size" library="SeleniumLibrary">
<arg>${800}</arg>
<arg>${600}</arg>
<arg>${True}</arg>
<doc>Sets current windows size to given ``width`` and ``height``.</doc>
<msg timestamp="20220531 15:41:59.796" level="INFO">window.innerWidth is 788 and window.innerHeight is 509</msg>
<msg timestamp="20220531 15:41:59.797" level="INFO">Setting window size to 812 691</msg>
<status status="PASS" starttime="20220531 15:41:59.627" endtime="20220531 15:41:59.905"/>
</kw>
<kw name="Get Window Size" library="SeleniumLibrary">
<var>${width}</var>
<var>${height}</var>
<arg>${True}</arg>
<doc>Returns current window width and height as integers.</doc>
<msg timestamp="20220531 15:41:59.958" level="INFO">${width} = 800</msg>
<msg timestamp="20220531 15:41:59.958" level="INFO">${height} = 600</msg>
<status status="PASS" starttime="20220531 15:41:59.907" endtime="20220531 15:41:59.959"/>
</kw>
<kw name="Should Be Equal" library="BuiltIn">
<arg>${width}</arg>
<arg>${800}</arg>
<doc>Fails if the given objects are unequal.</doc>
<status status="PASS" starttime="20220531 15:41:59.960" endtime="20220531 15:41:59.964"/>
</kw>
<kw name="Should Be Equal" library="BuiltIn">
<arg>${height}</arg>
<arg>${600}</arg>
<doc>Fails if the given objects are unequal.</doc>
<status status="PASS" starttime="20220531 15:41:59.965" endtime="20220531 15:41:59.968"/>
</kw>
<status status="PASS" starttime="20220531 15:41:59.463" endtime="20220531 15:41:59.971"/>
</test>
<test id="s1-t12" name="Set Inner Window Size using strings" line="84">
<kw name="Go To Page &quot;javascript/popupwindow.html&quot;" library="resource" type="SETUP" sourcename="Go To Page &quot;${relative url}&quot;">
<doc>Goes to page</doc>
<kw name="Go To" library="SeleniumLibrary">
<arg>${ROOT}/${relative url}</arg>
<doc>Navigates the current browser window to the provided ``url``.</doc>
<msg timestamp="20220531 15:41:59.984" level="INFO">Opening url 'http://ttaedu02.cafe24.com:7000/html/javascript/popupwindow.html'</msg>
<status status="PASS" starttime="20220531 15:41:59.983" endtime="20220531 15:42:00.231"/>
</kw>
<status status="PASS" starttime="20220531 15:41:59.981" endtime="20220531 15:42:00.232"/>
</kw>
<kw name="Set Window Size" library="SeleniumLibrary">
<arg>800</arg>
<arg>600</arg>
<arg>${True}</arg>
<doc>Sets current windows size to given ``width`` and ``height``.</doc>
<msg timestamp="20220531 15:42:00.345" level="INFO">window.innerWidth is 788 and window.innerHeight is 509</msg>
<msg timestamp="20220531 15:42:00.345" level="INFO">Setting window size to 812 691</msg>
<status status="PASS" starttime="20220531 15:42:00.234" endtime="20220531 15:42:00.457"/>
</kw>
<kw name="Get Window Size" library="SeleniumLibrary">
<var>${width}</var>
<var>${height}</var>
<arg>${True}</arg>
<doc>Returns current window width and height as integers.</doc>
<msg timestamp="20220531 15:42:00.492" level="INFO">${width} = 800</msg>
<msg timestamp="20220531 15:42:00.493" level="INFO">${height} = 600</msg>
<status status="PASS" starttime="20220531 15:42:00.462" endtime="20220531 15:42:00.493"/>
</kw>
<kw name="Should Be Equal" library="BuiltIn">
<arg>${width}</arg>
<arg>${800}</arg>
<doc>Fails if the given objects are unequal.</doc>
<status status="PASS" starttime="20220531 15:42:00.495" endtime="20220531 15:42:00.497"/>
</kw>
<kw name="Should Be Equal" library="BuiltIn">
<arg>${height}</arg>
<arg>${600}</arg>
<doc>Fails if the given objects are unequal.</doc>
<status status="PASS" starttime="20220531 15:42:00.507" endtime="20220531 15:42:00.509"/>
</kw>
<status status="PASS" starttime="20220531 15:41:59.978" endtime="20220531 15:42:00.613"/>
</test>
<test id="s1-t13" name="Get and Set Inner Window Size with Frames" line="90">
<kw name="Go To Page &quot;javascript/popupwindow.html&quot;" library="resource" type="SETUP" sourcename="Go To Page &quot;${relative url}&quot;">
<doc>Goes to page</doc>
<kw name="Go To" library="SeleniumLibrary">
<arg>${ROOT}/${relative url}</arg>
<doc>Navigates the current browser window to the provided ``url``.</doc>
<msg timestamp="20220531 15:42:00.704" level="INFO">Opening url 'http://ttaedu02.cafe24.com:7000/html/javascript/popupwindow.html'</msg>
<status status="PASS" starttime="20220531 15:42:00.703" endtime="20220531 15:42:00.808"/>
</kw>
<status status="PASS" starttime="20220531 15:42:00.702" endtime="20220531 15:42:00.808"/>
</kw>
<kw name="Go To Page &quot;frames/frameset.html&quot;" library="resource" sourcename="Go To Page &quot;${relative url}&quot;">
<doc>Goes to page</doc>
<kw name="Go To" library="SeleniumLibrary">
<arg>${ROOT}/${relative url}</arg>
<doc>Navigates the current browser window to the provided ``url``.</doc>
<msg timestamp="20220531 15:42:00.813" level="INFO">Opening url 'http://ttaedu02.cafe24.com:7000/html/frames/frameset.html'</msg>
<status status="PASS" starttime="20220531 15:42:00.812" endtime="20220531 15:42:01.228"/>
</kw>
<status status="PASS" starttime="20220531 15:42:00.810" endtime="20220531 15:42:01.229"/>
</kw>
<kw name="Select Frame" library="SeleniumLibrary">
<arg>left</arg>
<doc>Sets frame identified by ``locator`` as the current frame.</doc>
<msg timestamp="20220531 15:42:01.242" level="INFO">Selecting frame 'left'.</msg>
<status status="PASS" starttime="20220531 15:42:01.241" endtime="20220531 15:42:01.287"/>
</kw>
<kw name="Run Keyword And Expect Error" library="BuiltIn">
<arg>Keyword failed setting correct window size.</arg>
<arg>Set Window Size</arg>
<arg>${400}</arg>
<arg>${300}</arg>
<arg>${True}</arg>
<doc>Runs the keyword and checks that the expected error occurred.</doc>
<kw name="Set Window Size" library="SeleniumLibrary">
<arg>${400}</arg>
<arg>${300}</arg>
<arg>${True}</arg>
<doc>Sets current windows size to given ``width`` and ``height``.</doc>
<msg timestamp="20220531 15:42:01.478" level="INFO">window.innerWidth is 90 and window.innerHeight is 209</msg>
<msg timestamp="20220531 15:42:01.478" level="INFO">Setting window size to 710 391</msg>
<msg timestamp="20220531 15:42:01.624" level="FAIL">Keyword failed setting correct window size.</msg>
<status status="FAIL" starttime="20220531 15:42:01.304" endtime="20220531 15:42:01.644"/>
</kw>
<status status="PASS" starttime="20220531 15:42:01.303" endtime="20220531 15:42:01.646"/>
</kw>
<status status="PASS" starttime="20220531 15:42:00.695" endtime="20220531 15:42:01.648"/>
</test>
<test id="s1-t14" name="Get and Set Window Position" line="97">
<kw name="Go To Page &quot;javascript/popupwindow.html&quot;" library="resource" type="SETUP" sourcename="Go To Page &quot;${relative url}&quot;">
<doc>Goes to page</doc>
<kw name="Go To" library="SeleniumLibrary">
<arg>${ROOT}/${relative url}</arg>
<doc>Navigates the current browser window to the provided ``url``.</doc>
<msg timestamp="20220531 15:42:01.658" level="INFO">Opening url 'http://ttaedu02.cafe24.com:7000/html/javascript/popupwindow.html'</msg>
<status status="PASS" starttime="20220531 15:42:01.657" endtime="20220531 15:42:01.852"/>
</kw>
<status status="PASS" starttime="20220531 15:42:01.656" endtime="20220531 15:42:01.853"/>
</kw>
<kw name="Set Window Position" library="SeleniumLibrary">
<arg>${300}</arg>
<arg>${200}</arg>
<doc>Sets window position using ``x`` and ``y`` coordinates.</doc>
<status status="PASS" starttime="20220531 15:42:01.856" endtime="20220531 15:42:01.993"/>
</kw>
<kw name="Get Window Position" library="SeleniumLibrary">
<var>${x}</var>
<var>${y}</var>
<doc>Returns current window position.</doc>
<msg timestamp="20220531 15:42:02.018" level="INFO">${x} = 300</msg>
<msg timestamp="20220531 15:42:02.018" level="INFO">${y} = 200</msg>
<status status="PASS" starttime="20220531 15:42:02.011" endtime="20220531 15:42:02.018"/>
</kw>
<kw name="Should Be Equal" library="BuiltIn">
<arg>${x}</arg>
<arg>${300}</arg>
<doc>Fails if the given objects are unequal.</doc>
<status status="PASS" starttime="20220531 15:42:02.024" endtime="20220531 15:42:02.027"/>
</kw>
<kw name="Should Be Equal" library="BuiltIn">
<arg>${y}</arg>
<arg>${200}</arg>
<doc>Fails if the given objects are unequal.</doc>
<status status="PASS" starttime="20220531 15:42:02.030" endtime="20220531 15:42:02.033"/>
</kw>
<tag>Known Issue Chrome</tag>
<tag>Known Issue Safari</tag>
<status status="PASS" starttime="20220531 15:42:01.653" endtime="20220531 15:42:02.062"/>
</test>
<test id="s1-t15" name="Set Window Position using strings" line="104">
<kw name="Go To Page &quot;javascript/popupwindow.html&quot;" library="resource" type="SETUP" sourcename="Go To Page &quot;${relative url}&quot;">
<doc>Goes to page</doc>
<kw name="Go To" library="SeleniumLibrary">
<arg>${ROOT}/${relative url}</arg>
<doc>Navigates the current browser window to the provided ``url``.</doc>
<msg timestamp="20220531 15:42:02.095" level="INFO">Opening url 'http://ttaedu02.cafe24.com:7000/html/javascript/popupwindow.html'</msg>
<status status="PASS" starttime="20220531 15:42:02.094" endtime="20220531 15:42:02.217"/>
</kw>
<status status="PASS" starttime="20220531 15:42:02.092" endtime="20220531 15:42:02.218"/>
</kw>
<kw name="Set Window Position" library="SeleniumLibrary">
<arg>200</arg>
<arg>100</arg>
<doc>Sets window position using ``x`` and ``y`` coordinates.</doc>
<status status="PASS" starttime="20220531 15:42:02.220" endtime="20220531 15:42:02.280"/>
</kw>
<kw name="Get Window Position" library="SeleniumLibrary">
<var>${x}</var>
<var>${y}</var>
<doc>Returns current window position.</doc>
<msg timestamp="20220531 15:42:02.311" level="INFO">${x} = 200</msg>
<msg timestamp="20220531 15:42:02.311" level="INFO">${y} = 100</msg>
<status status="PASS" starttime="20220531 15:42:02.290" endtime="20220531 15:42:02.312"/>
</kw>
<kw name="Should Be Equal" library="BuiltIn">
<arg>${x}</arg>
<arg>${200}</arg>
<doc>Fails if the given objects are unequal.</doc>
<status status="PASS" starttime="20220531 15:42:02.330" endtime="20220531 15:42:02.333"/>
</kw>
<kw name="Should Be Equal" library="BuiltIn">
<arg>${y}</arg>
<arg>${100}</arg>
<doc>Fails if the given objects are unequal.</doc>
<status status="PASS" starttime="20220531 15:42:02.344" endtime="20220531 15:42:02.348"/>
</kw>
<tag>Known Issue Chrome</tag>
<tag>Known Issue Safari</tag>
<status status="PASS" starttime="20220531 15:42:02.089" endtime="20220531 15:42:02.352"/>
</test>
<test id="s1-t16" name="Select Window By Title After Close Window" line="111">
<kw name="Go To Page &quot;javascript/popupwindow.html&quot;" library="resource" type="SETUP" sourcename="Go To Page &quot;${relative url}&quot;">
<doc>Goes to page</doc>
<kw name="Go To" library="SeleniumLibrary">
<arg>${ROOT}/${relative url}</arg>
<doc>Navigates the current browser window to the provided ``url``.</doc>
<msg timestamp="20220531 15:42:02.365" level="INFO">Opening url 'http://ttaedu02.cafe24.com:7000/html/javascript/popupwindow.html'</msg>
<status status="PASS" starttime="20220531 15:42:02.364" endtime="20220531 15:42:02.712"/>
</kw>
<status status="PASS" starttime="20220531 15:42:02.362" endtime="20220531 15:42:02.712"/>
</kw>
<kw name="Cannot Be Executed In IE" library="resource">
<doc>Cannot Be Executed In IE</doc>
<kw name="Set Variable If" library="BuiltIn">
<var>${runsInIE}</var>
<arg>"${BROWSER}".replace(' ', '').lower() in ['ie', '*iexplore', 'internetexplorer']</arg>
<arg>${TRUE}</arg>
<doc>Sets variable based on the given condition.</doc>
<msg timestamp="20220531 15:42:02.719" level="INFO">${runsInIE} = None</msg>
<status status="PASS" starttime="20220531 15:42:02.717" endtime="20220531 15:42:02.719"/>
</kw>
<kw name="Run Keyword If" library="BuiltIn">
<arg>${runsInIE}</arg>
<arg>Set Tags</arg>
<arg>ie-incompatible</arg>
<doc>Runs the given keyword with the given arguments, if ``condition`` is true.</doc>
<status status="PASS" starttime="20220531 15:42:02.720" endtime="20220531 15:42:02.721"/>
</kw>
<kw name="Run Keyword If" library="BuiltIn">
<arg>${runsInIE}</arg>
<arg>Fail And Set Non-Critical</arg>
<arg>This test does not work in Internet Explorer</arg>
<doc>Runs the given keyword with the given arguments, if ``condition`` is true.</doc>
<status status="PASS" starttime="20220531 15:42:02.721" endtime="20220531 15:42:02.722"/>
</kw>
<status status="PASS" starttime="20220531 15:42:02.715" endtime="20220531 15:42:02.723"/>
</kw>
<kw name="Open Popup Window, Select It And Verify">
<arg>myName</arg>
<kw name="Click Link" library="SeleniumLibrary">
<arg>my popup</arg>
<doc>Clicks a link identified by ``locator``.</doc>
<msg timestamp="20220531 15:42:02.729" level="INFO">Clicking link 'my popup'.</msg>
<status status="PASS" starttime="20220531 15:42:02.728" endtime="20220531 15:42:03.292"/>
</kw>
<kw name="Switch Window" library="SeleniumLibrary">
<arg>${window_id}</arg>
<arg>timeout=5</arg>
<doc>Switches to browser window matching ``locator``.</doc>
<status status="PASS" starttime="20220531 15:42:03.293" endtime="20220531 15:42:03.474"/>
</kw>
<kw name="Title Should Be" library="SeleniumLibrary">
<arg>Original</arg>
<doc>Verifies that the current page title equals ``title``.</doc>
<msg timestamp="20220531 15:42:03.482" level="INFO">Page title is 'Original'.</msg>
<status status="PASS" starttime="20220531 15:42:03.474" endtime="20220531 15:42:03.483"/>
</kw>
<status status="PASS" starttime="20220531 15:42:02.727" endtime="20220531 15:42:03.483"/>
</kw>
<kw name="Close Popup Window And Select Main Window By Title">
<kw name="Close Window" library="SeleniumLibrary">
<doc>Closes currently opened and selected browser window/tab.</doc>
<status status="PASS" starttime="20220531 15:42:03.486" endtime="20220531 15:42:03.699"/>
</kw>
<kw name="Switch Window" library="SeleniumLibrary">
<arg>title=Click link to show a popup window</arg>
<doc>Switches to browser window matching ``locator``.</doc>
<status status="PASS" starttime="20220531 15:42:03.699" endtime="20220531 15:42:03.784"/>
</kw>
<status status="PASS" starttime="20220531 15:42:03.485" endtime="20220531 15:42:03.785"/>
</kw>
<tag>Known Issue Internet Explorer</tag>
<tag>Known Issue Safari</tag>
<status status="PASS" starttime="20220531 15:42:02.359" endtime="20220531 15:42:03.788"/>
</test>
<test id="s1-t17" name="Get Window Titles After Close Window" line="117">
<kw name="Go To Page &quot;javascript/popupwindow.html&quot;" library="resource" type="SETUP" sourcename="Go To Page &quot;${relative url}&quot;">
<doc>Goes to page</doc>
<kw name="Go To" library="SeleniumLibrary">
<arg>${ROOT}/${relative url}</arg>
<doc>Navigates the current browser window to the provided ``url``.</doc>
<msg timestamp="20220531 15:42:03.801" level="INFO">Opening url 'http://ttaedu02.cafe24.com:7000/html/javascript/popupwindow.html'</msg>
<status status="PASS" starttime="20220531 15:42:03.799" endtime="20220531 15:42:03.977"/>
</kw>
<status status="PASS" starttime="20220531 15:42:03.797" endtime="20220531 15:42:03.977"/>
</kw>
<kw name="Cannot Be Executed In IE" library="resource">
<doc>Cannot Be Executed In IE</doc>
<kw name="Set Variable If" library="BuiltIn">
<var>${runsInIE}</var>
<arg>"${BROWSER}".replace(' ', '').lower() in ['ie', '*iexplore', 'internetexplorer']</arg>
<arg>${TRUE}</arg>
<doc>Sets variable based on the given condition.</doc>
<msg timestamp="20220531 15:42:03.983" level="INFO">${runsInIE} = None</msg>
<status status="PASS" starttime="20220531 15:42:03.981" endtime="20220531 15:42:03.983"/>
</kw>
<kw name="Run Keyword If" library="BuiltIn">
<arg>${runsInIE}</arg>
<arg>Set Tags</arg>
<arg>ie-incompatible</arg>
<doc>Runs the given keyword with the given arguments, if ``condition`` is true.</doc>
<status status="PASS" starttime="20220531 15:42:03.984" endtime="20220531 15:42:03.985"/>
</kw>
<kw name="Run Keyword If" library="BuiltIn">
<arg>${runsInIE}</arg>
<arg>Fail And Set Non-Critical</arg>
<arg>This test does not work in Internet Explorer</arg>
<doc>Runs the given keyword with the given arguments, if ``condition`` is true.</doc>
<status status="PASS" starttime="20220531 15:42:03.986" endtime="20220531 15:42:03.987"/>
</kw>
<status status="PASS" starttime="20220531 15:42:03.979" endtime="20220531 15:42:03.988"/>
</kw>
<kw name="Open Popup Window, Select It And Verify">
<arg>myName</arg>
<kw name="Click Link" library="SeleniumLibrary">
<arg>my popup</arg>
<doc>Clicks a link identified by ``locator``.</doc>
<msg timestamp="20220531 15:42:03.991" level="INFO">Clicking link 'my popup'.</msg>
<status status="PASS" starttime="20220531 15:42:03.990" endtime="20220531 15:42:04.740"/>
</kw>
<kw name="Switch Window" library="SeleniumLibrary">
<arg>${window_id}</arg>
<arg>timeout=5</arg>
<doc>Switches to browser window matching ``locator``.</doc>
<status status="PASS" starttime="20220531 15:42:04.740" endtime="20220531 15:42:04.998"/>
</kw>
<kw name="Title Should Be" library="SeleniumLibrary">
<arg>Original</arg>
<doc>Verifies that the current page title equals ``title``.</doc>
<msg timestamp="20220531 15:42:05.005" level="INFO">Page title is 'Original'.</msg>
<status status="PASS" starttime="20220531 15:42:04.998" endtime="20220531 15:42:05.006"/>
</kw>
<status status="PASS" starttime="20220531 15:42:03.989" endtime="20220531 15:42:05.006"/>
</kw>
<kw name="Close Window" library="SeleniumLibrary">
<doc>Closes currently opened and selected browser window/tab.</doc>
<status status="PASS" starttime="20220531 15:42:05.008" endtime="20220531 15:42:05.201"/>
</kw>
<kw name="Get Window Titles" library="SeleniumLibrary">
<var>${titles}</var>
<doc>Returns and logs titles of all windows of the selected browser.</doc>
<msg timestamp="20220531 15:42:05.314" level="INFO">Altogether 1 item.
1: Click link to show a popup window</msg>
<msg timestamp="20220531 15:42:05.314" level="INFO">${titles} = ['Click link to show a popup window']</msg>
<status status="PASS" starttime="20220531 15:42:05.247" endtime="20220531 15:42:05.314"/>
</kw>
<tag>Known Issue Internet Explorer</tag>
<status status="PASS" starttime="20220531 15:42:03.794" endtime="20220531 15:42:05.321"/>
</test>
<test id="s1-t18" name="Select Window By Handle" line="124">
<kw name="Go To Page &quot;javascript/popupwindow.html&quot;" library="resource" type="SETUP" sourcename="Go To Page &quot;${relative url}&quot;">
<doc>Goes to page</doc>
<kw name="Go To" library="SeleniumLibrary">
<arg>${ROOT}/${relative url}</arg>
<doc>Navigates the current browser window to the provided ``url``.</doc>
<msg timestamp="20220531 15:42:05.332" level="INFO">Opening url 'http://ttaedu02.cafe24.com:7000/html/javascript/popupwindow.html'</msg>
<status status="PASS" starttime="20220531 15:42:05.331" endtime="20220531 15:42:05.434"/>
</kw>
<status status="PASS" starttime="20220531 15:42:05.330" endtime="20220531 15:42:05.435"/>
</kw>
<kw name="Cannot Be Executed In IE" library="resource">
<doc>Cannot Be Executed In IE</doc>
<kw name="Set Variable If" library="BuiltIn">
<var>${runsInIE}</var>
<arg>"${BROWSER}".replace(' ', '').lower() in ['ie', '*iexplore', 'internetexplorer']</arg>
<arg>${TRUE}</arg>
<doc>Sets variable based on the given condition.</doc>
<msg timestamp="20220531 15:42:05.444" level="INFO">${runsInIE} = None</msg>
<status status="PASS" starttime="20220531 15:42:05.443" endtime="20220531 15:42:05.444"/>
</kw>
<kw name="Run Keyword If" library="BuiltIn">
<arg>${runsInIE}</arg>
<arg>Set Tags</arg>
<arg>ie-incompatible</arg>
<doc>Runs the given keyword with the given arguments, if ``condition`` is true.</doc>
<status status="PASS" starttime="20220531 15:42:05.445" endtime="20220531 15:42:05.446"/>
</kw>
<kw name="Run Keyword If" library="BuiltIn">
<arg>${runsInIE}</arg>
<arg>Fail And Set Non-Critical</arg>
<arg>This test does not work in Internet Explorer</arg>
<doc>Runs the given keyword with the given arguments, if ``condition`` is true.</doc>
<status status="PASS" starttime="20220531 15:42:05.447" endtime="20220531 15:42:05.448"/>
</kw>
<status status="PASS" starttime="20220531 15:42:05.441" endtime="20220531 15:42:05.448"/>
</kw>
<kw name="Click Link" library="SeleniumLibrary">
<arg>my popup</arg>
<doc>Clicks a link identified by ``locator``.</doc>
<msg timestamp="20220531 15:42:05.451" level="INFO">Clicking link 'my popup'.</msg>
<status status="PASS" starttime="20220531 15:42:05.450" endtime="20220531 15:42:06.307"/>
</kw>
<kw name="Wait Until New Window Is Open">
<kw name="Wait Until Keyword Succeeds" library="BuiltIn">
<arg>5</arg>
<arg>1</arg>
<arg>New Windows Should Be Open</arg>
<doc>Runs the specified keyword and retries if it fails.</doc>
<kw name="New Windows Should Be Open">
<kw name="Get Window Titles" library="SeleniumLibrary">
<var>${titles}</var>
<doc>Returns and logs titles of all windows of the selected browser.</doc>
<msg timestamp="20220531 15:42:06.706" level="INFO">Altogether 2 items.
1: Click link to show a popup window
2: Original</msg>
<msg timestamp="20220531 15:42:06.706" level="INFO">${titles} = ['Click link to show a popup window', 'Original']</msg>
<status status="PASS" starttime="20220531 15:42:06.313" endtime="20220531 15:42:06.707"/>
</kw>
<kw name="Should Be True" library="BuiltIn">
<arg>len(${titles}) &gt; 1</arg>
<doc>Fails if the given condition is not true.</doc>
<status status="PASS" starttime="20220531 15:42:06.707" endtime="20220531 15:42:06.708"/>
</kw>
<status status="PASS" starttime="20220531 15:42:06.311" endtime="20220531 15:42:06.709"/>
</kw>
<status status="PASS" starttime="20220531 15:42:06.310" endtime="20220531 15:42:06.709"/>
</kw>
<status status="PASS" starttime="20220531 15:42:06.308" endtime="20220531 15:42:06.709"/>
</kw>
<kw name="Switch Window" library="SeleniumLibrary">
<var>${parent}</var>
<arg>Original</arg>
<doc>Switches to browser window matching ``locator``.</doc>
<msg timestamp="20220531 15:42:06.866" level="INFO">${parent} = 45e8638a-f2b9-414e-8a99-8b4d48d8dfdb</msg>
<status status="PASS" starttime="20220531 15:42:06.712" endtime="20220531 15:42:06.866"/>
</kw>
<kw name="Title Should Be" library="SeleniumLibrary">
<arg>Original</arg>
<doc>Verifies that the current page title equals ``title``.</doc>
<msg timestamp="20220531 15:42:06.875" level="INFO">Page title is 'Original'.</msg>
<status status="PASS" starttime="20220531 15:42:06.868" endtime="20220531 15:42:06.875"/>
</kw>
<kw name="Switch Window" library="SeleniumLibrary">
<var>${child}</var>
<arg>${parent}</arg>
<doc>Switches to browser window matching ``locator``.</doc>
<msg timestamp="20220531 15:42:06.973" level="INFO">${child} = 26e4d161-1332-432b-a75e-cabe5b3f62bb</msg>
<status status="PASS" starttime="20220531 15:42:06.876" endtime="20220531 15:42:06.974"/>
</kw>
<kw name="Title Should Be" library="SeleniumLibrary">
<arg>Click link to show a popup window</arg>
<doc>Verifies that the current page title equals ``title``.</doc>
<msg timestamp="20220531 15:42:06.982" level="INFO">Page title is 'Click link to show a popup window'.</msg>
<status status="PASS" starttime="20220531 15:42:06.975" endtime="20220531 15:42:06.982"/>
</kw>
<kw name="Switch Window" library="SeleniumLibrary">
<arg>${child}</arg>
<doc>Switches to browser window matching ``locator``.</doc>
<status status="PASS" starttime="20220531 15:42:06.984" endtime="20220531 15:42:07.095"/>
</kw>
<kw name="Close Window" library="SeleniumLibrary">
<doc>Closes currently opened and selected browser window/tab.</doc>
<status status="PASS" starttime="20220531 15:42:07.099" endtime="20220531 15:42:07.254"/>
</kw>
<kw name="Switch Window" library="SeleniumLibrary">
<var>${FromWindow}</var>
<arg>${parent}</arg>
<doc>Switches to browser window matching ``locator``.</doc>
<msg timestamp="20220531 15:42:07.310" level="INFO">${FromWindow} = None</msg>
<status status="PASS" starttime="20220531 15:42:07.263" endtime="20220531 15:42:07.310"/>
</kw>
<kw name="Title Should Be" library="SeleniumLibrary">
<arg>Click link to show a popup window</arg>
<doc>Verifies that the current page title equals ``title``.</doc>
<msg timestamp="20220531 15:42:07.348" level="INFO">Page title is 'Click link to show a popup window'.</msg>
<status status="PASS" starttime="20220531 15:42:07.337" endtime="20220531 15:42:07.349"/>
</kw>
<kw name="Should Be True" library="BuiltIn">
<arg>${FromWindow} == None</arg>
<doc>Fails if the given condition is not true.</doc>
<status status="PASS" starttime="20220531 15:42:07.362" endtime="20220531 15:42:07.364"/>
</kw>
<tag>Known Issue Internet Explorer</tag>
<status status="PASS" starttime="20220531 15:42:05.327" endtime="20220531 15:42:07.370"/>
</test>
<test id="s1-t19" name="Select Window With Delay By Title" line="139">
<kw name="Go To Page &quot;javascript/popupwindow.html&quot;" library="resource" type="SETUP" sourcename="Go To Page &quot;${relative url}&quot;">
<doc>Goes to page</doc>
<kw name="Go To" library="SeleniumLibrary">
<arg>${ROOT}/${relative url}</arg>
<doc>Navigates the current browser window to the provided ``url``.</doc>
<msg timestamp="20220531 15:42:07.390" level="INFO">Opening url 'http://ttaedu02.cafe24.com:7000/html/javascript/popupwindow.html'</msg>
<status status="PASS" starttime="20220531 15:42:07.388" endtime="20220531 15:42:07.540"/>
</kw>
<status status="PASS" starttime="20220531 15:42:07.386" endtime="20220531 15:42:07.541"/>
</kw>
<kw name="Click Button" library="SeleniumLibrary">
<arg>id:MyButton</arg>
<doc>Clicks the button identified by ``locator``.</doc>
<msg timestamp="20220531 15:42:07.543" level="INFO">Clicking button 'id:MyButton'.</msg>
<status status="PASS" starttime="20220531 15:42:07.542" endtime="20220531 15:42:07.897"/>
</kw>
<kw name="Switch Window" library="SeleniumLibrary">
<arg>Original</arg>
<arg>timeout=5</arg>
<doc>Switches to browser window matching ``locator``.</doc>
<status status="PASS" starttime="20220531 15:42:07.907" endtime="20220531 15:42:09.552"/>
</kw>
<kw name="Title Should Be" library="SeleniumLibrary">
<arg>Original</arg>
<doc>Verifies that the current page title equals ``title``.</doc>
<msg timestamp="20220531 15:42:09.581" level="INFO">Page title is 'Original'.</msg>
<status status="PASS" starttime="20220531 15:42:09.560" endtime="20220531 15:42:09.581"/>
</kw>
<kw name="Close Window" library="SeleniumLibrary">
<doc>Closes currently opened and selected browser window/tab.</doc>
<status status="PASS" starttime="20220531 15:42:09.583" endtime="20220531 15:42:09.736"/>
</kw>
<kw name="Switch Window" library="SeleniumLibrary">
<arg>main</arg>
<doc>Switches to browser window matching ``locator``.</doc>
<status status="PASS" starttime="20220531 15:42:09.753" endtime="20220531 15:42:09.784"/>
</kw>
<kw name="Title Should Be" library="SeleniumLibrary">
<arg>Click link to show a popup window</arg>
<doc>Verifies that the current page title equals ``title``.</doc>
<msg timestamp="20220531 15:42:09.797" level="INFO">Page title is 'Click link to show a popup window'.</msg>
<status status="PASS" starttime="20220531 15:42:09.786" endtime="20220531 15:42:09.798"/>
</kw>
<tag>Known Issue Internet Explorer</tag>
<status status="PASS" starttime="20220531 15:42:07.383" endtime="20220531 15:42:09.799"/>
</test>
<test id="s1-t20" name="Select Window With Delay By Title And Window Not Found" line="148">
<kw name="Go To Page &quot;javascript/popupwindow.html&quot;" library="resource" type="SETUP" sourcename="Go To Page &quot;${relative url}&quot;">
<doc>Goes to page</doc>
<kw name="Go To" library="SeleniumLibrary">
<arg>${ROOT}/${relative url}</arg>
<doc>Navigates the current browser window to the provided ``url``.</doc>
<msg timestamp="20220531 15:42:09.814" level="INFO">Opening url 'http://ttaedu02.cafe24.com:7000/html/javascript/popupwindow.html'</msg>
<status status="PASS" starttime="20220531 15:42:09.811" endtime="20220531 15:42:09.919"/>
</kw>
<status status="PASS" starttime="20220531 15:42:09.808" endtime="20220531 15:42:09.920"/>
</kw>
<kw name="Click Button" library="SeleniumLibrary">
<arg>id:MyButton</arg>
<doc>Clicks the button identified by ``locator``.</doc>
<msg timestamp="20220531 15:42:09.926" level="INFO">Clicking button 'id:MyButton'.</msg>
<status status="PASS" starttime="20220531 15:42:09.924" endtime="20220531 15:42:10.272"/>
</kw>
<kw name="Run Keyword And Expect Error" library="BuiltIn">
<arg>No window matching handle, name, title or URL 'Original' found.</arg>
<arg>Switch Window</arg>
<arg>Original</arg>
<arg>timeout=0.2</arg>
<doc>Runs the keyword and checks that the expected error occurred.</doc>
<kw name="Switch Window" library="SeleniumLibrary">
<arg>Original</arg>
<arg>timeout=0.2</arg>
<doc>Switches to browser window matching ``locator``.</doc>
<msg timestamp="20220531 15:42:10.494" level="FAIL">No window matching handle, name, title or URL 'Original' found.</msg>
<status status="FAIL" starttime="20220531 15:42:10.277" endtime="20220531 15:42:10.503"/>
</kw>
<status status="PASS" starttime="20220531 15:42:10.275" endtime="20220531 15:42:10.504"/>
</kw>
<kw name="Switch Window" library="SeleniumLibrary" type="TEARDOWN">
<arg>main</arg>
<doc>Switches to browser window matching ``locator``.</doc>
<status status="PASS" starttime="20220531 15:42:10.505" endtime="20220531 15:42:10.520"/>
</kw>
<tag>Known Issue Internet Explorer</tag>
<status status="PASS" starttime="20220531 15:42:09.804" endtime="20220531 15:42:10.522"/>
</test>
<test id="s1-t21" name="Select Popup Window By Excluded List" line="156">
<kw name="Go To Page &quot;javascript/popupwindow.html&quot;" library="resource" type="SETUP" sourcename="Go To Page &quot;${relative url}&quot;">
<doc>Goes to page</doc>
<kw name="Go To" library="SeleniumLibrary">
<arg>${ROOT}/${relative url}</arg>
<doc>Navigates the current browser window to the provided ``url``.</doc>
<msg timestamp="20220531 15:42:10.531" level="INFO">Opening url 'http://ttaedu02.cafe24.com:7000/html/javascript/popupwindow.html'</msg>
<status status="PASS" starttime="20220531 15:42:10.529" endtime="20220531 15:42:10.641"/>
</kw>
<status status="PASS" starttime="20220531 15:42:10.528" endtime="20220531 15:42:10.642"/>
</kw>
<kw name="Cannot Be Executed In IE" library="resource">
<doc>Cannot Be Executed In IE</doc>
<kw name="Set Variable If" library="BuiltIn">
<var>${runsInIE}</var>
<arg>"${BROWSER}".replace(' ', '').lower() in ['ie', '*iexplore', 'internetexplorer']</arg>
<arg>${TRUE}</arg>
<doc>Sets variable based on the given condition.</doc>
<msg timestamp="20220531 15:42:10.650" level="INFO">${runsInIE} = None</msg>
<status status="PASS" starttime="20220531 15:42:10.648" endtime="20220531 15:42:10.650"/>
</kw>
<kw name="Run Keyword If" library="BuiltIn">
<arg>${runsInIE}</arg>
<arg>Set Tags</arg>
<arg>ie-incompatible</arg>
<doc>Runs the given keyword with the given arguments, if ``condition`` is true.</doc>
<status status="PASS" starttime="20220531 15:42:10.651" endtime="20220531 15:42:10.652"/>
</kw>
<kw name="Run Keyword If" library="BuiltIn">
<arg>${runsInIE}</arg>
<arg>Fail And Set Non-Critical</arg>
<arg>This test does not work in Internet Explorer</arg>
<doc>Runs the given keyword with the given arguments, if ``condition`` is true.</doc>
<status status="PASS" starttime="20220531 15:42:10.653" endtime="20220531 15:42:10.655"/>
</kw>
<status status="PASS" starttime="20220531 15:42:10.645" endtime="20220531 15:42:10.656"/>
</kw>
<kw name="Get Window Handles" library="SeleniumLibrary">
<var>@{excluded_handle_list}</var>
<doc>Returns all child window handles of the selected browser as a list.</doc>
<msg timestamp="20220531 15:42:10.665" level="INFO">@{excluded_handle_list} = [ 45e8638a-f2b9-414e-8a99-8b4d48d8dfdb ]</msg>
<status status="PASS" starttime="20220531 15:42:10.657" endtime="20220531 15:42:10.665"/>
</kw>
<kw name="Click Link" library="SeleniumLibrary">
<arg>my popup</arg>
<doc>Clicks a link identified by ``locator``.</doc>
<msg timestamp="20220531 15:42:10.668" level="INFO">Clicking link 'my popup'.</msg>
<status status="PASS" starttime="20220531 15:42:10.667" endtime="20220531 15:42:11.395"/>
</kw>
<kw name="Switch Window" library="SeleniumLibrary">
<var>${parent}</var>
<arg>${excluded_handle_list}</arg>
<arg>timeout=5</arg>
<doc>Switches to browser window matching ``locator``.</doc>
<msg timestamp="20220531 15:42:11.473" level="INFO">${parent} = 45e8638a-f2b9-414e-8a99-8b4d48d8dfdb</msg>
<status status="PASS" starttime="20220531 15:42:11.397" endtime="20220531 15:42:11.474"/>
</kw>
<kw name="Title Should Be" library="SeleniumLibrary">
<arg>Original</arg>
<doc>Verifies that the current page title equals ``title``.</doc>
<msg timestamp="20220531 15:42:11.508" level="INFO">Page title is 'Original'.</msg>
<status status="PASS" starttime="20220531 15:42:11.492" endtime="20220531 15:42:11.509"/>
</kw>
<kw name="Close Window" library="SeleniumLibrary">
<doc>Closes currently opened and selected browser window/tab.</doc>
<status status="PASS" starttime="20220531 15:42:11.533" endtime="20220531 15:42:11.694"/>
</kw>
<kw name="Switch Window" library="SeleniumLibrary">
<arg>${parent}</arg>
<doc>Switches to browser window matching ``locator``.</doc>
<status status="PASS" starttime="20220531 15:42:11.698" endtime="20220531 15:42:11.739"/>
</kw>
<kw name="Title Should Be" library="SeleniumLibrary">
<arg>Click link to show a popup window</arg>
<doc>Verifies that the current page title equals ``title``.</doc>
<msg timestamp="20220531 15:42:11.755" level="INFO">Page title is 'Click link to show a popup window'.</msg>
<status status="PASS" starttime="20220531 15:42:11.744" endtime="20220531 15:42:11.755"/>
</kw>
<tag>Known Issue Internet Explorer</tag>
<status status="PASS" starttime="20220531 15:42:10.525" endtime="20220531 15:42:11.781"/>
</test>
<test id="s1-t22" name="Select Popup Window With Delay By Excluded List" line="167">
<kw name="Go To Page &quot;javascript/popupwindow.html&quot;" library="resource" type="SETUP" sourcename="Go To Page &quot;${relative url}&quot;">
<doc>Goes to page</doc>
<kw name="Go To" library="SeleniumLibrary">
<arg>${ROOT}/${relative url}</arg>
<doc>Navigates the current browser window to the provided ``url``.</doc>
<msg timestamp="20220531 15:42:11.801" level="INFO">Opening url 'http://ttaedu02.cafe24.com:7000/html/javascript/popupwindow.html'</msg>
<status status="PASS" starttime="20220531 15:42:11.800" endtime="20220531 15:42:11.932"/>
</kw>
<status status="PASS" starttime="20220531 15:42:11.799" endtime="20220531 15:42:11.932"/>
</kw>
<kw name="Get Window Handles" library="SeleniumLibrary">
<var>@{excluded_handle_list}</var>
<doc>Returns all child window handles of the selected browser as a list.</doc>
<msg timestamp="20220531 15:42:11.953" level="INFO">@{excluded_handle_list} = [ 45e8638a-f2b9-414e-8a99-8b4d48d8dfdb ]</msg>
<status status="PASS" starttime="20220531 15:42:11.944" endtime="20220531 15:42:11.953"/>
</kw>
<kw name="Click Button" library="SeleniumLibrary">
<arg>id:MyButton</arg>
<doc>Clicks the button identified by ``locator``.</doc>
<msg timestamp="20220531 15:42:11.964" level="INFO">Clicking button 'id:MyButton'.</msg>
<status status="PASS" starttime="20220531 15:42:11.963" endtime="20220531 15:42:12.272"/>
</kw>
<kw name="Switch Window" library="SeleniumLibrary">
<arg>${excluded_handle_list}</arg>
<arg>timeout=5</arg>
<doc>Switches to browser window matching ``locator``.</doc>
<status status="PASS" starttime="20220531 15:42:12.274" endtime="20220531 15:42:13.437"/>
</kw>
<kw name="Title Should Be" library="SeleniumLibrary">
<arg>Original</arg>
<doc>Verifies that the current page title equals ``title``.</doc>
<msg timestamp="20220531 15:42:13.582" level="INFO">Page title is 'Original'.</msg>
<status status="PASS" starttime="20220531 15:42:13.461" endtime="20220531 15:42:13.583"/>
</kw>
<kw name="Close Window" library="SeleniumLibrary">
<doc>Closes currently opened and selected browser window/tab.</doc>
<status status="PASS" starttime="20220531 15:42:13.587" endtime="20220531 15:42:13.776"/>
</kw>
<kw name="Switch Window" library="SeleniumLibrary">
<arg>main</arg>
<doc>Switches to browser window matching ``locator``.</doc>
<status status="PASS" starttime="20220531 15:42:13.779" endtime="20220531 15:42:13.803"/>
</kw>
<kw name="Title Should Be" library="SeleniumLibrary">
<arg>Click link to show a popup window</arg>
<doc>Verifies that the current page title equals ``title``.</doc>
<msg timestamp="20220531 15:42:13.813" level="INFO">Page title is 'Click link to show a popup window'.</msg>
<status status="PASS" starttime="20220531 15:42:13.804" endtime="20220531 15:42:13.814"/>
</kw>
<tag>Known Issue Internet Explorer</tag>
<status status="PASS" starttime="20220531 15:42:11.795" endtime="20220531 15:42:13.822"/>
</test>
<test id="s1-t23" name="Select Window By Special Locator" line="177">
<kw name="Go To Page &quot;javascript/popupwindow.html&quot;" library="resource" type="SETUP" sourcename="Go To Page &quot;${relative url}&quot;">
<doc>Goes to page</doc>
<kw name="Go To" library="SeleniumLibrary">
<arg>${ROOT}/${relative url}</arg>
<doc>Navigates the current browser window to the provided ``url``.</doc>
<msg timestamp="20220531 15:42:13.850" level="INFO">Opening url 'http://ttaedu02.cafe24.com:7000/html/javascript/popupwindow.html'</msg>
<status status="PASS" starttime="20220531 15:42:13.850" endtime="20220531 15:42:13.949"/>
</kw>
<status status="PASS" starttime="20220531 15:42:13.849" endtime="20220531 15:42:13.950"/>
</kw>
<kw name="Cannot Be Executed In IE" library="resource">
<doc>Cannot Be Executed In IE</doc>
<kw name="Set Variable If" library="BuiltIn">
<var>${runsInIE}</var>
<arg>"${BROWSER}".replace(' ', '').lower() in ['ie', '*iexplore', 'internetexplorer']</arg>
<arg>${TRUE}</arg>
<doc>Sets variable based on the given condition.</doc>
<msg timestamp="20220531 15:42:13.955" level="INFO">${runsInIE} = None</msg>
<status status="PASS" starttime="20220531 15:42:13.953" endtime="20220531 15:42:13.955"/>
</kw>
<kw name="Run Keyword If" library="BuiltIn">
<arg>${runsInIE}</arg>
<arg>Set Tags</arg>
<arg>ie-incompatible</arg>
<doc>Runs the given keyword with the given arguments, if ``condition`` is true.</doc>
<status status="PASS" starttime="20220531 15:42:13.956" endtime="20220531 15:42:13.957"/>
</kw>
<kw name="Run Keyword If" library="BuiltIn">
<arg>${runsInIE}</arg>
<arg>Fail And Set Non-Critical</arg>
<arg>This test does not work in Internet Explorer</arg>
<doc>Runs the given keyword with the given arguments, if ``condition`` is true.</doc>
<status status="PASS" starttime="20220531 15:42:13.957" endtime="20220531 15:42:13.958"/>
</kw>
<status status="PASS" starttime="20220531 15:42:13.951" endtime="20220531 15:42:13.959"/>
</kw>
<kw name="Switch Window" library="SeleniumLibrary">
<var>${start}</var>
<arg>current</arg>
<doc>Switches to browser window matching ``locator``.</doc>
<msg timestamp="20220531 15:42:13.975" level="INFO">${start} = 45e8638a-f2b9-414e-8a99-8b4d48d8dfdb</msg>
<status status="PASS" starttime="20220531 15:42:13.961" endtime="20220531 15:42:13.975"/>
</kw>
<kw name="Click Link" library="SeleniumLibrary">
<arg>my popup</arg>
<doc>Clicks a link identified by ``locator``.</doc>
<msg timestamp="20220531 15:42:13.977" level="INFO">Clicking link 'my popup'.</msg>
<status status="PASS" starttime="20220531 15:42:13.976" endtime="20220531 15:42:14.909"/>
</kw>
<kw name="Switch Window" library="SeleniumLibrary">
<var>${parent}</var>
<arg>new</arg>
<arg>timeout=5</arg>
<doc>Switches to browser window matching ``locator``.</doc>
<msg timestamp="20220531 15:42:15.013" level="INFO">${parent} = 45e8638a-f2b9-414e-8a99-8b4d48d8dfdb</msg>
<status status="PASS" starttime="20220531 15:42:14.945" endtime="20220531 15:42:15.013"/>
</kw>
<kw name="Title Should Be" library="SeleniumLibrary">
<arg>Original</arg>
<doc>Verifies that the current page title equals ``title``.</doc>
<msg timestamp="20220531 15:42:15.027" level="INFO">Page title is 'Original'.</msg>
<status status="PASS" starttime="20220531 15:42:15.016" endtime="20220531 15:42:15.027"/>
</kw>
<kw name="Should Be True" library="BuiltIn">
<arg>'${start}' == '${parent}'</arg>
<doc>Fails if the given condition is not true.</doc>
<status status="PASS" starttime="20220531 15:42:15.030" endtime="20220531 15:42:15.032"/>
</kw>
<kw name="Close Window" library="SeleniumLibrary">
<doc>Closes currently opened and selected browser window/tab.</doc>
<status status="PASS" starttime="20220531 15:42:15.034" endtime="20220531 15:42:15.202"/>
</kw>
<kw name="Switch Window" library="SeleniumLibrary">
<arg>main</arg>
<doc>Switches to browser window matching ``locator``.</doc>
<status status="PASS" starttime="20220531 15:42:15.205" endtime="20220531 15:42:15.235"/>
</kw>
<kw name="Title Should Be" library="SeleniumLibrary">
<arg>Click link to show a popup window</arg>
<doc>Verifies that the current page title equals ``title``.</doc>
<msg timestamp="20220531 15:42:15.252" level="INFO">Page title is 'Click link to show a popup window'.</msg>
<status status="PASS" starttime="20220531 15:42:15.239" endtime="20220531 15:42:15.252"/>
</kw>
<tag>Known Issue Internet Explorer</tag>
<status status="PASS" starttime="20220531 15:42:13.843" endtime="20220531 15:42:15.254"/>
</test>
<test id="s1-t24" name="Select Window With Delay By Special Locator" line="189">
<kw name="Go To Page &quot;javascript/popupwindow.html&quot;" library="resource" type="SETUP" sourcename="Go To Page &quot;${relative url}&quot;">
<doc>Goes to page</doc>
<kw name="Go To" library="SeleniumLibrary">
<arg>${ROOT}/${relative url}</arg>
<doc>Navigates the current browser window to the provided ``url``.</doc>
<msg timestamp="20220531 15:42:15.272" level="INFO">Opening url 'http://ttaedu02.cafe24.com:7000/html/javascript/popupwindow.html'</msg>
<status status="PASS" starttime="20220531 15:42:15.270" endtime="20220531 15:42:15.473"/>
</kw>
<status status="PASS" starttime="20220531 15:42:15.268" endtime="20220531 15:42:15.474"/>
</kw>
<kw name="Click Button" library="SeleniumLibrary">
<arg>id:MyButton</arg>
<doc>Clicks the button identified by ``locator``.</doc>
<msg timestamp="20220531 15:42:15.477" level="INFO">Clicking button 'id:MyButton'.</msg>
<status status="PASS" starttime="20220531 15:42:15.476" endtime="20220531 15:42:15.796"/>
</kw>
<kw name="Switch Window" library="SeleniumLibrary">
<arg>new</arg>
<arg>timeout=5</arg>
<doc>Switches to browser window matching ``locator``.</doc>
<status status="PASS" starttime="20220531 15:42:15.800" endtime="20220531 15:42:16.939"/>
</kw>
<kw name="Title Should Be" library="SeleniumLibrary">
<arg>Original</arg>
<doc>Verifies that the current page title equals ``title``.</doc>
<msg timestamp="20220531 15:42:16.966" level="FAIL">Title should have been 'Original' but was ''.</msg>
<status status="FAIL" starttime="20220531 15:42:16.954" endtime="20220531 15:42:16.969"/>
</kw>
<kw name="Close Window" library="SeleniumLibrary">
<doc>Closes currently opened and selected browser window/tab.</doc>
<status status="NOT RUN" starttime="20220531 15:42:16.972" endtime="20220531 15:42:16.973"/>
</kw>
<kw name="Switch Window" library="SeleniumLibrary">
<arg>main</arg>
<doc>Switches to browser window matching ``locator``.</doc>
<status status="NOT RUN" starttime="20220531 15:42:16.983" endtime="20220531 15:42:16.983"/>
</kw>
<kw name="Title Should Be" library="SeleniumLibrary">
<arg>Click link to show a popup window</arg>
<doc>Verifies that the current page title equals ``title``.</doc>
<status status="NOT RUN" starttime="20220531 15:42:16.990" endtime="20220531 15:42:16.991"/>
</kw>
<tag>Known Issue Internet Explorer</tag>
<status status="FAIL" starttime="20220531 15:42:15.265" endtime="20220531 15:42:17.000">Title should have been 'Original' but was ''.</status>
</test>
<kw name="Close All Browsers" library="SeleniumLibrary" type="TEARDOWN">
<doc>Closes all open browsers and resets the browser cache.</doc>
<status status="PASS" starttime="20220531 15:42:17.020" endtime="20220531 15:42:19.359"/>
</kw>
<doc>These tests must open own browser because windows opened by
earlier tests would otherwise be visible to Get Window XXX keywords
even if those windows were closed.</doc>
<status status="FAIL" starttime="20220531 15:41:35.884" endtime="20220531 15:42:19.359"/>
</suite>
<statistics>
<total>
<stat pass="23" fail="1" skip="0">All Tests</stat>
</total>
<tag>
<stat pass="2" fail="0" skip="0">Known Issue Chrome</stat>
<stat pass="11" fail="1" skip="0">Known Issue Internet Explorer</stat>
<stat pass="5" fail="0" skip="0">Known Issue Safari</stat>
</tag>
<suite>
<stat pass="23" fail="1" skip="0" id="s1" name="03-Windows">03-Windows</stat>
</suite>
</statistics>
<errors>
</errors>
</robot>
