<?xml version="1.0" encoding="UTF-8"?>
<robot generator="Robot 5.0.1 (Python 3.9.10 on win32)" generated="20220531 14:27:33.118" rpa="false" schemaversion="3">
<suite id="s1" name="Project9-Tags" source="C:\dev\z-work\tta-academy\class\robot-0530\day2\05-todo-test\project9-tags.robot">
<kw name="Open Browser" library="SeleniumLibrary" type="SETUP">
<arg>${url}</arg>
<arg>chrome</arg>
<doc>Opens a new browser instance to the optional ``url``.</doc>
<msg timestamp="20220531 14:27:33.505" level="INFO">Opening browser 'chrome' to base url 'http://todomvc.com/examples/vue/'.</msg>
<status status="PASS" starttime="20220531 14:27:33.504" endtime="20220531 14:27:37.449"/>
</kw>
<test id="s1-t1" name="TC1" line="11">
<kw name="Log To Console" library="BuiltIn" type="SETUP">
<arg>${\n}Test Case Started</arg>
<doc>Logs the given message to the console.</doc>
<status status="PASS" starttime="20220531 14:27:37.454" endtime="20220531 14:27:37.469"/>
</kw>
<kw name="Input Todos 3 Items">
<kw name="Input Text" library="SeleniumLibrary">
<arg>css=input.new-todo</arg>
<arg>${todos}[todo1]</arg>
<doc>Types the given ``text`` into the text field identified by ``locator``.</doc>
<msg timestamp="20220531 14:27:37.473" level="INFO">Typing text 'todo 1' into text field 'css=input.new-todo'.</msg>
<status status="PASS" starttime="20220531 14:27:37.471" endtime="20220531 14:27:37.972"/>
</kw>
<kw name="Press Keys" library="SeleniumLibrary">
<arg>css=input.new-todo</arg>
<arg>ENTER</arg>
<doc>Simulates the user pressing key(s) to an element or on the active browser.</doc>
<msg timestamp="20220531 14:27:37.975" level="INFO">Sending key(s) ('ENTER',) to css=input.new-todo element.</msg>
<msg timestamp="20220531 14:27:38.307" level="INFO">Pressing special key ENTER to element.</msg>
<msg timestamp="20220531 14:27:38.307" level="INFO">Releasing special key ENTER.</msg>
<status status="PASS" starttime="20220531 14:27:37.973" endtime="20220531 14:27:38.394"/>
</kw>
<kw name="Input Text" library="SeleniumLibrary">
<arg>css=input.new-todo</arg>
<arg>${todos}[todo2]</arg>
<doc>Types the given ``text`` into the text field identified by ``locator``.</doc>
<msg timestamp="20220531 14:27:38.395" level="INFO">Typing text 'todo 2' into text field 'css=input.new-todo'.</msg>
<status status="PASS" starttime="20220531 14:27:38.394" endtime="20220531 14:27:38.551"/>
</kw>
<kw name="Press Keys" library="SeleniumLibrary">
<arg>css=input.new-todo</arg>
<arg>ENTER</arg>
<doc>Simulates the user pressing key(s) to an element or on the active browser.</doc>
<msg timestamp="20220531 14:27:38.553" level="INFO">Sending key(s) ('ENTER',) to css=input.new-todo element.</msg>
<msg timestamp="20220531 14:27:38.846" level="INFO">Pressing special key ENTER to element.</msg>
<msg timestamp="20220531 14:27:38.846" level="INFO">Releasing special key ENTER.</msg>
<status status="PASS" starttime="20220531 14:27:38.551" endtime="20220531 14:27:38.862"/>
</kw>
<kw name="Input Text" library="SeleniumLibrary">
<arg>css=input.new-todo</arg>
<arg>${todos}[todo3]</arg>
<doc>Types the given ``text`` into the text field identified by ``locator``.</doc>
<msg timestamp="20220531 14:27:38.863" level="INFO">Typing text 'todo 3' into text field 'css=input.new-todo'.</msg>
<status status="PASS" starttime="20220531 14:27:38.862" endtime="20220531 14:27:38.978"/>
</kw>
<kw name="Press Keys" library="SeleniumLibrary">
<arg>css=input.new-todo</arg>
<arg>ENTER</arg>
<doc>Simulates the user pressing key(s) to an element or on the active browser.</doc>
<msg timestamp="20220531 14:27:38.980" level="INFO">Sending key(s) ('ENTER',) to css=input.new-todo element.</msg>
<msg timestamp="20220531 14:27:39.280" level="INFO">Pressing special key ENTER to element.</msg>
<msg timestamp="20220531 14:27:39.280" level="INFO">Releasing special key ENTER.</msg>
<status status="PASS" starttime="20220531 14:27:38.978" endtime="20220531 14:27:39.295"/>
</kw>
<status status="PASS" starttime="20220531 14:27:37.470" endtime="20220531 14:27:39.295"/>
</kw>
<kw name="Log To Console" library="BuiltIn" type="TEARDOWN">
<arg>Test Case Ended</arg>
<doc>Logs the given message to the console.</doc>
<status status="PASS" starttime="20220531 14:27:39.296" endtime="20220531 14:27:39.297"/>
</kw>
<tag>Tag1</tag>
<status status="PASS" starttime="20220531 14:27:37.450" endtime="20220531 14:27:39.298"/>
</test>
<kw name="Close and Log" type="TEARDOWN">
<kw name="Close Browser" library="SeleniumLibrary">
<doc>Closes the current browser.</doc>
<status status="PASS" starttime="20220531 14:27:39.303" endtime="20220531 14:27:41.952"/>
</kw>
<kw name="Log To Console" library="BuiltIn">
<arg>%{username} - %{os}</arg>
<doc>Logs the given message to the console.</doc>
<status status="PASS" starttime="20220531 14:27:41.953" endtime="20220531 14:27:41.955"/>
</kw>
<kw name="Log To Console" library="BuiltIn">
<arg>Complete Successfully - chrome</arg>
<doc>Logs the given message to the console.</doc>
<status status="PASS" starttime="20220531 14:27:41.955" endtime="20220531 14:27:41.956"/>
</kw>
<status status="PASS" starttime="20220531 14:27:39.302" endtime="20220531 14:27:41.957"/>
</kw>
<status status="PASS" starttime="20220531 14:27:33.121" endtime="20220531 14:27:41.957"/>
</suite>
<statistics>
<total>
<stat pass="1" fail="0" skip="0">All Tests</stat>
</total>
<tag>
<stat pass="1" fail="0" skip="0">Tag1</stat>
</tag>
<suite>
<stat pass="1" fail="0" skip="0" id="s1" name="Project9-Tags">Project9-Tags</stat>
</suite>
</statistics>
<errors>
</errors>
</robot>
