<?xml version="1.0" encoding="UTF-8"?>
<robot generator="Robot 5.0.1 (Python 3.9.10 on win32)" generated="20220531 08:54:34.219" rpa="false" schemaversion="3">
<suite id="s1" name="Suite-04" source="C:\dev\z-work\tta-academy\class\robot-0530\day2\review\suite-04.robot">
<test id="s1-t1" name="TC 104" line="5">
<kw name="Open Browser" library="SeleniumLibrary">
<arg>https://www.naver.com/</arg>
<arg>chrome</arg>
<doc>Opens a new browser instance to the optional ``url``.</doc>
<msg timestamp="20220531 08:54:34.720" level="INFO">Opening browser 'chrome' to base url 'https://www.naver.com/'.</msg>
<status status="PASS" starttime="20220531 08:54:34.719" endtime="20220531 08:54:39.835"/>
</kw>
<kw name="Log To Console" library="BuiltIn">
<arg>Open Complete</arg>
<doc>Logs the given message to the console.</doc>
<status status="PASS" starttime="20220531 08:54:39.836" endtime="20220531 08:54:39.838"/>
</kw>
<kw name="Close Browser" library="SeleniumLibrary">
<doc>Closes the current browser.</doc>
<status status="PASS" starttime="20220531 08:54:39.839" endtime="20220531 08:54:42.568"/>
</kw>
<status status="PASS" starttime="20220531 08:54:34.716" endtime="20220531 08:54:42.569"/>
</test>
<test id="s1-t2" name="TC 105" line="10">
<kw name="Open Browser" library="SeleniumLibrary">
<arg>https://www.naver.com/</arg>
<arg>chrome</arg>
<doc>Opens a new browser instance to the optional ``url``.</doc>
<msg timestamp="20220531 08:54:42.573" level="INFO">Opening browser 'chrome' to base url 'https://www.naver.com/'.</msg>
<status status="PASS" starttime="20220531 08:54:42.573" endtime="20220531 08:54:46.931"/>
</kw>
<kw name="Log To Console" library="BuiltIn">
<arg>Open Complete</arg>
<doc>Logs the given message to the console.</doc>
<status status="PASS" starttime="20220531 08:54:46.936" endtime="20220531 08:54:46.943"/>
</kw>
<kw name="Close Browser" library="SeleniumLibrary">
<doc>Closes the current browser.</doc>
<status status="PASS" starttime="20220531 08:54:46.944" endtime="20220531 08:54:49.464"/>
</kw>
<status status="PASS" starttime="20220531 08:54:42.572" endtime="20220531 08:54:49.465"/>
</test>
<status status="PASS" starttime="20220531 08:54:34.224" endtime="20220531 08:54:49.468"/>
</suite>
<statistics>
<total>
<stat pass="2" fail="0" skip="0">All Tests</stat>
</total>
<tag>
</tag>
<suite>
<stat pass="2" fail="0" skip="0" id="s1" name="Suite-04">Suite-04</stat>
</suite>
</statistics>
<errors>
</errors>
</robot>
