<?xml version="1.0" encoding="UTF-8"?>
<robot generator="Robot 5.0.1 (Python 3.9.10 on win32)" generated="20220531 16:56:53.610" rpa="false" schemaversion="3">
<suite id="s1" name="Excel-Test" source="C:\dev\z-work\tta-academy\class\robot-0530\day2\excel_selenium_test\excel-test.robot">
<test id="s1-t1" name="TC - Get Excel Data" line="14">
<kw name="Get From Excel - value">
<var>${EXCEL_DATA}</var>
<kw name="Open Workbook" library="RPA.Excel.Files">
<arg>items.xlsx</arg>
<doc>Open an existing Excel workbook.</doc>
<msg timestamp="20220531 16:56:55.586" level="INFO">Opened workbook: &lt;RPA.Excel.Files.XlsxWorkbook object at 0x00000288D4AE76A0&gt;</msg>
<status status="PASS" starttime="20220531 16:56:55.572" endtime="20220531 16:56:55.587"/>
</kw>
<kw name="Get Cell Value" library="RPA.Excel.Files">
<var>${column1}</var>
<arg>1</arg>
<arg>2</arg>
<doc>Get a cell value in the given worksheet.</doc>
<msg timestamp="20220531 16:56:55.588" level="INFO">${column1} = 22 올뉴 엘찰텐 프로 1.5P텐트</msg>
<status status="PASS" starttime="20220531 16:56:55.587" endtime="20220531 16:56:55.588"/>
</kw>
<kw name="Log To Console" library="BuiltIn">
<arg>${column1}</arg>
<doc>Logs the given message to the console.</doc>
<status status="PASS" starttime="20220531 16:56:55.588" endtime="20220531 16:56:55.589"/>
</kw>
<kw name="Close Workbook" library="RPA.Excel.Files">
<doc>Close the active workbook.</doc>
<msg timestamp="20220531 16:56:55.590" level="INFO">Closing workbook: &lt;RPA.Excel.Files.XlsxWorkbook object at 0x00000288D4AE76A0&gt;</msg>
<status status="PASS" starttime="20220531 16:56:55.589" endtime="20220531 16:56:55.590"/>
</kw>
<msg timestamp="20220531 16:56:55.590" level="INFO">${EXCEL_DATA} = 22 올뉴 엘찰텐 프로 1.5P텐트</msg>
<status status="PASS" starttime="20220531 16:56:55.571" endtime="20220531 16:56:55.590"/>
</kw>
<kw name="Log To Console" library="BuiltIn">
<arg>${EXCEL_DATA}</arg>
<doc>Logs the given message to the console.</doc>
<status status="PASS" starttime="20220531 16:56:55.591" endtime="20220531 16:56:55.592"/>
</kw>
<kw name="Set Suite Variable" library="BuiltIn">
<arg>${EXCEL_DATA}</arg>
<doc>Makes a variable available everywhere within the scope of the current suite.</doc>
<msg timestamp="20220531 16:56:55.594" level="INFO">${EXCEL_DATA} = 22 올뉴 엘찰텐 프로 1.5P텐트</msg>
<status status="PASS" starttime="20220531 16:56:55.593" endtime="20220531 16:56:55.594"/>
</kw>
<status status="PASS" starttime="20220531 16:56:55.570" endtime="20220531 16:56:55.595"/>
</test>
<test id="s1-t2" name="TC - Get Excel Data" line="19">
<kw name="Get From Excel - value - Arg">
<var>${EXCEL_DATA}</var>
<arg>2</arg>
<arg>2</arg>
<kw name="Open Workbook" library="RPA.Excel.Files">
<arg>items.xlsx</arg>
<doc>Open an existing Excel workbook.</doc>
<msg timestamp="20220531 16:56:55.615" level="INFO">Opened workbook: &lt;RPA.Excel.Files.XlsxWorkbook object at 0x00000288D4AFFB80&gt;</msg>
<status status="PASS" starttime="20220531 16:56:55.601" endtime="20220531 16:56:55.615"/>
</kw>
<kw name="Get Cell Value" library="RPA.Excel.Files">
<var>${column1}</var>
<arg>${row}</arg>
<arg>${col}</arg>
<doc>Get a cell value in the given worksheet.</doc>
<msg timestamp="20220531 16:56:55.616" level="INFO">${column1} = 카본 타프폴 200</msg>
<status status="PASS" starttime="20220531 16:56:55.615" endtime="20220531 16:56:55.616"/>
</kw>
<kw name="Log To Console" library="BuiltIn">
<arg>${column1}</arg>
<doc>Logs the given message to the console.</doc>
<status status="PASS" starttime="20220531 16:56:55.616" endtime="20220531 16:56:55.617"/>
</kw>
<kw name="Close Workbook" library="RPA.Excel.Files">
<doc>Close the active workbook.</doc>
<msg timestamp="20220531 16:56:55.618" level="INFO">Closing workbook: &lt;RPA.Excel.Files.XlsxWorkbook object at 0x00000288D4AFFB80&gt;</msg>
<status status="PASS" starttime="20220531 16:56:55.617" endtime="20220531 16:56:55.618"/>
</kw>
<msg timestamp="20220531 16:56:55.618" level="INFO">${EXCEL_DATA} = 카본 타프폴 200</msg>
<status status="PASS" starttime="20220531 16:56:55.600" endtime="20220531 16:56:55.618"/>
</kw>
<kw name="Log To Console" library="BuiltIn">
<arg>${EXCEL_DATA}</arg>
<doc>Logs the given message to the console.</doc>
<status status="PASS" starttime="20220531 16:56:55.619" endtime="20220531 16:56:55.621"/>
</kw>
<kw name="Set Suite Variable" library="BuiltIn">
<arg>${EXCEL_DATA}</arg>
<doc>Makes a variable available everywhere within the scope of the current suite.</doc>
<msg timestamp="20220531 16:56:55.623" level="INFO">${EXCEL_DATA} = 카본 타프폴 200</msg>
<status status="PASS" starttime="20220531 16:56:55.622" endtime="20220531 16:56:55.623"/>
</kw>
<status status="PASS" starttime="20220531 16:56:55.599" endtime="20220531 16:56:55.623"/>
</test>
<test id="s1-t3" name="TC Open zerogram" line="30">
<kw name="Open zerogram 2">
<arg>${EXCEL_DATA}</arg>
<kw name="Add String">
<var>${url}</var>
<arg>https://zerogram.co.kr/search?keyword=</arg>
<arg>${data}</arg>
<msg timestamp="20220531 16:56:55.630" level="INFO">${url} = https://zerogram.co.kr/search?keyword=카본 타프폴 200</msg>
<status status="PASS" starttime="20220531 16:56:55.628" endtime="20220531 16:56:55.630"/>
</kw>
<kw name="Log To Console" library="BuiltIn">
<arg>${url}</arg>
<doc>Logs the given message to the console.</doc>
<status status="PASS" starttime="20220531 16:56:55.630" endtime="20220531 16:56:55.631"/>
</kw>
<kw name="Open Browser" library="SeleniumLibrary">
<arg>${url}</arg>
<arg>firefox</arg>
<doc>Opens a new browser instance to the optional ``url``.</doc>
<msg timestamp="20220531 16:56:55.632" level="INFO">Opening browser 'firefox' to base url 'https://zerogram.co.kr/search?keyword=카본 타프폴 200'.</msg>
<msg timestamp="20220531 16:56:55.644" level="INFO">Firefox driver log is always forced to to: C:\dev\z-work\tta-academy\class\robot-0530\day2\excel_selenium_test\geckodriver-63.log</msg>
<status status="PASS" starttime="20220531 16:56:55.631" endtime="20220531 16:57:05.624"/>
</kw>
<kw name="Wait Until Element Is Visible" library="SeleniumLibrary">
<arg>css:div.content</arg>
<arg>timeout=10</arg>
<doc>Waits until the element ``locator`` is visible.</doc>
<status status="PASS" starttime="20220531 16:57:05.624" endtime="20220531 16:57:05.669"/>
</kw>
<kw name="Get Element Count" library="SeleniumLibrary">
<var>${count}</var>
<arg>css:a[data-id="link"]</arg>
<doc>Returns the number of elements matching ``locator``.</doc>
<msg timestamp="20220531 16:57:05.678" level="INFO">${count} = 41</msg>
<status status="PASS" starttime="20220531 16:57:05.669" endtime="20220531 16:57:05.678"/>
</kw>
<kw name="Log To Console" library="BuiltIn">
<arg>${count}</arg>
<doc>Logs the given message to the console.</doc>
<status status="PASS" starttime="20220531 16:57:05.678" endtime="20220531 16:57:05.679"/>
</kw>
<kw name="Get Element Attribute" library="SeleniumLibrary">
<var>${url}</var>
<arg>css:div.item-info&gt;a</arg>
<arg>href</arg>
<doc>Returns the value of ``attribute`` from the element ``locator``.</doc>
<msg timestamp="20220531 16:57:05.693" level="INFO">${url} = https://zerogram.co.kr/product/ZU2TPX2101?color=29</msg>
<status status="PASS" starttime="20220531 16:57:05.679" endtime="20220531 16:57:05.693"/>
</kw>
<kw name="Log To Console" library="BuiltIn">
<arg>${url}</arg>
<doc>Logs the given message to the console.</doc>
<status status="PASS" starttime="20220531 16:57:05.693" endtime="20220531 16:57:05.694"/>
</kw>
<kw name="Go To" library="SeleniumLibrary">
<arg>${url}</arg>
<doc>Navigates the current browser window to the provided ``url``.</doc>
<msg timestamp="20220531 16:57:05.695" level="INFO">Opening url 'https://zerogram.co.kr/product/ZU2TPX2101?color=29'</msg>
<status status="PASS" starttime="20220531 16:57:05.694" endtime="20220531 16:57:07.206"/>
</kw>
<kw name="Wait Until Page Contains Element" library="SeleniumLibrary">
<arg>css:div.total-price</arg>
<arg>2 seconds</arg>
<doc>Waits until the element ``locator`` appears on the current page.</doc>
<status status="PASS" starttime="20220531 16:57:07.206" endtime="20220531 16:57:07.226"/>
</kw>
<kw name="Get Text" library="SeleniumLibrary">
<var>${text}</var>
<arg>css:span.amount</arg>
<doc>Returns the text value of the element identified by ``locator``.</doc>
<msg timestamp="20220531 16:57:07.267" level="INFO">${text} = 69,000</msg>
<status status="PASS" starttime="20220531 16:57:07.226" endtime="20220531 16:57:07.267"/>
</kw>
<kw name="Log To Console" library="BuiltIn">
<arg>${text}</arg>
<doc>Logs the given message to the console.</doc>
<status status="PASS" starttime="20220531 16:57:07.267" endtime="20220531 16:57:07.268"/>
</kw>
<kw name="Remove String" library="String">
<var>${str}</var>
<arg>${text}</arg>
<arg>,</arg>
<doc>Removes all ``removables`` from the given ``string``.</doc>
<msg timestamp="20220531 16:57:07.269" level="INFO">${str} = 69000</msg>
<status status="PASS" starttime="20220531 16:57:07.268" endtime="20220531 16:57:07.269"/>
</kw>
<kw name="Log To Console" library="BuiltIn">
<arg>${str}</arg>
<doc>Logs the given message to the console.</doc>
<status status="PASS" starttime="20220531 16:57:07.269" endtime="20220531 16:57:07.269"/>
</kw>
<kw name="Save to Excel - value - Arg">
<arg>2</arg>
<arg>2</arg>
<arg>${str}</arg>
<kw name="Open Workbook" library="RPA.Excel.Files">
<arg>items.xlsx</arg>
<doc>Open an existing Excel workbook.</doc>
<msg timestamp="20220531 16:57:07.280" level="INFO">Opened workbook: &lt;RPA.Excel.Files.XlsxWorkbook object at 0x00000288D4B333D0&gt;</msg>
<status status="PASS" starttime="20220531 16:57:07.271" endtime="20220531 16:57:07.281"/>
</kw>
<kw name="Evaluate" library="BuiltIn">
<var>${newCol}</var>
<arg>${col}+1</arg>
<doc>Evaluates the given expression in Python and returns the result.</doc>
<msg timestamp="20220531 16:57:07.281" level="INFO">${newCol} = 3</msg>
<status status="PASS" starttime="20220531 16:57:07.281" endtime="20220531 16:57:07.281"/>
</kw>
<kw name="Set Cell Value" library="RPA.Excel.Files">
<arg>${row}</arg>
<arg>${newCol}</arg>
<arg>${val}</arg>
<doc>Set a cell value in the given worksheet.</doc>
<status status="PASS" starttime="20220531 16:57:07.282" endtime="20220531 16:57:07.282"/>
</kw>
<kw name="Log To Console" library="BuiltIn">
<arg>${val}</arg>
<doc>Logs the given message to the console.</doc>
<status status="PASS" starttime="20220531 16:57:07.282" endtime="20220531 16:57:07.283"/>
</kw>
<kw name="Save Workbook" library="RPA.Excel.Files">
<doc>Save the active workbook.</doc>
<status status="PASS" starttime="20220531 16:57:07.283" endtime="20220531 16:57:07.297"/>
</kw>
<status status="PASS" starttime="20220531 16:57:07.270" endtime="20220531 16:57:07.297"/>
</kw>
<kw name="Get Current Location">
<kw name="Get Location" library="SeleniumLibrary">
<var>${url}</var>
<doc>Returns the current browser window URL.</doc>
<msg timestamp="20220531 16:57:07.301" level="INFO">${url} = https://zerogram.co.kr/product/ZU2TPX2101?color=29</msg>
<status status="PASS" starttime="20220531 16:57:07.297" endtime="20220531 16:57:07.301"/>
</kw>
<kw name="Log To Console" library="BuiltIn">
<arg>${url}</arg>
<doc>Logs the given message to the console.</doc>
<status status="PASS" starttime="20220531 16:57:07.301" endtime="20220531 16:57:07.302"/>
</kw>
<status status="PASS" starttime="20220531 16:57:07.297" endtime="20220531 16:57:07.302"/>
</kw>
<kw name="Close Browser" library="SeleniumLibrary">
<doc>Closes the current browser.</doc>
<status status="PASS" starttime="20220531 16:57:07.302" endtime="20220531 16:57:08.584"/>
</kw>
<status status="PASS" starttime="20220531 16:56:55.627" endtime="20220531 16:57:08.584"/>
</kw>
<kw name="Log To Console" library="BuiltIn">
<arg>${EXCEL_DATA}</arg>
<doc>Logs the given message to the console.</doc>
<status status="PASS" starttime="20220531 16:57:08.585" endtime="20220531 16:57:08.586"/>
</kw>
<status status="PASS" starttime="20220531 16:56:55.626" endtime="20220531 16:57:08.587"/>
</test>
<status status="PASS" starttime="20220531 16:56:53.611" endtime="20220531 16:57:08.589"/>
</suite>
<statistics>
<total>
<stat pass="3" fail="0" skip="0">All Tests</stat>
</total>
<tag>
</tag>
<suite>
<stat pass="3" fail="0" skip="0" id="s1" name="Excel-Test">Excel-Test</stat>
</suite>
</statistics>
<errors>
<msg timestamp="20220531 16:56:55.598" level="WARN">Multiple tests with name 'TC - Get Excel Data' executed in suite 'Excel-Test'.</msg>
</errors>
</robot>
