<?xml version="1.0" encoding="UTF-8"?>
<robot generator="Robot 6.0.2 (Python 3.8.10 on linux)" generated="20230223 22:35:56.522" rpa="false" schemaversion="3">
<suite id="s1" name="11 &amp; 12 &amp; 13 &amp; 14">
<suite id="s1-s1" name="11" source="/home/henry/robot/day1/10/11.robot">
<test id="s1-s1-t1" name="TC1 - 브라우저 열기 (#1)" line="5">
<kw name="Open Browser" library="SeleniumLibrary">
<arg>https://www.naver.com</arg>
<doc>Opens a new browser instance to the optional ``url``.</doc>
<msg timestamp="20230223 22:35:57.259" level="INFO">Opening browser 'firefox' to base url 'https://www.naver.com'.</msg>
<msg timestamp="20230223 22:35:57.269" level="INFO">Firefox driver log is always forced to to: /home/henry/robot/day1/10/geckodriver-1.log</msg>
<status status="PASS" starttime="20230223 22:35:57.258" endtime="20230223 22:36:10.978"/>
</kw>
<kw name="Close Browser" library="SeleniumLibrary">
<doc>Closes the current browser.</doc>
<status status="PASS" starttime="20230223 22:36:10.979" endtime="20230223 22:36:12.063"/>
</kw>
<status status="PASS" starttime="20230223 22:35:57.257" endtime="20230223 22:36:12.064"/>
</test>
<test id="s1-s1-t2" name="TC2 - 브라우저 열기 (chrome)" line="9">
<kw name="Open Browser" library="SeleniumLibrary">
<arg>https://www.daum.net</arg>
<arg>chrome</arg>
<doc>Opens a new browser instance to the optional ``url``.</doc>
<msg timestamp="20230223 22:36:12.072" level="INFO">Opening browser 'chrome' to base url 'https://www.daum.net'.</msg>
<status status="PASS" starttime="20230223 22:36:12.070" endtime="20230223 22:36:24.255"/>
</kw>
<kw name="Close Browser" library="SeleniumLibrary">
<doc>Closes the current browser.</doc>
<status status="PASS" starttime="20230223 22:36:24.256" endtime="20230223 22:36:24.367"/>
</kw>
<status status="PASS" starttime="20230223 22:36:12.066" endtime="20230223 22:36:24.368"/>
</test>
<test id="s1-s1-t3" name="TC3 - 브라우저 열기 (chrome) - Go To" line="13">
<kw name="Open Browser" library="SeleniumLibrary">
<arg>https://www.daum.net</arg>
<arg>chrome</arg>
<doc>Opens a new browser instance to the optional ``url``.</doc>
<msg timestamp="20230223 22:36:24.372" level="INFO">Opening browser 'chrome' to base url 'https://www.daum.net'.</msg>
<status status="PASS" starttime="20230223 22:36:24.371" endtime="20230223 22:36:29.409"/>
</kw>
<kw name="Go To" library="SeleniumLibrary">
<arg>https://www.naver.com</arg>
<doc>Navigates the current browser window to the provided ``url``.</doc>
<msg timestamp="20230223 22:36:29.410" level="INFO">Opening url 'https://www.naver.com'</msg>
<status status="PASS" starttime="20230223 22:36:29.410" endtime="20230223 22:36:31.042"/>
</kw>
<kw name="Go Back" library="SeleniumLibrary">
<doc>Simulates the user clicking the back button on their browser.</doc>
<status status="PASS" starttime="20230223 22:36:31.042" endtime="20230223 22:36:32.897"/>
</kw>
<kw name="Close Browser" library="SeleniumLibrary">
<doc>Closes the current browser.</doc>
<status status="PASS" starttime="20230223 22:36:32.898" endtime="20230223 22:36:33.029"/>
</kw>
<status status="PASS" starttime="20230223 22:36:24.369" endtime="20230223 22:36:33.030"/>
</test>
<test id="s1-s1-t4" name="TC4 - 브라우저 열기 (chrome) - Multi" line="19">
<kw name="Open Browser" library="SeleniumLibrary">
<arg>https://www.daum.net</arg>
<arg>chrome</arg>
<doc>Opens a new browser instance to the optional ``url``.</doc>
<msg timestamp="20230223 22:36:33.035" level="INFO">Opening browser 'chrome' to base url 'https://www.daum.net'.</msg>
<status status="PASS" starttime="20230223 22:36:33.034" endtime="20230223 22:36:37.617"/>
</kw>
<kw name="Go To" library="SeleniumLibrary">
<arg>https://www.naver.com</arg>
<doc>Navigates the current browser window to the provided ``url``.</doc>
<msg timestamp="20230223 22:36:37.618" level="INFO">Opening url 'https://www.naver.com'</msg>
<status status="PASS" starttime="20230223 22:36:37.618" endtime="20230223 22:36:39.315"/>
</kw>
<kw name="Go Back" library="SeleniumLibrary">
<doc>Simulates the user clicking the back button on their browser.</doc>
<status status="PASS" starttime="20230223 22:36:39.315" endtime="20230223 22:36:42.567"/>
</kw>
<kw name="Go To" library="SeleniumLibrary">
<arg>https://dict.naver.com/</arg>
<doc>Navigates the current browser window to the provided ``url``.</doc>
<msg timestamp="20230223 22:36:42.576" level="INFO">Opening url 'https://dict.naver.com/'</msg>
<status status="PASS" starttime="20230223 22:36:42.575" endtime="20230223 22:36:43.952"/>
</kw>
<kw name="Go To" library="SeleniumLibrary">
<arg>https://news.naver.com/</arg>
<doc>Navigates the current browser window to the provided ``url``.</doc>
<msg timestamp="20230223 22:36:43.953" level="INFO">Opening url 'https://news.naver.com/'</msg>
<status status="PASS" starttime="20230223 22:36:43.952" endtime="20230223 22:36:45.817"/>
</kw>
<kw name="Close Browser" library="SeleniumLibrary">
<doc>Closes the current browser.</doc>
<status status="PASS" starttime="20230223 22:36:45.818" endtime="20230223 22:36:45.955"/>
</kw>
<status status="PASS" starttime="20230223 22:36:33.031" endtime="20230223 22:36:45.956"/>
</test>
<test id="s1-s1-t5" name="TC5 - 브라우저 열기 (chrome, ff)" line="27">
<kw name="Open Browser" library="SeleniumLibrary">
<arg>https://www.daum.net</arg>
<arg>chrome</arg>
<doc>Opens a new browser instance to the optional ``url``.</doc>
<msg timestamp="20230223 22:36:45.961" level="INFO">Opening browser 'chrome' to base url 'https://www.daum.net'.</msg>
<status status="PASS" starttime="20230223 22:36:45.959" endtime="20230223 22:36:50.187"/>
</kw>
<kw name="Go To" library="SeleniumLibrary">
<arg>https://www.naver.com</arg>
<doc>Navigates the current browser window to the provided ``url``.</doc>
<msg timestamp="20230223 22:36:50.192" level="INFO">Opening url 'https://www.naver.com'</msg>
<status status="PASS" starttime="20230223 22:36:50.190" endtime="20230223 22:36:52.836"/>
</kw>
<kw name="Go Back" library="SeleniumLibrary">
<doc>Simulates the user clicking the back button on their browser.</doc>
<status status="PASS" starttime="20230223 22:36:52.836" endtime="20230223 22:36:55.472"/>
</kw>
<kw name="Go To" library="SeleniumLibrary">
<arg>https://dict.naver.com/</arg>
<doc>Navigates the current browser window to the provided ``url``.</doc>
<msg timestamp="20230223 22:36:55.472" level="INFO">Opening url 'https://dict.naver.com/'</msg>
<status status="PASS" starttime="20230223 22:36:55.472" endtime="20230223 22:36:56.546"/>
</kw>
<kw name="Go To" library="SeleniumLibrary">
<arg>https://news.naver.com/</arg>
<doc>Navigates the current browser window to the provided ``url``.</doc>
<msg timestamp="20230223 22:36:56.546" level="INFO">Opening url 'https://news.naver.com/'</msg>
<status status="PASS" starttime="20230223 22:36:56.546" endtime="20230223 22:36:58.389"/>
</kw>
<kw name="Open Browser" library="SeleniumLibrary">
<arg>https://news.naver.com/</arg>
<arg>ff</arg>
<doc>Opens a new browser instance to the optional ``url``.</doc>
<msg timestamp="20230223 22:36:58.390" level="INFO">Opening browser 'ff' to base url 'https://news.naver.com/'.</msg>
<msg timestamp="20230223 22:36:58.391" level="INFO">Firefox driver log is always forced to to: /home/henry/robot/day1/10/geckodriver-2.log</msg>
<status status="PASS" starttime="20230223 22:36:58.389" endtime="20230223 22:37:06.474"/>
</kw>
<kw name="Go To" library="SeleniumLibrary">
<arg>https://www.naver.com</arg>
<doc>Navigates the current browser window to the provided ``url``.</doc>
<msg timestamp="20230223 22:37:06.475" level="INFO">Opening url 'https://www.naver.com'</msg>
<status status="PASS" starttime="20230223 22:37:06.475" endtime="20230223 22:37:08.488"/>
</kw>
<kw name="Go Back" library="SeleniumLibrary">
<doc>Simulates the user clicking the back button on their browser.</doc>
<status status="PASS" starttime="20230223 22:37:08.489" endtime="20230223 22:37:10.289"/>
</kw>
<kw name="Go To" library="SeleniumLibrary">
<arg>https://dict.naver.com/</arg>
<doc>Navigates the current browser window to the provided ``url``.</doc>
<msg timestamp="20230223 22:37:10.289" level="INFO">Opening url 'https://dict.naver.com/'</msg>
<status status="PASS" starttime="20230223 22:37:10.289" endtime="20230223 22:37:11.488"/>
</kw>
<kw name="Go To" library="SeleniumLibrary">
<arg>https://news.naver.com/</arg>
<doc>Navigates the current browser window to the provided ``url``.</doc>
<msg timestamp="20230223 22:37:11.490" level="INFO">Opening url 'https://news.naver.com/'</msg>
<status status="PASS" starttime="20230223 22:37:11.489" endtime="20230223 22:37:13.329"/>
</kw>
<kw name="Close All Browsers" library="SeleniumLibrary">
<doc>Closes all open browsers and resets the browser cache.</doc>
<status status="PASS" starttime="20230223 22:37:13.329" endtime="20230223 22:37:14.893"/>
</kw>
<status status="PASS" starttime="20230223 22:36:45.957" endtime="20230223 22:37:14.894"/>
</test>
<status status="PASS" starttime="20230223 22:35:56.583" endtime="20230223 22:37:14.899"/>
</suite>
<suite id="s1-s2" name="12" source="/home/henry/robot/day1/10/12.robot">
<test id="s1-s2-t1" name="TC1" line="5">
<kw name="Open Browser" library="SeleniumLibrary">
<arg>http://robotframework.org/</arg>
<arg>chrome</arg>
<doc>Opens a new browser instance to the optional ``url``.</doc>
<msg timestamp="20230223 22:37:14.926" level="INFO">Opening browser 'chrome' to base url 'http://robotframework.org/'.</msg>
<status status="PASS" starttime="20230223 22:37:14.924" endtime="20230223 22:37:20.975"/>
</kw>
<kw name="Close Browser" library="SeleniumLibrary">
<doc>Closes the current browser.</doc>
<status status="PASS" starttime="20230223 22:37:20.976" endtime="20230223 22:37:21.057"/>
</kw>
<status status="PASS" starttime="20230223 22:37:14.922" endtime="20230223 22:37:21.057"/>
</test>
<test id="s1-s2-t2" name="TC2" line="9">
<kw name="Open Browser" library="SeleniumLibrary">
<arg>http://robotframework.org/</arg>
<arg>chrome</arg>
<doc>Opens a new browser instance to the optional ``url``.</doc>
<msg timestamp="20230223 22:37:21.060" level="INFO">Opening browser 'chrome' to base url 'http://robotframework.org/'.</msg>
<status status="PASS" starttime="20230223 22:37:21.059" endtime="20230223 22:37:28.037"/>
</kw>
<kw name="Close Browser" library="SeleniumLibrary">
<doc>Closes the current browser.</doc>
<status status="PASS" starttime="20230223 22:37:28.038" endtime="20230223 22:37:28.180"/>
</kw>
<kw name="Log To Console" library="BuiltIn">
<arg>Complete Successfully - ie</arg>
<doc>Logs the given message to the console.</doc>
<status status="PASS" starttime="20230223 22:37:28.180" endtime="20230223 22:37:28.181"/>
</kw>
<status status="PASS" starttime="20230223 22:37:21.058" endtime="20230223 22:37:28.182"/>
</test>
<test id="s1-s2-t3" name="TC3" line="14">
<kw name="Open Browser" library="SeleniumLibrary">
<arg>http://robotframework.org/</arg>
<arg>ff</arg>
<doc>Opens a new browser instance to the optional ``url``.</doc>
<msg timestamp="20230223 22:37:28.185" level="INFO">Opening browser 'ff' to base url 'http://robotframework.org/'.</msg>
<msg timestamp="20230223 22:37:28.186" level="INFO">Firefox driver log is always forced to to: /home/henry/robot/day1/10/geckodriver-3.log</msg>
<status status="PASS" starttime="20230223 22:37:28.184" endtime="20230223 22:37:40.948"/>
</kw>
<kw name="Close Browser" library="SeleniumLibrary">
<doc>Closes the current browser.</doc>
<status status="PASS" starttime="20230223 22:37:40.948" endtime="20230223 22:37:42.817"/>
</kw>
<kw name="Log To Console" library="BuiltIn">
<arg>Complete Successfully - ie</arg>
<doc>Logs the given message to the console.</doc>
<status status="PASS" starttime="20230223 22:37:42.818" endtime="20230223 22:37:42.820"/>
</kw>
<status status="PASS" starttime="20230223 22:37:28.183" endtime="20230223 22:37:42.821"/>
</test>
<test id="s1-s2-t4" name="TC4" line="19">
<kw name="Open Browser" library="SeleniumLibrary">
<arg>http://robotframework.org/</arg>
<arg>ff</arg>
<doc>Opens a new browser instance to the optional ``url``.</doc>
<msg timestamp="20230223 22:37:42.827" level="INFO">Opening browser 'ff' to base url 'http://robotframework.org/'.</msg>
<msg timestamp="20230223 22:37:42.828" level="INFO">Firefox driver log is always forced to to: /home/henry/robot/day1/10/geckodriver-4.log</msg>
<status status="PASS" starttime="20230223 22:37:42.826" endtime="20230223 22:37:55.314"/>
</kw>
<kw name="Close Browser" library="SeleniumLibrary">
<doc>Closes the current browser.</doc>
<status status="PASS" starttime="20230223 22:37:55.317" endtime="20230223 22:37:57.276"/>
</kw>
<kw name="Log To Console" library="BuiltIn">
<arg>Complete Successfully - ie</arg>
<doc>Logs the given message to the console.</doc>
<status status="PASS" starttime="20230223 22:37:57.277" endtime="20230223 22:37:57.279"/>
</kw>
<status status="PASS" starttime="20230223 22:37:42.823" endtime="20230223 22:37:57.279"/>
</test>
<status status="PASS" starttime="20230223 22:37:14.906" endtime="20230223 22:37:57.282"/>
</suite>
<suite id="s1-s3" name="13" source="/home/henry/robot/day1/10/13.robot">
<test id="s1-s3-t1" name="구글 검색 - 크롬 브라우저" line="9">
<kw name="크롬 브라우저로 주소 열기">
<arg>${GOOGLE_URL}</arg>
<kw name="주소 열기">
<arg>Chrome</arg>
<arg>${url}</arg>
<kw name="Create Webdriver" library="SeleniumLibrary">
<arg>${browser}</arg>
<doc>Creates an instance of Selenium WebDriver.</doc>
<msg timestamp="20230223 22:37:57.307" level="INFO">Creating an instance of the Chrome WebDriver.</msg>
<status status="PASS" starttime="20230223 22:37:57.306" endtime="20230223 22:37:58.573"/>
</kw>
<kw name="Maximize Browser Window" library="SeleniumLibrary">
<doc>Maximizes current browser window.</doc>
<status status="PASS" starttime="20230223 22:37:58.574" endtime="20230223 22:37:58.697"/>
</kw>
<kw name="Go To" library="SeleniumLibrary">
<arg>${url}</arg>
<doc>Navigates the current browser window to the provided ``url``.</doc>
<msg timestamp="20230223 22:37:58.719" level="INFO">Opening url 'https://www.google.com'</msg>
<status status="PASS" starttime="20230223 22:37:58.697" endtime="20230223 22:38:01.391"/>
</kw>
<kw name="Wait For Condition" library="SeleniumLibrary">
<arg>return !!document.body</arg>
<doc>Waits until ``condition`` is true or ``timeout`` expires.</doc>
<status status="PASS" starttime="20230223 22:38:01.391" endtime="20230223 22:38:01.420"/>
</kw>
<status status="PASS" starttime="20230223 22:37:57.303" endtime="20230223 22:38:01.421"/>
</kw>
<status status="PASS" starttime="20230223 22:37:57.302" endtime="20230223 22:38:01.421"/>
</kw>
<kw name="검색어 입력">
<arg>Github</arg>
<kw name="Input Text" library="SeleniumLibrary">
<arg>xpath://input[@name="q"]</arg>
<arg>${keyword}</arg>
<doc>Types the given ``text`` into the text field identified by ``locator``.</doc>
<msg timestamp="20230223 22:38:01.425" level="INFO">Typing text 'Github' into text field 'xpath://input[@name="q"]'.</msg>
<status status="PASS" starttime="20230223 22:38:01.423" endtime="20230223 22:38:01.653"/>
</kw>
<status status="PASS" starttime="20230223 22:38:01.422" endtime="20230223 22:38:01.654"/>
</kw>
<kw name="검색 버튼 클릭">
<kw name="Wait Until Element Is Visible" library="SeleniumLibrary">
<arg>xpath://input[@value="Google 검색"]</arg>
<doc>Waits until the element ``locator`` is visible.</doc>
<status status="PASS" starttime="20230223 22:38:01.656" endtime="20230223 22:38:01.972"/>
</kw>
<kw name="Click Element" library="SeleniumLibrary">
<arg>xpath://input[@value="Google 검색"]</arg>
<doc>Click the element identified by ``locator``.</doc>
<msg timestamp="20230223 22:38:01.973" level="INFO">Clicking element 'xpath://input[@value="Google 검색"]'.</msg>
<status status="PASS" starttime="20230223 22:38:01.973" endtime="20230223 22:38:05.393"/>
</kw>
<status status="PASS" starttime="20230223 22:38:01.655" endtime="20230223 22:38:05.393"/>
</kw>
<kw name="Wait Until Element Is Visible" library="SeleniumLibrary">
<arg>css:div#rso</arg>
<doc>Waits until the element ``locator`` is visible.</doc>
<status status="PASS" starttime="20230223 22:38:05.394" endtime="20230223 22:38:05.433"/>
</kw>
<kw name="Page Should Contain Element" library="SeleniumLibrary">
<arg>xpath://div[@class='main']</arg>
<arg>"https://github.com/"</arg>
<doc>Verifies that element ``locator`` is found on the current page.</doc>
<msg timestamp="20230223 22:38:05.464" level="INFO">Current page contains element 'xpath://div[@class='main']'.</msg>
<status status="PASS" starttime="20230223 22:38:05.434" endtime="20230223 22:38:05.464"/>
</kw>
<status status="PASS" starttime="20230223 22:37:57.297" endtime="20230223 22:38:05.464"/>
</test>
<test id="s1-s3-t2" name="구글 검색 - 파이어폭스 브라우저" line="17">
<kw name="파이어폭스 브라우저로 주소 열기">
<arg>${GOOGLE_URL}</arg>
<kw name="주소 열기">
<arg>Firefox</arg>
<arg>${url}</arg>
<kw name="Create Webdriver" library="SeleniumLibrary">
<arg>${browser}</arg>
<doc>Creates an instance of Selenium WebDriver.</doc>
<msg timestamp="20230223 22:38:05.471" level="INFO">Creating an instance of the Firefox WebDriver.</msg>
<status status="PASS" starttime="20230223 22:38:05.470" endtime="20230223 22:38:10.255"/>
</kw>
<kw name="Maximize Browser Window" library="SeleniumLibrary">
<doc>Maximizes current browser window.</doc>
<status status="PASS" starttime="20230223 22:38:10.256" endtime="20230223 22:38:10.552"/>
</kw>
<kw name="Go To" library="SeleniumLibrary">
<arg>${url}</arg>
<doc>Navigates the current browser window to the provided ``url``.</doc>
<msg timestamp="20230223 22:38:10.554" level="INFO">Opening url 'https://www.google.com'</msg>
<status status="PASS" starttime="20230223 22:38:10.553" endtime="20230223 22:38:13.537"/>
</kw>
<kw name="Wait For Condition" library="SeleniumLibrary">
<arg>return !!document.body</arg>
<doc>Waits until ``condition`` is true or ``timeout`` expires.</doc>
<status status="PASS" starttime="20230223 22:38:13.537" endtime="20230223 22:38:13.629"/>
</kw>
<status status="PASS" starttime="20230223 22:38:05.469" endtime="20230223 22:38:13.630"/>
</kw>
<status status="PASS" starttime="20230223 22:38:05.468" endtime="20230223 22:38:13.630"/>
</kw>
<kw name="검색어 입력">
<arg>Github</arg>
<kw name="Input Text" library="SeleniumLibrary">
<arg>xpath://input[@name="q"]</arg>
<arg>${keyword}</arg>
<doc>Types the given ``text`` into the text field identified by ``locator``.</doc>
<msg timestamp="20230223 22:38:13.632" level="INFO">Typing text 'Github' into text field 'xpath://input[@name="q"]'.</msg>
<status status="PASS" starttime="20230223 22:38:13.631" endtime="20230223 22:38:13.824"/>
</kw>
<status status="PASS" starttime="20230223 22:38:13.630" endtime="20230223 22:38:13.824"/>
</kw>
<kw name="검색 버튼 클릭">
<kw name="Wait Until Element Is Visible" library="SeleniumLibrary">
<arg>xpath://input[@value="Google 검색"]</arg>
<doc>Waits until the element ``locator`` is visible.</doc>
<status status="PASS" starttime="20230223 22:38:13.826" endtime="20230223 22:38:14.108"/>
</kw>
<kw name="Click Element" library="SeleniumLibrary">
<arg>xpath://input[@value="Google 검색"]</arg>
<doc>Click the element identified by ``locator``.</doc>
<msg timestamp="20230223 22:38:14.111" level="INFO">Clicking element 'xpath://input[@value="Google 검색"]'.</msg>
<status status="PASS" starttime="20230223 22:38:14.110" endtime="20230223 22:38:16.780"/>
</kw>
<status status="PASS" starttime="20230223 22:38:13.825" endtime="20230223 22:38:16.781"/>
</kw>
<kw name="Wait Until Element Is Visible" library="SeleniumLibrary">
<arg>css:div#rso</arg>
<doc>Waits until the element ``locator`` is visible.</doc>
<status status="PASS" starttime="20230223 22:38:16.782" endtime="20230223 22:38:16.850"/>
</kw>
<kw name="Page Should Contain Element" library="SeleniumLibrary">
<arg>xpath://div[@class='main']</arg>
<arg>"https://github.com/"</arg>
<doc>Verifies that element ``locator`` is found on the current page.</doc>
<msg timestamp="20230223 22:38:16.871" level="INFO">Current page contains element 'xpath://div[@class='main']'.</msg>
<status status="PASS" starttime="20230223 22:38:16.850" endtime="20230223 22:38:16.872"/>
</kw>
<status status="PASS" starttime="20230223 22:38:05.466" endtime="20230223 22:38:16.872"/>
</test>
<doc>구글 검색 테스트</doc>
<status status="PASS" starttime="20230223 22:37:57.286" endtime="20230223 22:38:16.878"/>
</suite>
<suite id="s1-s4" name="14" source="/home/henry/robot/day1/10/14.robot">
<test id="s1-s4-t1" name="TC1.1" line="5">
<kw name="Open Browser" library="SeleniumLibrary">
<arg>https://www.naver.com</arg>
<arg>chrome</arg>
<doc>Opens a new browser instance to the optional ``url``.</doc>
<msg timestamp="20230223 22:38:16.898" level="INFO">Opening browser 'chrome' to base url 'https://www.naver.com'.</msg>
<status status="PASS" starttime="20230223 22:38:16.894" endtime="20230223 22:38:21.457"/>
</kw>
<kw name="Close Browser" library="SeleniumLibrary">
<doc>Closes the current browser.</doc>
<status status="PASS" starttime="20230223 22:38:21.457" endtime="20230223 22:38:21.535"/>
</kw>
<status status="PASS" starttime="20230223 22:38:16.893" endtime="20230223 22:38:21.536"/>
</test>
<test id="s1-s4-t2" name="TC1.2" line="9">
<kw name="Open Browser" library="SeleniumLibrary">
<arg>https://www.naver.com</arg>
<arg>ff</arg>
<doc>Opens a new browser instance to the optional ``url``.</doc>
<msg timestamp="20230223 22:38:21.538" level="INFO">Opening browser 'ff' to base url 'https://www.naver.com'.</msg>
<msg timestamp="20230223 22:38:21.539" level="INFO">Firefox driver log is always forced to to: /home/henry/robot/day1/10/geckodriver-5.log</msg>
<status status="PASS" starttime="20230223 22:38:21.537" endtime="20230223 22:38:28.543"/>
</kw>
<kw name="Close Browser" library="SeleniumLibrary">
<doc>Closes the current browser.</doc>
<status status="PASS" starttime="20230223 22:38:28.549" endtime="20230223 22:38:30.090"/>
</kw>
<status status="PASS" starttime="20230223 22:38:21.537" endtime="20230223 22:38:30.091"/>
</test>
<test id="s1-s4-t3" name="TC1.3" line="13">
<kw name="Open Browser" library="SeleniumLibrary">
<arg>https://www.naver.com</arg>
<arg>chrome</arg>
<doc>Opens a new browser instance to the optional ``url``.</doc>
<msg timestamp="20230223 22:38:30.099" level="INFO">Opening browser 'chrome' to base url 'https://www.naver.com'.</msg>
<status status="PASS" starttime="20230223 22:38:30.096" endtime="20230223 22:38:34.027"/>
</kw>
<kw name="Go To" library="SeleniumLibrary">
<arg>https://news.naver.com</arg>
<doc>Navigates the current browser window to the provided ``url``.</doc>
<msg timestamp="20230223 22:38:34.029" level="INFO">Opening url 'https://news.naver.com'</msg>
<status status="PASS" starttime="20230223 22:38:34.028" endtime="20230223 22:38:36.184"/>
</kw>
<kw name="Go To" library="SeleniumLibrary">
<arg>https://stock.naver.com</arg>
<doc>Navigates the current browser window to the provided ``url``.</doc>
<msg timestamp="20230223 22:38:36.185" level="INFO">Opening url 'https://stock.naver.com'</msg>
<status status="PASS" starttime="20230223 22:38:36.184" endtime="20230223 22:38:37.500"/>
</kw>
<kw name="Go To" library="SeleniumLibrary">
<arg>https://sports.naver.com</arg>
<doc>Navigates the current browser window to the provided ``url``.</doc>
<msg timestamp="20230223 22:38:37.501" level="INFO">Opening url 'https://sports.naver.com'</msg>
<status status="PASS" starttime="20230223 22:38:37.501" endtime="20230223 22:38:40.448"/>
</kw>
<kw name="Go To" library="SeleniumLibrary">
<arg>https://car.naver.com</arg>
<doc>Navigates the current browser window to the provided ``url``.</doc>
<msg timestamp="20230223 22:38:40.450" level="INFO">Opening url 'https://car.naver.com'</msg>
<msg timestamp="20230223 22:38:41.615" level="INFO" html="true">&lt;/td&gt;&lt;/tr&gt;&lt;tr&gt;&lt;td colspan="3"&gt;&lt;a href="selenium-screenshot-1.png"&gt;&lt;img src="selenium-screenshot-1.png" width="800px"&gt;&lt;/a&gt;</msg>
<msg timestamp="20230223 22:38:41.615" level="FAIL">WebDriverException: Message: unknown error: net::ERR_NAME_NOT_RESOLVED
  (Session info: chrome=110.0.5481.77)
Stacktrace:
#0 0x56052513ad93 &lt;unknown&gt;
#1 0x560524f092d7 &lt;unknown&gt;
#2 0x560524f0115d &lt;unknown&gt;
#3 0x560524ef4182 &lt;unknown&gt;
#4 0x560524ef58cb &lt;unknown&gt;
#5 0x560524ef457f &lt;unknown&gt;
#6 0x560524ef35bb &lt;unknown&gt;
#7 0x560524ef3404 &lt;unknown&gt;
#8 0x560524ef1ee2 &lt;unknown&gt;
#9 0x560524ef250d &lt;unknown&gt;
#10 0x560524f0b158 &lt;unknown&gt;
#11 0x560524f81cc5 &lt;unknown&gt;
#12 0x560524f695f2 &lt;unknown&gt;
#13 0x560524f81619 &lt;unknown&gt;
#14 0x560524f69353 &lt;unknown&gt;
#15 0x560524f38e40 &lt;unknown&gt;
#16 0x560524f3a038 &lt;unknown&gt;
#17 0x56052518e8be &lt;unknown&gt;
#18 0x5605251928f0 &lt;unknown&gt;
#19 0x560525172f90 &lt;unknown&gt;
#20 0x560525193b7d &lt;unknown&gt;
#21 0x560525164578 &lt;unknown&gt;
#22 0x5605251b8348 &lt;unknown&gt;
#23 0x5605251b84d6 &lt;unknown&gt;
#24 0x5605251d2341 &lt;unknown&gt;
#25 0x7f85efc6a609 start_thread
</msg>
<status status="FAIL" starttime="20230223 22:38:40.449" endtime="20230223 22:38:41.623"/>
</kw>
<status status="FAIL" starttime="20230223 22:38:30.092" endtime="20230223 22:38:41.624">WebDriverException: Message: unknown error: net::ERR_NAME_NOT_RESOLVED
  (Session info: chrome=110.0.5481.77)
Stacktrace:
#0 0x56052513ad93 &lt;unknown&gt;
#1 0x560524f092d7 &lt;unknown&gt;
#2 0x560524f0115d &lt;unknown&gt;
#3 0x560524ef4182 &lt;unknown&gt;
#4 0x560524ef58cb &lt;unknown&gt;
#5 0x560524ef457f &lt;unknown&gt;
#6 0x560524ef35bb &lt;unknown&gt;
#7 0x560524ef3404 &lt;unknown&gt;
#8 0x560524ef1ee2 &lt;unknown&gt;
#9 0x560524ef250d &lt;unknown&gt;
#10 0x560524f0b158 &lt;unknown&gt;
#11 0x560524f81cc5 &lt;unknown&gt;
#12 0x560524f695f2 &lt;unknown&gt;
#13 0x560524f81619 &lt;unknown&gt;
#14 0x560524f69353 &lt;unknown&gt;
#15 0x560524f38e40 &lt;unknown&gt;
#16 0x560524f3a038 &lt;unknown&gt;
#17 0x56052518e8be &lt;unknown&gt;
#18 0x5605251928f0 &lt;unknown&gt;
#19 0x560525172f90 &lt;unknown&gt;
#20 0x560525193b7d &lt;unknown&gt;
#21 0x560525164578 &lt;unknown&gt;
#22 0x5605251b8348 &lt;unknown&gt;
#23 0x5605251b84d6 &lt;unknown&gt;
#24 0x5605251d2341 &lt;unknown&gt;
#25 0x7f85efc6a609 start_thread
</status>
</test>
<status status="FAIL" starttime="20230223 22:38:16.884" endtime="20230223 22:38:41.626"/>
</suite>
<status status="FAIL" starttime="20230223 22:35:56.524" endtime="20230223 22:38:41.631"/>
</suite>
<statistics>
<total>
<stat pass="13" fail="1" skip="0">All Tests</stat>
</total>
<tag>
</tag>
<suite>
<stat pass="13" fail="1" skip="0" id="s1" name="11 &amp; 12 &amp; 13 &amp; 14">11 &amp; 12 &amp; 13 &amp; 14</stat>
<stat pass="5" fail="0" skip="0" id="s1-s1" name="11">11 &amp; 12 &amp; 13 &amp; 14.11</stat>
<stat pass="4" fail="0" skip="0" id="s1-s2" name="12">11 &amp; 12 &amp; 13 &amp; 14.12</stat>
<stat pass="2" fail="0" skip="0" id="s1-s3" name="13">11 &amp; 12 &amp; 13 &amp; 14.13</stat>
<stat pass="2" fail="1" skip="0" id="s1-s4" name="14">11 &amp; 12 &amp; 13 &amp; 14.14</stat>
</suite>
</statistics>
<errors>
</errors>
</robot>
